Scanning dependencies of target XrdVersion.hh
[  0%] Built target XrdVersion.hh
Scanning dependencies of target XrdUtils
[  0%] Building CXX object src/CMakeFiles/XrdUtils.dir/XProtocol/XProtocol.cc.o
[  0%] Building CXX object src/CMakeFiles/XrdUtils.dir/XrdSys/XrdSysDNS.cc.o
[  1%] Building CXX object src/CMakeFiles/XrdUtils.dir/XrdSys/XrdSysDir.cc.o
[  1%] Building CXX object src/CMakeFiles/XrdUtils.dir/XrdSys/XrdSysError.cc.o
[  1%] Building CXX object src/CMakeFiles/XrdUtils.dir/XrdSys/XrdSysFAttr.cc.o
[  1%] Building CXX object src/CMakeFiles/XrdUtils.dir/XrdSys/XrdSysFallocate.cc.o
[  1%] Building CXX object src/CMakeFiles/XrdUtils.dir/XrdSys/XrdSysIOEvents.cc.o
[  1%] Building CXX object src/CMakeFiles/XrdUtils.dir/XrdSys/XrdSysLogger.cc.o
[  2%] Building CXX object src/CMakeFiles/XrdUtils.dir/XrdSys/XrdSysLogging.cc.o
[  2%] Building CXX object src/CMakeFiles/XrdUtils.dir/XrdSys/XrdSysPlatform.cc.o
[  2%] Building CXX object src/CMakeFiles/XrdUtils.dir/XrdSys/XrdSysPlugin.cc.o
[  2%] Building CXX object src/CMakeFiles/XrdUtils.dir/XrdSys/XrdSysPriv.cc.o
[  2%] Building CXX object src/CMakeFiles/XrdUtils.dir/XrdSys/XrdSysPthread.cc.o
[  3%] Building CXX object src/CMakeFiles/XrdUtils.dir/XrdSys/XrdSysTimer.cc.o
[  3%] Building CXX object src/CMakeFiles/XrdUtils.dir/XrdSys/XrdSysTrace.cc.o
[  3%] Building CXX object src/CMakeFiles/XrdUtils.dir/XrdSys/XrdSysUtils.cc.o
[  3%] Building CXX object src/CMakeFiles/XrdUtils.dir/XrdSys/XrdSysXAttr.cc.o
[  3%] Building CXX object src/CMakeFiles/XrdUtils.dir/XrdSys/XrdSysXSLock.cc.o
[  3%] Building CXX object src/CMakeFiles/XrdUtils.dir/XrdOuc/XrdOuca2x.cc.o
[  4%] Building CXX object src/CMakeFiles/XrdUtils.dir/XrdOuc/XrdOucArgs.cc.o
[  4%] Building CXX object src/CMakeFiles/XrdUtils.dir/XrdOuc/XrdOucBackTrace.cc.o
[  4%] Building CXX object src/CMakeFiles/XrdUtils.dir/XrdOuc/XrdOucBuffer.cc.o
Scanning dependencies of target XrdCnsLib
[  5%] Building CXX object src/CMakeFiles/XrdCnsLib.dir/XrdCns/XrdCnsLog.cc.o
[  5%] Building CXX object src/CMakeFiles/XrdUtils.dir/XrdOuc/XrdOucCacheData.cc.o
[  5%] Building CXX object src/CMakeFiles/XrdCnsLib.dir/XrdCns/XrdCnsLogRec.cc.o
[  5%] Building CXX object src/CMakeFiles/XrdCnsLib.dir/XrdCns/XrdCnsXref.cc.o
[  5%] Building CXX object src/CMakeFiles/XrdUtils.dir/XrdOuc/XrdOucCacheDram.cc.o
[  6%] Building CXX object src/CMakeFiles/XrdUtils.dir/XrdOuc/XrdOucCacheReal.cc.o
[  6%] Linking CXX static library libXrdCnsLib.a
[  6%] Built target XrdCnsLib
[  6%] Building CXX object src/CMakeFiles/XrdUtils.dir/XrdOuc/XrdOucCallBack.cc.o
[  6%] Building CXX object src/CMakeFiles/XrdUtils.dir/XrdOuc/XrdOucCRC.cc.o
[  6%] Building CXX object src/CMakeFiles/XrdUtils.dir/XrdOuc/XrdOucEnv.cc.o
[  6%] Building CXX object src/CMakeFiles/XrdUtils.dir/XrdOuc/XrdOucERoute.cc.o
[  7%] Building CXX object src/CMakeFiles/XrdUtils.dir/XrdOuc/XrdOucExport.cc.o
[  7%] Building CXX object src/CMakeFiles/XrdUtils.dir/XrdOuc/XrdOucFileInfo.cc.o
[  7%] Building CXX object src/CMakeFiles/XrdUtils.dir/XrdOuc/XrdOucGMap.cc.o
[  7%] Building CXX object src/CMakeFiles/XrdUtils.dir/XrdOuc/XrdOucHashVal.cc.o
[  7%] Building CXX object src/CMakeFiles/XrdUtils.dir/XrdOuc/XrdOucLogging.cc.o
[  7%] Building CXX object src/CMakeFiles/XrdUtils.dir/XrdOuc/XrdOucMsubs.cc.o
[  8%] Building CXX object src/CMakeFiles/XrdUtils.dir/XrdOuc/XrdOucName2Name.cc.o
[  8%] Building CXX object src/CMakeFiles/XrdUtils.dir/XrdOuc/XrdOucN2NLoader.cc.o
[  8%] Building CXX object src/CMakeFiles/XrdUtils.dir/XrdOuc/XrdOucNList.cc.o
[  8%] Building CXX object src/CMakeFiles/XrdUtils.dir/XrdOuc/XrdOucNSWalk.cc.o
[  8%] Building CXX object src/CMakeFiles/XrdUtils.dir/XrdOuc/XrdOucPinLoader.cc.o
[  9%] Building CXX object src/CMakeFiles/XrdUtils.dir/XrdOuc/XrdOucPinPath.cc.o
[  9%] Building CXX object src/CMakeFiles/XrdUtils.dir/XrdOuc/XrdOucPreload.cc.o
[  9%] Building CXX object src/CMakeFiles/XrdUtils.dir/XrdOuc/XrdOucProg.cc.o
[  9%] Building CXX object src/CMakeFiles/XrdUtils.dir/XrdOuc/XrdOucPsx.cc.o
[  9%] Building CXX object src/CMakeFiles/XrdUtils.dir/XrdOuc/XrdOucPup.cc.o
[ 10%] Building CXX object src/CMakeFiles/XrdUtils.dir/XrdOuc/XrdOucReqID.cc.o
[ 10%] Building CXX object src/CMakeFiles/XrdUtils.dir/XrdOuc/XrdOucSid.cc.o
[ 10%] Building CXX object src/CMakeFiles/XrdUtils.dir/XrdOuc/XrdOucSiteName.cc.o
Scanning dependencies of target XrdSsiShMap
[ 10%] Building CXX object src/CMakeFiles/XrdSsiShMap.dir/XrdSsi/XrdSsiShMam.cc.o
Scanning dependencies of target XrdFrm
[ 10%] Building CXX object src/CMakeFiles/XrdFrm.dir/XrdFrm/XrdFrmConfig.cc.o
[ 10%] Building CXX object src/CMakeFiles/XrdUtils.dir/XrdOuc/XrdOucStream.cc.o
[ 10%] Building CXX object src/CMakeFiles/XrdUtils.dir/XrdOuc/XrdOucString.cc.o
[ 10%] Building CXX object src/CMakeFiles/XrdUtils.dir/XrdOuc/XrdOucSxeq.cc.o
[ 11%] Building CXX object src/CMakeFiles/XrdUtils.dir/XrdOuc/XrdOucTokenizer.cc.o
[ 11%] Building CXX object src/CMakeFiles/XrdFrm.dir/XrdFrm/XrdFrmFiles.cc.o
[ 11%] Building CXX object src/CMakeFiles/XrdFrm.dir/XrdFrm/XrdFrmMonitor.cc.o
[ 11%] Building CXX object src/CMakeFiles/XrdUtils.dir/XrdOuc/XrdOucTPC.cc.o
[ 11%] Building CXX object src/CMakeFiles/XrdUtils.dir/XrdOuc/XrdOucTrace.cc.o
[ 11%] Building CXX object src/CMakeFiles/XrdUtils.dir/XrdOuc/XrdOucUtils.cc.o
[ 12%] Building CXX object src/CMakeFiles/XrdSsiShMap.dir/XrdSsi/XrdSsiShMat.cc.o
[ 12%] Building CXX object src/CMakeFiles/XrdUtils.dir/XrdOuc/XrdOucVerName.cc.o
[ 13%] Building CXX object src/CMakeFiles/XrdUtils.dir/XrdNet/XrdNet.cc.o
[ 13%] Linking CXX shared library libXrdSsiShMap.so
[ 13%] Built target XrdSsiShMap
[ 13%] Building CXX object src/CMakeFiles/XrdUtils.dir/XrdNet/XrdNetAddr.cc.o
[ 13%] Building CXX object src/CMakeFiles/XrdUtils.dir/XrdNet/XrdNetAddrInfo.cc.o
[ 13%] Building CXX object src/CMakeFiles/XrdUtils.dir/XrdNet/XrdNetBuffer.cc.o
[ 13%] Building CXX object src/CMakeFiles/XrdUtils.dir/XrdNet/XrdNetCache.cc.o
[ 13%] Building CXX object src/CMakeFiles/XrdUtils.dir/XrdNet/XrdNetCmsNotify.cc.o
[ 13%] Building CXX object src/CMakeFiles/XrdFrm.dir/XrdFrm/XrdFrmTSort.cc.o
[ 14%] Building CXX object src/CMakeFiles/XrdUtils.dir/XrdNet/XrdNetConnect.cc.o
[ 14%] Building CXX object src/CMakeFiles/XrdUtils.dir/XrdNet/XrdNetIF.cc.o
[ 14%] Building CXX object src/CMakeFiles/XrdUtils.dir/XrdNet/XrdNetMsg.cc.o
[ 15%] Building CXX object src/CMakeFiles/XrdFrm.dir/XrdFrm/XrdFrmCns.cc.o
[ 15%] Building CXX object src/CMakeFiles/XrdFrm.dir/XrdFrm/XrdFrmMigrate.cc.o
[ 15%] Building CXX object src/CMakeFiles/XrdUtils.dir/XrdNet/XrdNetSecurity.cc.o
[ 15%] Building CXX object src/CMakeFiles/XrdFrm.dir/XrdFrm/XrdFrmReqBoss.cc.o
[ 15%] Building CXX object src/CMakeFiles/XrdFrm.dir/XrdFrm/XrdFrmTransfer.cc.o
[ 15%] Building CXX object src/CMakeFiles/XrdUtils.dir/XrdNet/XrdNetSocket.cc.o
[ 16%] Building CXX object src/CMakeFiles/XrdUtils.dir/XrdNet/XrdNetUtils.cc.o
[ 16%] Building CXX object src/CMakeFiles/XrdFrm.dir/XrdFrm/XrdFrmXfrAgent.cc.o
[ 16%] Building CXX object src/CMakeFiles/XrdUtils.dir/XrdSut/XrdSutAux.cc.o
[ 16%] Building CXX object src/CMakeFiles/XrdUtils.dir/XrdSut/XrdSutPFCache.cc.o
[ 17%] Building CXX object src/CMakeFiles/XrdFrm.dir/XrdFrm/XrdFrmXfrDaemon.cc.o
[ 17%] Building CXX object src/CMakeFiles/XrdFrm.dir/XrdFrm/XrdFrmXfrQueue.cc.o
[ 17%] Building CXX object src/CMakeFiles/XrdUtils.dir/XrdSut/XrdSutBucket.cc.o
[ 17%] Building CXX object src/CMakeFiles/XrdUtils.dir/XrdSut/XrdSutBuckList.cc.o
[ 17%] Linking CXX static library libXrdFrm.a
[ 17%] Built target XrdFrm
[ 18%] Building CXX object src/CMakeFiles/XrdUtils.dir/XrdSut/XrdSutBuffer.cc.o
[ 18%] Building CXX object src/CMakeFiles/XrdUtils.dir/XrdSut/XrdSutPFile.cc.o
[ 18%] Building CXX object src/CMakeFiles/XrdUtils.dir/XrdSut/XrdSutCacheEntry.cc.o
[ 18%] Building CXX object src/CMakeFiles/XrdUtils.dir/XrdSut/XrdSutPFEntry.cc.o
[ 18%] Building CXX object src/CMakeFiles/XrdUtils.dir/XrdSut/XrdSutRndm.cc.o
[ 18%] Building CXX object src/CMakeFiles/XrdUtils.dir/Xrd/XrdBuffer.cc.o
[ 19%] Building CXX object src/CMakeFiles/XrdUtils.dir/Xrd/XrdBuffXL.cc.o
[ 19%] Building CXX object src/CMakeFiles/XrdUtils.dir/Xrd/XrdInet.cc.o
[ 19%] Building CXX object src/CMakeFiles/XrdUtils.dir/Xrd/XrdInfo.cc.o
[ 19%] Building CXX object src/CMakeFiles/XrdUtils.dir/Xrd/XrdLink.cc.o
[ 19%] Building CXX object src/CMakeFiles/XrdUtils.dir/Xrd/XrdLinkMatch.cc.o
[ 20%] Building CXX object src/CMakeFiles/XrdUtils.dir/Xrd/XrdPoll.cc.o
[ 20%] Building CXX object src/CMakeFiles/XrdUtils.dir/Xrd/XrdProtocol.cc.o
[ 20%] Building CXX object src/CMakeFiles/XrdUtils.dir/Xrd/XrdScheduler.cc.o
[ 20%] Building CXX object src/CMakeFiles/XrdUtils.dir/Xrd/XrdSendQ.cc.o
[ 20%] Building CXX object src/CMakeFiles/XrdUtils.dir/XrdCks/XrdCksAssist.cc.o
[ 20%] Building CXX object src/CMakeFiles/XrdUtils.dir/XrdCks/XrdCksCalccrc32.cc.o
[ 21%] Building CXX object src/CMakeFiles/XrdUtils.dir/XrdCks/XrdCksCalcmd5.cc.o
[ 21%] Building CXX object src/CMakeFiles/XrdUtils.dir/XrdCks/XrdCksConfig.cc.o
[ 21%] Building CXX object src/CMakeFiles/XrdUtils.dir/XrdCks/XrdCksLoader.cc.o
[ 21%] Building CXX object src/CMakeFiles/XrdUtils.dir/XrdCks/XrdCksManager.cc.o
[ 21%] Building CXX object src/CMakeFiles/XrdUtils.dir/XrdCks/XrdCksManOss.cc.o
[ 22%] Building CXX object src/CMakeFiles/XrdUtils.dir/XrdSec/XrdSecLoadSecurity.cc.o
[ 22%] Building CXX object src/CMakeFiles/XrdUtils.dir/XrdSecsss/XrdSecsssID.cc.o
[ 22%] Building CXX object src/CMakeFiles/XrdUtils.dir/XrdSecsss/XrdSecsssKT.cc.o
[ 22%] Linking CXX shared library libXrdUtils.so
[ 22%] Built target XrdUtils
Scanning dependencies of target XrdXml
[ 22%] Building CXX object src/CMakeFiles/XrdXml.dir/XrdXml/tinystr.cpp.o
[ 23%] Building CXX object src/CMakeFiles/XrdXml.dir/XrdXml/tinyxml.cpp.o
[ 23%] Building CXX object src/CMakeFiles/XrdXml.dir/XrdXml/tinyxmlerror.cpp.o
[ 23%] Building CXX object src/CMakeFiles/XrdXml.dir/XrdXml/tinyxmlparser.cpp.o
[ 23%] Building CXX object src/CMakeFiles/XrdXml.dir/XrdXml/XrdXmlMetaLink.cc.o
[ 23%] Building CXX object src/CMakeFiles/XrdXml.dir/XrdXml/XrdXmlRdrTiny.cc.o
[ 23%] Building CXX object src/CMakeFiles/XrdXml.dir/XrdXml/XrdXmlReader.cc.o
[ 24%] Building CXX object src/CMakeFiles/XrdXml.dir/XrdXml/XrdXmlRdrXml2.cc.o
[ 24%] Linking CXX shared library libXrdXml.so
[ 24%] Built target XrdXml
Scanning dependencies of target XrdServer
[ 24%] Building CXX object src/CMakeFiles/XrdServer.dir/XrdXrootd/XrdXrootdAdmin.cc.o
[ 24%] Building CXX object src/CMakeFiles/XrdServer.dir/XrdXrootd/XrdXrootdAio.cc.o
[ 25%] Building CXX object src/CMakeFiles/XrdServer.dir/XrdXrootd/XrdXrootdBridge.cc.o
[ 25%] Building CXX object src/CMakeFiles/XrdServer.dir/XrdXrootd/XrdXrootdCallBack.cc.o
[ 25%] Building CXX object src/CMakeFiles/XrdServer.dir/XrdXrootd/XrdXrootdConfig.cc.o
[ 25%] Building CXX object src/CMakeFiles/XrdServer.dir/XrdXrootd/XrdXrootdFile.cc.o
[ 25%] Building CXX object src/CMakeFiles/XrdServer.dir/XrdXrootd/XrdXrootdFileLock1.cc.o
Scanning dependencies of target cns_ssi
[ 25%] Building CXX object src/CMakeFiles/cns_ssi.dir/XrdCns/XrdCnsSsi.cc.o
[ 26%] Building CXX object src/CMakeFiles/XrdServer.dir/XrdXrootd/XrdXrootdJob.cc.o
[ 26%] Building CXX object src/CMakeFiles/XrdServer.dir/XrdXrootd/XrdXrootdLoadLib.cc.o
[ 26%] Building CXX object src/CMakeFiles/XrdServer.dir/XrdXrootd/XrdXrootdMonFile.cc.o
Scanning dependencies of target XrdCrypto
[ 26%] Building CXX object src/CMakeFiles/XrdCrypto.dir/XrdCrypto/XrdCryptoAux.cc.o
[ 26%] Building CXX object src/CMakeFiles/cns_ssi.dir/XrdCns/XrdCnsSsiCfg.cc.o
[ 26%] Building CXX object src/CMakeFiles/XrdServer.dir/XrdXrootd/XrdXrootdMonFMap.cc.o
[ 26%] Building CXX object src/CMakeFiles/XrdServer.dir/XrdXrootd/XrdXrootdMonitor.cc.o
[ 26%] Building CXX object src/CMakeFiles/cns_ssi.dir/XrdCns/XrdCnsSsiMain.cc.o
[ 26%] Linking CXX executable cns_ssi
[ 26%] Building CXX object src/CMakeFiles/XrdCrypto.dir/XrdCrypto/XrdCryptoBasic.cc.o
[ 26%] Building CXX object src/CMakeFiles/XrdCrypto.dir/XrdCrypto/XrdCryptoCipher.cc.o
[ 26%] Building CXX object src/CMakeFiles/XrdCrypto.dir/XrdCrypto/XrdCryptoFactory.cc.o
[ 26%] Built target cns_ssi
[ 27%] Building CXX object src/CMakeFiles/XrdCrypto.dir/XrdCrypto/XrdCryptoMsgDigest.cc.o
[ 27%] Building CXX object src/CMakeFiles/XrdCrypto.dir/XrdCrypto/XrdCryptoRSA.cc.o
[ 27%] Building CXX object src/CMakeFiles/XrdServer.dir/XrdXrootd/XrdXrootdPio.cc.o
Scanning dependencies of target XrdBlacklistDecision-4
[ 27%] Building CXX object src/CMakeFiles/XrdBlacklistDecision-4.dir/XrdFileCache/XrdFileCacheBlacklistDecision.cc.o
Scanning dependencies of target XrdSecgsiAUTHZVO-4
[ 28%] Building CXX object src/CMakeFiles/XrdServer.dir/XrdXrootd/XrdXrootdPrepare.cc.o
[ 28%] Building CXX object src/CMakeFiles/XrdSecgsiAUTHZVO-4.dir/XrdSecgsi/XrdSecgsiAuthzFunVO.cc.o
[ 28%] Building CXX object src/CMakeFiles/XrdCrypto.dir/XrdCrypto/XrdCryptoX509.cc.o
Scanning dependencies of target XrdCryptoLite
[ 28%] Building CXX object src/CMakeFiles/XrdCryptoLite.dir/XrdCrypto/XrdCryptoLite.cc.o
[ 28%] Building CXX object src/CMakeFiles/XrdServer.dir/XrdXrootd/XrdXrootdProtocol.cc.o
[ 28%] Building CXX object src/CMakeFiles/XrdCrypto.dir/XrdCrypto/XrdCryptoX509Chain.cc.o
[ 29%] Linking CXX shared module libXrdSecgsiAUTHZVO-4.so
[ 29%] Building CXX object src/CMakeFiles/XrdCryptoLite.dir/XrdCrypto/XrdCryptoLite_bf32.cc.o
[ 30%] Linking CXX shared module libXrdBlacklistDecision-4.so
[ 30%] Building CXX object src/CMakeFiles/XrdCrypto.dir/XrdCrypto/XrdCryptoX509Crl.cc.o
[ 30%] Building CXX object src/CMakeFiles/XrdServer.dir/XrdXrootd/XrdXrootdResponse.cc.o
[ 30%] Built target XrdSecgsiAUTHZVO-4
Scanning dependencies of target XrdOssSIgpfsT-4
[ 30%] Building CXX object src/CMakeFiles/XrdOssSIgpfsT-4.dir/XrdOss/XrdOssSIgpfsT.cc.o
[ 30%] Built target XrdBlacklistDecision-4
[ 30%] Building CXX object src/CMakeFiles/XrdServer.dir/XrdXrootd/XrdXrootdStats.cc.o
[ 30%] Building CXX object src/CMakeFiles/XrdServer.dir/XrdXrootd/XrdXrootdTransit.cc.o
[ 30%] Linking CXX shared module libXrdOssSIgpfsT-4.so
[ 31%] Linking CXX shared library libXrdCryptoLite.so
Scanning dependencies of target XrdClient
[ 31%] Built target XrdOssSIgpfsT-4
[ 31%] Building CXX object src/CMakeFiles/XrdClient.dir/XrdClient/XrdClientAbs.cc.o
[ 32%] Building CXX object src/CMakeFiles/XrdClient.dir/XrdClient/XrdClient.cc.o
[ 32%] Building CXX object src/CMakeFiles/XrdClient.dir/XrdClient/XrdClientSock.cc.o
Scanning dependencies of target XrdSecProt-4
[ 32%] Building CXX object src/CMakeFiles/XrdSecProt-4.dir/XrdSec/XrdSecProtect.cc.o
[ 33%] Building CXX object src/CMakeFiles/XrdSecProt-4.dir/XrdSec/XrdSecProtector.cc.o
[ 33%] Built target XrdCryptoLite
[ 34%] Building CXX object src/CMakeFiles/XrdCrypto.dir/XrdCrypto/XrdCryptoX509Req.cc.o
[ 34%] Linking CXX shared module libXrdSecProt-4.so
[ 34%] Built target XrdSecProt-4
[ 35%] Building CXX object src/CMakeFiles/XrdServer.dir/XrdXrootd/XrdXrootdTransPend.cc.o
[ 35%] Building CXX object src/CMakeFiles/XrdCrypto.dir/XrdCrypto/XrdCryptogsiX509Chain.cc.o
[ 35%] Building CXX object src/CMakeFiles/XrdServer.dir/XrdXrootd/XrdXrootdTransSend.cc.o
[ 35%] Building CXX object src/CMakeFiles/XrdServer.dir/XrdXrootd/XrdXrootdXeq.cc.o
[ 35%] Linking CXX shared library libXrdCrypto.so
[ 35%] Built target XrdCrypto
Scanning dependencies of target XrdAppUtils
[ 35%] Building CXX object src/CMakeFiles/XrdAppUtils.dir/XrdApps/XrdCpConfig.cc.o
[ 35%] Building CXX object src/CMakeFiles/XrdServer.dir/XrdXrootd/XrdXrootdXeqAio.cc.o
[ 35%] Building CXX object src/CMakeFiles/XrdAppUtils.dir/XrdApps/XrdCpFile.cc.o
[ 35%] Building CXX object src/CMakeFiles/XrdServer.dir/XrdOfs/XrdOfs.cc.o
[ 35%] Building CXX object src/CMakeFiles/XrdAppUtils.dir/XrdApps/XrdMpxXml.cc.o
[ 35%] Building CXX object src/CMakeFiles/XrdClient.dir/XrdClient/XrdClientPSock.cc.o
Scanning dependencies of target XrdSecunix-4
[ 35%] Building CXX object src/CMakeFiles/XrdSecunix-4.dir/XrdSecunix/XrdSecProtocolunix.cc.o
[ 35%] Linking CXX shared library libXrdAppUtils.so
Scanning dependencies of target xrdpwdadmin
[ 35%] Building CXX object src/CMakeFiles/xrdpwdadmin.dir/XrdSecpwd/XrdSecpwdSrvAdmin.cc.o
Scanning dependencies of target XrdCksCalczcrc32-4
[ 35%] Building CXX object src/CMakeFiles/XrdCksCalczcrc32-4.dir/XrdCks/XrdCksCalczcrc32.cc.o
[ 35%] Linking CXX shared module libXrdSecunix-4.so
[ 35%] Built target XrdAppUtils
Scanning dependencies of target XrdN2No2p-4
[ 35%] Building CXX object src/CMakeFiles/XrdN2No2p-4.dir/XrdOuc/XrdOucN2No2p.cc.o
[ 35%] Linking CXX shared module libXrdCksCalczcrc32-4.so
[ 35%] Built target XrdSecunix-4
Scanning dependencies of target XrdSecgsiGMAPDN-4
[ 35%] Building CXX object src/CMakeFiles/XrdSecgsiGMAPDN-4.dir/XrdSecgsi/XrdSecgsiGMAPFunDN.cc.o
[ 35%] Built target XrdCksCalczcrc32-4
Scanning dependencies of target xrdgsitest
[ 35%] Building CXX object src/CMakeFiles/xrdgsitest.dir/XrdSecgsi/XrdSecgsitest.cc.o
[ 35%] Linking CXX shared module libXrdN2No2p-4.so
[ 35%] Built target XrdN2No2p-4
Scanning dependencies of target XrdSecgsi-4
[ 35%] Building CXX object src/CMakeFiles/XrdSecgsi-4.dir/XrdSecgsi/XrdSecProtocolgsi.cc.o
Scanning dependencies of target xrdgsiproxy
[ 36%] Building CXX object src/CMakeFiles/xrdgsiproxy.dir/XrdSecgsi/XrdSecgsiProxy.cc.o
[ 36%] Linking CXX shared module libXrdSecgsiGMAPDN-4.so
[ 36%] Building CXX object src/CMakeFiles/XrdClient.dir/XrdClient/XrdClientConn.cc.o
[ 36%] Built target XrdSecgsiGMAPDN-4
Scanning dependencies of target XrdSec-4
[ 36%] Building CXX object src/CMakeFiles/XrdSec-4.dir/XrdSec/XrdSecClient.cc.o
[ 36%] Linking CXX executable xrdgsitest
[ 36%] Built target xrdgsitest
Scanning dependencies of target wait41
[ 36%] Building CXX object src/CMakeFiles/wait41.dir/XrdApps/XrdWait41.cc.o
[ 36%] Building CXX object src/CMakeFiles/XrdServer.dir/XrdOfs/XrdOfsFS.cc.o
[ 37%] Building CXX object src/CMakeFiles/XrdServer.dir/XrdOfs/XrdOfsConfig.cc.o
[ 37%] Building CXX object src/CMakeFiles/XrdSec-4.dir/XrdSec/XrdSecPManager.cc.o
[ 38%] Building CXX object src/CMakeFiles/XrdSec-4.dir/XrdSec/XrdSecProtocolhost.cc.o
[ 38%] Building CXX object src/CMakeFiles/XrdSec-4.dir/XrdSec/XrdSecServer.cc.o
[ 38%] Linking CXX executable wait41
[ 38%] Built target wait41
Scanning dependencies of target cconfig
[ 38%] Building CXX object src/CMakeFiles/cconfig.dir/XrdApps/XrdAppsCconfig.cc.o
[ 38%] Building CXX object src/CMakeFiles/XrdSec-4.dir/XrdSec/XrdSecTLayer.cc.o
[ 38%] Linking CXX executable xrdgsiproxy
[ 38%] Built target xrdgsiproxy
[ 39%] Linking CXX executable cconfig
[ 39%] Building CXX object src/CMakeFiles/XrdServer.dir/XrdOfs/XrdOfsConfigPI.cc.o
[ 39%] Built target cconfig
Scanning dependencies of target xrdsssadmin
[ 39%] Linking CXX shared module libXrdSec-4.so
[ 39%] Building CXX object src/CMakeFiles/xrdsssadmin.dir/XrdSecsss/XrdSecsssAdmin.cc.o
[ 39%] Built target XrdSec-4
Scanning dependencies of target XrdCl
[ 39%] Linking CXX executable xrdpwdadmin
[ 39%] Building CXX object src/XrdCl/CMakeFiles/XrdCl.dir/XrdClLog.cc.o
[ 39%] Built target xrdpwdadmin
Scanning dependencies of target XrdSecsss-4
[ 39%] Building CXX object src/CMakeFiles/XrdSecsss-4.dir/XrdSecsss/XrdSecProtocolsss.cc.o
[ 39%] Building CXX object src/CMakeFiles/XrdServer.dir/XrdOfs/XrdOfsEvr.cc.o
[ 39%] Building CXX object src/XrdCl/CMakeFiles/XrdCl.dir/XrdClUtils.cc.o
[ 40%] Building CXX object src/XrdCl/CMakeFiles/XrdCl.dir/XrdClEnv.cc.o
[ 40%] Building CXX object src/CMakeFiles/XrdServer.dir/XrdOfs/XrdOfsEvs.cc.o
[ 40%] Linking CXX executable xrdsssadmin
[ 40%] Built target xrdsssadmin
[ 40%] Building CXX object src/CMakeFiles/XrdServer.dir/XrdOfs/XrdOfsHandle.cc.o
[ 41%] Building CXX object src/CMakeFiles/XrdServer.dir/XrdOfs/XrdOfsPoscq.cc.o
[ 41%] Building CXX object src/CMakeFiles/XrdServer.dir/XrdOfs/XrdOfsStats.cc.o
[ 41%] Building CXX object src/CMakeFiles/XrdServer.dir/XrdOfs/XrdOfsTPC.cc.o
[ 41%] Building CXX object src/CMakeFiles/XrdClient.dir/XrdClient/XrdClientConnMgr.cc.o
[ 42%] Building CXX object src/CMakeFiles/XrdClient.dir/XrdClient/XrdClientDebug.cc.o
[ 42%] Building CXX object src/XrdCl/CMakeFiles/XrdCl.dir/XrdClDefaultEnv.cc.o
[ 42%] Building CXX object src/XrdCl/CMakeFiles/XrdCl.dir/XrdClURL.cc.o
[ 42%] Building CXX object src/CMakeFiles/XrdServer.dir/XrdOfs/XrdOfsTPCAuth.cc.o
[ 43%] Linking CXX shared module libXrdSecsss-4.so
[ 43%] Building CXX object src/CMakeFiles/XrdClient.dir/XrdClient/XrdClientInputBuffer.cc.o
Scanning dependencies of target XrdCryptossl-4
[ 43%] Building CXX object src/CMakeFiles/XrdCryptossl-4.dir/XrdCrypto/XrdCryptosslAux.cc.o
[ 43%] Built target XrdSecsss-4
[ 43%] Building CXX object src/CMakeFiles/XrdCryptossl-4.dir/XrdCrypto/XrdCryptosslgsiAux.cc.o
[ 43%] Building CXX object src/CMakeFiles/XrdCryptossl-4.dir/XrdCrypto/XrdCryptosslCipher.cc.o
[ 43%] Building CXX object src/CMakeFiles/XrdCryptossl-4.dir/XrdCrypto/XrdCryptosslMsgDigest.cc.o
[ 43%] Building CXX object src/CMakeFiles/XrdClient.dir/XrdClient/XrdClientLogConnection.cc.o
[ 43%] Building CXX object src/XrdCl/CMakeFiles/XrdCl.dir/XrdClStatus.cc.o
[ 43%] Building CXX object src/CMakeFiles/XrdServer.dir/XrdOfs/XrdOfsTPCJob.cc.o
[ 43%] Building CXX object src/CMakeFiles/XrdCryptossl-4.dir/XrdCrypto/XrdCryptosslRSA.cc.o
[ 43%] Building CXX object src/CMakeFiles/XrdClient.dir/XrdClient/XrdClientPhyConnection.cc.o
[ 44%] Building CXX object src/CMakeFiles/XrdServer.dir/XrdOfs/XrdOfsTPCInfo.cc.o
[ 45%] Building CXX object src/CMakeFiles/XrdCryptossl-4.dir/XrdCrypto/XrdCryptosslX509.cc.o
[ 45%] Building CXX object src/XrdCl/CMakeFiles/XrdCl.dir/XrdClSocket.cc.o
[ 46%] Building CXX object src/XrdCl/CMakeFiles/XrdCl.dir/XrdClPollerFactory.cc.o
[ 46%] Building CXX object src/CMakeFiles/XrdServer.dir/XrdOfs/XrdOfsTPCProg.cc.o
[ 46%] Building CXX object src/CMakeFiles/XrdCryptossl-4.dir/XrdCrypto/XrdCryptosslX509Crl.cc.o
[ 46%] Building CXX object src/CMakeFiles/XrdCryptossl-4.dir/XrdCrypto/XrdCryptosslX509Req.cc.o
[ 46%] Building CXX object src/CMakeFiles/XrdServer.dir/XrdSfs/XrdSfsNative.cc.o
[ 46%] Building CXX object src/CMakeFiles/XrdCryptossl-4.dir/XrdCrypto/XrdCryptosslFactory.cc.o
[ 46%] Building CXX object src/XrdCl/CMakeFiles/XrdCl.dir/XrdClPollerBuiltIn.cc.o
[ 46%] Building CXX object src/XrdCl/CMakeFiles/XrdCl.dir/XrdClPostMaster.cc.o
[ 46%] Building CXX object src/XrdCl/CMakeFiles/XrdCl.dir/XrdClChannel.cc.o
[ 46%] Building CXX object src/XrdCl/CMakeFiles/XrdCl.dir/XrdClStream.cc.o
[ 46%] Building CXX object src/CMakeFiles/XrdServer.dir/XrdFrc/XrdFrcCID.cc.o
[ 47%] Building CXX object src/XrdCl/CMakeFiles/XrdCl.dir/XrdClXRootDTransport.cc.o
[ 47%] Building CXX object src/XrdCl/CMakeFiles/XrdCl.dir/XrdClInQueue.cc.o
[ 47%] Linking CXX shared module libXrdCryptossl-4.so
[ 47%] Building CXX object src/XrdCl/CMakeFiles/XrdCl.dir/XrdClOutQueue.cc.o
[ 47%] Building CXX object src/XrdCl/CMakeFiles/XrdCl.dir/XrdClTaskManager.cc.o
[ 47%] Linking CXX shared module libXrdSecgsi-4.so
[ 47%] Built target XrdCryptossl-4
[ 47%] Built target XrdSecgsi-4
Scanning dependencies of target XrdSecpwd-4
[ 47%] Building CXX object src/CMakeFiles/XrdSecpwd-4.dir/XrdSecpwd/XrdSecProtocolpwd.cc.o
[ 47%] Building CXX object src/CMakeFiles/XrdServer.dir/XrdFrc/XrdFrcProxy.cc.o
[ 47%] Building CXX object src/XrdCl/CMakeFiles/XrdCl.dir/XrdClSIDManager.cc.o
[ 47%] Building CXX object src/XrdCl/CMakeFiles/XrdCl.dir/XrdClFileSystem.cc.o
[ 47%] Building CXX object src/CMakeFiles/XrdServer.dir/XrdFrc/XrdFrcReqAgent.cc.o
[ 48%] Building CXX object src/XrdCl/CMakeFiles/XrdCl.dir/XrdClXRootDMsgHandler.cc.o
[ 48%] Building CXX object src/XrdCl/CMakeFiles/XrdCl.dir/XrdClMessageUtils.cc.o
[ 48%] Building CXX object src/XrdCl/CMakeFiles/XrdCl.dir/XrdClXRootDResponses.cc.o
[ 48%] Building CXX object src/XrdCl/CMakeFiles/XrdCl.dir/XrdClFile.cc.o
[ 48%] Building CXX object src/XrdCl/CMakeFiles/XrdCl.dir/XrdClFileStateHandler.cc.o
[ 49%] Building CXX object src/CMakeFiles/XrdServer.dir/XrdFrc/XrdFrcReqFile.cc.o
[ 50%] Building CXX object src/XrdCl/CMakeFiles/XrdCl.dir/XrdClCopyProcess.cc.o
[ 50%] Building CXX object src/CMakeFiles/XrdServer.dir/XrdFrc/XrdFrcTrace.cc.o
[ 50%] Building CXX object src/CMakeFiles/XrdServer.dir/XrdFrc/XrdFrcUtils.cc.o
[ 50%] Building CXX object src/XrdCl/CMakeFiles/XrdCl.dir/XrdClClassicCopyJob.cc.o
[ 50%] Building CXX object src/CMakeFiles/XrdClient.dir/XrdClient/XrdClientMessage.cc.o
[ 50%] Building CXX object src/CMakeFiles/XrdServer.dir/XrdOss/XrdOssAio.cc.o
[ 50%] Building CXX object src/XrdCl/CMakeFiles/XrdCl.dir/XrdClThirdPartyCopyJob.cc.o
[ 50%] Building CXX object src/XrdCl/CMakeFiles/XrdCl.dir/XrdClAsyncSocketHandler.cc.o
[ 50%] Building CXX object src/CMakeFiles/XrdServer.dir/XrdOss/XrdOssApi.cc.o
[ 50%] Linking CXX shared module libXrdSecpwd-4.so
[ 50%] Built target XrdSecpwd-4
Scanning dependencies of target mpxstats
[ 51%] Building CXX object src/CMakeFiles/mpxstats.dir/XrdApps/XrdMpxStats.cc.o
[ 51%] Building CXX object src/CMakeFiles/XrdClient.dir/XrdClient/XrdClientProtocol.cc.o
[ 52%] Building CXX object src/CMakeFiles/XrdClient.dir/XrdClient/XrdClientReadCache.cc.o
[ 53%] Building CXX object src/CMakeFiles/XrdServer.dir/XrdOss/XrdOssCache.cc.o
[ 53%] Building CXX object src/CMakeFiles/XrdServer.dir/XrdOss/XrdOssConfig.cc.o
[ 53%] Linking CXX executable mpxstats
[ 53%] Built target mpxstats
[ 53%] Building CXX object src/XrdCl/CMakeFiles/XrdCl.dir/XrdClChannelHandlerList.cc.o
[ 53%] Building CXX object src/CMakeFiles/XrdServer.dir/XrdOss/XrdOssCopy.cc.o
[ 53%] Building CXX object src/CMakeFiles/XrdClient.dir/XrdClient/XrdClientUrlInfo.cc.o
[ 53%] Building CXX object src/XrdCl/CMakeFiles/XrdCl.dir/XrdClForkHandler.cc.o
[ 53%] Building CXX object src/CMakeFiles/XrdServer.dir/XrdOss/XrdOssCreate.cc.o
[ 53%] Building CXX object src/CMakeFiles/XrdServer.dir/XrdOss/XrdOssMio.cc.o
[ 54%] Building CXX object src/XrdCl/CMakeFiles/XrdCl.dir/XrdClCheckSumManager.cc.o
[ 54%] Building CXX object src/CMakeFiles/XrdClient.dir/XrdClient/XrdClientUrlSet.cc.o
[ 54%] Building CXX object src/CMakeFiles/XrdClient.dir/XrdClient/XrdClientThread.cc.o
[ 54%] Building CXX object src/CMakeFiles/XrdClient.dir/XrdClient/XrdClientAdmin.cc.o
[ 55%] Building CXX object src/CMakeFiles/XrdClient.dir/XrdClient/XrdClientEnv.cc.o
[ 56%] Building CXX object src/CMakeFiles/XrdServer.dir/XrdOss/XrdOssMSS.cc.o
[ 56%] Building CXX object src/XrdCl/CMakeFiles/XrdCl.dir/XrdClTransportManager.cc.o
[ 56%] Building CXX object src/XrdCl/CMakeFiles/XrdCl.dir/XrdClJobManager.cc.o
[ 56%] Building CXX object src/CMakeFiles/XrdServer.dir/XrdOss/XrdOssPath.cc.o
[ 56%] Building CXX object src/CMakeFiles/XrdServer.dir/XrdOss/XrdOssReloc.cc.o
[ 56%] Building CXX object src/CMakeFiles/XrdServer.dir/XrdOss/XrdOssRename.cc.o
[ 56%] Building CXX object src/CMakeFiles/XrdServer.dir/XrdOss/XrdOssSpace.cc.o
[ 56%] Building CXX object src/CMakeFiles/XrdServer.dir/XrdOss/XrdOssStage.cc.o
[ 56%] Building CXX object src/XrdCl/CMakeFiles/XrdCl.dir/XrdClFileTimer.cc.o
[ 57%] Building CXX object src/CMakeFiles/XrdServer.dir/XrdOss/XrdOssStat.cc.o
[ 57%] Building CXX object src/XrdCl/CMakeFiles/XrdCl.dir/XrdClPlugInManager.cc.o
[ 58%] Building CXX object src/XrdCl/CMakeFiles/XrdCl.dir/XrdClFileSystemUtils.cc.o
[ 58%] Building CXX object src/XrdCl/CMakeFiles/XrdCl.dir/XrdClTPFallBackCopyJob.cc.o
[ 58%] Building CXX object src/CMakeFiles/XrdServer.dir/XrdOss/XrdOssUnlink.cc.o
[ 58%] Building CXX object src/CMakeFiles/XrdServer.dir/XrdAcc/XrdAccAccess.cc.o
[ 58%] Building CXX object src/CMakeFiles/XrdServer.dir/XrdAcc/XrdAccAudit.cc.o
[ 58%] Building CXX object src/CMakeFiles/XrdServer.dir/XrdAcc/XrdAccAuthFile.cc.o
[ 59%] Building CXX object src/CMakeFiles/XrdServer.dir/XrdAcc/XrdAccCapability.cc.o
[ 59%] Building CXX object src/CMakeFiles/XrdServer.dir/XrdAcc/XrdAccConfig.cc.o
[ 59%] Building CXX object src/CMakeFiles/XrdClient.dir/XrdClient/XrdClientSid.cc.o
[ 59%] Building CXX object src/XrdCl/CMakeFiles/XrdCl.dir/XrdClMetalinkRedirector.cc.o
[ 59%] Building CXX object src/XrdCl/CMakeFiles/XrdCl.dir/XrdClRedirectorRegistry.cc.o
[ 59%] Building CXX object src/CMakeFiles/XrdClient.dir/XrdClient/XrdClientMStream.cc.o
[ 59%] Building CXX object src/CMakeFiles/XrdServer.dir/XrdAcc/XrdAccGroups.cc.o
[ 59%] Building CXX object src/CMakeFiles/XrdServer.dir/XrdCms/XrdCmsBlackList.cc.o
[ 59%] Building CXX object src/XrdCl/CMakeFiles/XrdCl.dir/XrdClZipArchiveReader.cc.o
[ 59%] Building CXX object src/CMakeFiles/XrdServer.dir/XrdCms/XrdCmsLogin.cc.o
[ 59%] Building CXX object src/CMakeFiles/XrdServer.dir/XrdCms/XrdCmsParser.cc.o
[ 59%] Building CXX object src/CMakeFiles/XrdClient.dir/XrdClient/XrdClientReadV.cc.o
[ 60%] Building CXX object src/CMakeFiles/XrdServer.dir/XrdCms/XrdCmsRRData.cc.o
[ 61%] Building CXX object src/XrdCl/CMakeFiles/XrdCl.dir/XrdClXCpCtx.cc.o
[ 61%] Building CXX object src/CMakeFiles/XrdServer.dir/XrdCms/XrdCmsSecurity.cc.o
[ 61%] Building CXX object src/CMakeFiles/XrdServer.dir/XrdCms/XrdCmsTalk.cc.o
[ 61%] Building CXX object src/CMakeFiles/XrdServer.dir/XrdCms/XrdCmsClientConfig.cc.o
[ 61%] Building CXX object src/CMakeFiles/XrdClient.dir/XrdClient/XrdClientReadAhead.cc.o
[ 61%] Building CXX object src/CMakeFiles/XrdServer.dir/XrdCms/XrdCmsClientMan.cc.o
[ 62%] Building CXX object src/CMakeFiles/XrdServer.dir/XrdCms/XrdCmsClientMsg.cc.o
[ 62%] Linking CXX shared library libXrdClient.so
[ 62%] Building CXX object src/CMakeFiles/XrdServer.dir/XrdCms/XrdCmsFinder.cc.o
[ 62%] Built target XrdClient
[ 62%] Building CXX object src/CMakeFiles/XrdServer.dir/XrdCms/XrdCmsClient.cc.o
[ 62%] Building CXX object src/XrdCl/CMakeFiles/XrdCl.dir/XrdClXCpSrc.cc.o
[ 62%] Building CXX object src/XrdCl/CMakeFiles/XrdCl.dir/XrdClLocalFileHandler.cc.o
[ 62%] Building CXX object src/CMakeFiles/XrdServer.dir/XrdCms/XrdCmsResp.cc.o
[ 62%] Building CXX object src/CMakeFiles/XrdServer.dir/XrdCms/XrdCmsReq.cc.o
[ 63%] Building CXX object src/CMakeFiles/XrdServer.dir/XrdCms/XrdCmsRTable.cc.o
[ 63%] Building CXX object src/CMakeFiles/XrdServer.dir/XrdCms/XrdCmsUtils.cc.o
[ 63%] Building CXX object src/CMakeFiles/XrdServer.dir/XrdDig/XrdDigAuth.cc.o
[ 63%] Building CXX object src/CMakeFiles/XrdServer.dir/XrdDig/XrdDigConfig.cc.o
[ 63%] Building CXX object src/CMakeFiles/XrdServer.dir/XrdDig/XrdDigFS.cc.o
[ 63%] Linking CXX shared library libXrdServer.so
[ 63%] Building CXX object src/XrdCl/CMakeFiles/XrdCl.dir/XrdClLocalFileTask.cc.o
[ 63%] Built target XrdServer
Scanning dependencies of target xrdcp-old
[ 63%] Building CXX object src/CMakeFiles/xrdcp-old.dir/XrdApps/XrdCpy.cc.o
[ 63%] Building CXX object src/CMakeFiles/xrdcp-old.dir/XrdClient/XrdcpXtremeRead.cc.o
[ 63%] Building CXX object src/CMakeFiles/xrdcp-old.dir/XrdClient/XrdCpMthrQueue.cc.o
[ 64%] Building CXX object src/CMakeFiles/xrdcp-old.dir/XrdClient/XrdCpWorkLst.cc.o
[ 64%] Building CXX object src/XrdCl/CMakeFiles/XrdCl.dir/XrdClZipListHandler.cc.o
[ 64%] Building CXX object src/XrdCl/CMakeFiles/XrdCl.dir/XrdClOperations.cc.o
[ 64%] Linking CXX executable xrdcp-old
[ 64%] Built target xrdcp-old
[ 65%] Linking CXX shared library libXrdCl.so
[ 65%] Built target XrdCl
Scanning dependencies of target xrdacctest
[ 65%] Building CXX object src/CMakeFiles/xrdacctest.dir/XrdApps/XrdAccTest.cc.o
[ 65%] Linking CXX executable xrdacctest
[ 65%] Built target xrdacctest
Scanning dependencies of target xrdqstats
[ 66%] Building CXX object src/CMakeFiles/xrdqstats.dir/XrdApps/XrdQStats.cc.o
[ 66%] Linking CXX executable xrdqstats
[ 66%] Built target xrdqstats
Scanning dependencies of target XrdPosix
[ 67%] Building CXX object src/CMakeFiles/XrdPosix.dir/XrdPosix/XrdPosixAdmin.cc.o
[ 67%] Building CXX object src/CMakeFiles/XrdPosix.dir/XrdPosix/XrdPosixCache.cc.o
[ 67%] Building CXX object src/CMakeFiles/XrdPosix.dir/XrdPosix/XrdPosixCallBack.cc.o
[ 67%] Building CXX object src/CMakeFiles/XrdPosix.dir/XrdPosix/XrdPosixConfig.cc.o
[ 67%] Building CXX object src/CMakeFiles/XrdPosix.dir/XrdPosix/XrdPosixDir.cc.o
[ 68%] Building CXX object src/CMakeFiles/XrdPosix.dir/XrdPosix/XrdPosixFile.cc.o
[ 68%] Building CXX object src/CMakeFiles/XrdPosix.dir/XrdPosix/XrdPosixFileRH.cc.o
[ 68%] Building CXX object src/CMakeFiles/XrdPosix.dir/XrdPosix/XrdPosixMap.cc.o
[ 68%] Building CXX object src/CMakeFiles/XrdPosix.dir/XrdPosix/XrdPosixObject.cc.o
[ 68%] Building CXX object src/CMakeFiles/XrdPosix.dir/XrdPosix/XrdPosixPrepIO.cc.o
[ 69%] Building CXX object src/CMakeFiles/XrdPosix.dir/XrdPosix/XrdPosixXrootd.cc.o
[ 69%] Building CXX object src/CMakeFiles/XrdPosix.dir/XrdPosix/XrdPosixXrootdPath.cc.o
[ 69%] Linking CXX shared library libXrdPosix.so
[ 69%] Built target XrdPosix
Scanning dependencies of target XrdCnsd
[ 69%] Building CXX object src/CMakeFiles/XrdCnsd.dir/XrdCns/XrdCnsConfig.cc.o
Scanning dependencies of target xrd
[ 70%] Building CXX object src/CMakeFiles/xrd.dir/XrdClient/XrdCommandLine.cc.o
[ 71%] Building CXX object src/CMakeFiles/XrdCnsd.dir/XrdCns/XrdCnsDaemon.cc.o
[ 71%] Building CXX object src/CMakeFiles/XrdCnsd.dir/XrdCns/XrdCnsInventory.cc.o
Scanning dependencies of target xprep
[ 71%] Building CXX object src/CMakeFiles/xprep.dir/XrdClient/XrdClientPrep.cc.o
[ 71%] Building CXX object src/CMakeFiles/XrdCnsd.dir/XrdCns/XrdCnsLogClient.cc.o
Scanning dependencies of target XrdBwm-4
[ 71%] Building CXX object src/CMakeFiles/XrdBwm-4.dir/XrdBwm/XrdBwm.cc.o
[ 71%] Linking CXX executable xprep
[ 71%] Built target xprep
Scanning dependencies of target cmsd
[ 71%] Building CXX object src/CMakeFiles/cmsd.dir/Xrd/XrdConfig.cc.o
[ 71%] Building CXX object src/CMakeFiles/XrdCnsd.dir/XrdCns/XrdCnsLogFile.cc.o
[ 71%] Building CXX object src/CMakeFiles/XrdBwm-4.dir/XrdBwm/XrdBwmConfig.cc.o
[ 71%] Building CXX object src/CMakeFiles/XrdCnsd.dir/XrdCns/XrdCnsLogServer.cc.o
[ 71%] Linking CXX executable xrd
[ 72%] Building CXX object src/CMakeFiles/XrdCnsd.dir/XrdCns/XrdCnsMain.cc.o
[ 72%] Building CXX object src/CMakeFiles/XrdBwm-4.dir/XrdBwm/XrdBwmHandle.cc.o
[ 72%] Built target xrd
[ 72%] Building CXX object src/CMakeFiles/cmsd.dir/Xrd/XrdProtLoad.cc.o
[ 72%] Linking CXX executable XrdCnsd
[ 72%] Built target XrdCnsd
[ 72%] Building CXX object src/CMakeFiles/XrdBwm-4.dir/XrdBwm/XrdBwmLogger.cc.o
[ 73%] Building CXX object src/CMakeFiles/XrdBwm-4.dir/XrdBwm/XrdBwmPolicy1.cc.o
[ 73%] Building CXX object src/CMakeFiles/cmsd.dir/Xrd/XrdStats.cc.o
[ 73%] Linking CXX shared module libXrdBwm-4.so
[ 73%] Building CXX object src/CMakeFiles/cmsd.dir/Xrd/XrdMain.cc.o
[ 73%] Built target XrdBwm-4
Scanning dependencies of target frm_admin
[ 74%] Building CXX object src/CMakeFiles/frm_admin.dir/XrdFrm/XrdFrmAdminAudit.cc.o
[ 75%] Building CXX object src/CMakeFiles/cmsd.dir/XrdCms/XrdCmsAdmin.cc.o
[ 75%] Building CXX object src/CMakeFiles/cmsd.dir/XrdCms/XrdCmsBaseFS.cc.o
[ 75%] Building CXX object src/CMakeFiles/frm_admin.dir/XrdFrm/XrdFrmAdmin.cc.o
[ 75%] Building CXX object src/CMakeFiles/cmsd.dir/XrdCms/XrdCmsCache.cc.o
[ 75%] Building CXX object src/CMakeFiles/cmsd.dir/XrdCms/XrdCmsCluster.cc.o
[ 75%] Building CXX object src/CMakeFiles/cmsd.dir/XrdCms/XrdCmsClustID.cc.o
[ 75%] Building CXX object src/CMakeFiles/frm_admin.dir/XrdFrm/XrdFrmAdminConvert.cc.o
[ 75%] Building CXX object src/CMakeFiles/frm_admin.dir/XrdFrm/XrdFrmAdminFiles.cc.o
Scanning dependencies of target xrdstagetool
[ 75%] Building CXX object src/CMakeFiles/xrdstagetool.dir/XrdClient/XrdStageTool.cc.o
[ 75%] Building CXX object src/CMakeFiles/frm_admin.dir/XrdFrm/XrdFrmAdminFind.cc.o
[ 75%] Building CXX object src/CMakeFiles/frm_admin.dir/XrdFrm/XrdFrmAdminMain.cc.o
[ 75%] Building CXX object src/CMakeFiles/cmsd.dir/XrdCms/XrdCmsConfig.cc.o
[ 76%] Building CXX object src/CMakeFiles/frm_admin.dir/XrdFrm/XrdFrmAdminQuery.cc.o
[ 77%] Linking CXX executable xrdstagetool
[ 77%] Built target xrdstagetool
Scanning dependencies of target frm_xfragent
[ 77%] Building CXX object src/CMakeFiles/frm_xfragent.dir/XrdFrm/XrdFrmXfrMain.cc.o
[ 77%] Building CXX object src/CMakeFiles/frm_admin.dir/XrdFrm/XrdFrmAdminUnlink.cc.o
[ 77%] Linking CXX executable frm_xfragent
[ 77%] Linking CXX executable frm_admin
[ 77%] Built target frm_xfragent
Scanning dependencies of target XrdFileCache-4
[ 77%] Building CXX object src/CMakeFiles/XrdFileCache-4.dir/XrdFileCache/XrdFileCache.cc.o
[ 77%] Built target frm_admin
Scanning dependencies of target frm_purged
[ 77%] Building CXX object src/CMakeFiles/frm_purged.dir/XrdFrm/XrdFrmPurge.cc.o
[ 77%] Building CXX object src/CMakeFiles/frm_purged.dir/XrdFrm/XrdFrmPurgMain.cc.o
[ 78%] Building CXX object src/CMakeFiles/cmsd.dir/XrdCms/XrdCmsJob.cc.o
[ 78%] Building CXX object src/CMakeFiles/cmsd.dir/XrdCms/XrdCmsKey.cc.o
[ 79%] Linking CXX executable frm_purged
[ 79%] Built target frm_purged
Scanning dependencies of target XrdPosixPreload
[ 79%] Building CXX object src/CMakeFiles/XrdFileCache-4.dir/XrdFileCache/XrdFileCacheConfiguration.cc.o
[ 79%] Building CXX object src/CMakeFiles/XrdPosixPreload.dir/XrdPosix/XrdPosixPreload32.cc.o
[ 79%] Building CXX object src/CMakeFiles/cmsd.dir/XrdCms/XrdCmsManager.cc.o
[ 79%] Building CXX object src/CMakeFiles/XrdFileCache-4.dir/XrdFileCache/XrdFileCachePurge.cc.o
[ 79%] Building CXX object src/CMakeFiles/XrdPosixPreload.dir/XrdPosix/XrdPosixPreload.cc.o
[ 79%] Building CXX object src/CMakeFiles/cmsd.dir/XrdCms/XrdCmsManList.cc.o
[ 79%] Building CXX object src/CMakeFiles/XrdPosixPreload.dir/XrdPosix/XrdPosix.cc.o
[ 79%] Building CXX object src/CMakeFiles/cmsd.dir/XrdCms/XrdCmsManTree.cc.o
[ 80%] Building CXX object src/CMakeFiles/XrdPosixPreload.dir/XrdPosix/XrdPosixLinkage.cc.o
[ 81%] Building CXX object src/CMakeFiles/cmsd.dir/XrdCms/XrdCmsMeter.cc.o
[ 81%] Building CXX object src/CMakeFiles/XrdFileCache-4.dir/XrdFileCache/XrdFileCacheCommand.cc.o
[ 81%] Linking CXX shared library libXrdPosixPreload.so
[ 81%] Building CXX object src/CMakeFiles/cmsd.dir/XrdCms/XrdCmsNash.cc.o
[ 81%] Built target XrdPosixPreload
[ 82%] Building CXX object src/CMakeFiles/XrdFileCache-4.dir/XrdFileCache/XrdFileCacheFile.cc.o
[ 82%] Building CXX object src/CMakeFiles/cmsd.dir/XrdCms/XrdCmsNode.cc.o
[ 82%] Building CXX object src/CMakeFiles/cmsd.dir/XrdCms/XrdCmsPList.cc.o
[ 82%] Building CXX object src/CMakeFiles/cmsd.dir/XrdCms/XrdCmsPrepare.cc.o
[ 82%] Building CXX object src/CMakeFiles/cmsd.dir/XrdCms/XrdCmsPrepArgs.cc.o
[ 83%] Building CXX object src/CMakeFiles/cmsd.dir/XrdCms/XrdCmsProtocol.cc.o
[ 83%] Building CXX object src/CMakeFiles/cmsd.dir/XrdCms/XrdCmsRouting.cc.o
Scanning dependencies of target xrootd
[ 83%] Building CXX object src/CMakeFiles/xrootd.dir/Xrd/XrdConfig.cc.o
[ 83%] Building CXX object src/CMakeFiles/XrdFileCache-4.dir/XrdFileCache/XrdFileCacheVRead.cc.o
[ 83%] Building CXX object src/CMakeFiles/cmsd.dir/XrdCms/XrdCmsRRQ.cc.o
Scanning dependencies of target XrdFfs
[ 84%] Building CXX object src/CMakeFiles/XrdFfs.dir/XrdFfs/XrdFfsDent.cc.o
[ 84%] Building CXX object src/CMakeFiles/XrdFfs.dir/XrdFfs/XrdFfsFsinfo.cc.o
[ 84%] Building CXX object src/CMakeFiles/XrdFfs.dir/XrdFfs/XrdFfsMisc.cc.o
[ 84%] Building CXX object src/CMakeFiles/xrootd.dir/Xrd/XrdProtLoad.cc.o
[ 84%] Building CXX object src/CMakeFiles/cmsd.dir/XrdCms/XrdCmsState.cc.o
[ 84%] Building CXX object src/CMakeFiles/xrootd.dir/Xrd/XrdStats.cc.o
[ 84%] Building CXX object src/CMakeFiles/XrdFileCache-4.dir/XrdFileCache/XrdFileCacheInfo.cc.o
[ 84%] Building CXX object src/CMakeFiles/xrootd.dir/Xrd/XrdMain.cc.o
[ 84%] Building CXX object src/CMakeFiles/cmsd.dir/XrdCms/XrdCmsSupervisor.cc.o
[ 84%] Building CXX object src/CMakeFiles/XrdFfs.dir/XrdFfs/XrdFfsPosix.cc.o
[ 85%] Linking CXX executable xrootd
[ 86%] Linking CXX executable cmsd
[ 86%] Built target xrootd
Scanning dependencies of target XrdPss-4
[ 86%] Built target cmsd
[ 86%] Building CXX object src/CMakeFiles/XrdPss-4.dir/XrdPss/XrdPssAio.cc.o
[ 86%] Building CXX object src/CMakeFiles/XrdPss-4.dir/XrdPss/XrdPssAioCB.cc.o
[ 86%] Building CXX object src/CMakeFiles/XrdFfs.dir/XrdFfs/XrdFfsQueue.cc.o
[ 86%] Building CXX object src/CMakeFiles/XrdPss-4.dir/XrdPss/XrdPss.cc.o
[ 86%] Building CXX object src/CMakeFiles/XrdFfs.dir/XrdFfs/XrdFfsWcache.cc.o
[ 87%] Linking CXX shared library libXrdFfs.so
[ 87%] Built target XrdFfs
Scanning dependencies of target xrdcp
[ 87%] Building CXX object src/XrdCl/CMakeFiles/xrdcp.dir/XrdClCopy.cc.o
[ 87%] Building CXX object src/CMakeFiles/XrdFileCache-4.dir/XrdFileCache/XrdFileCacheIO.cc.o
[ 87%] Building CXX object src/CMakeFiles/XrdFileCache-4.dir/XrdFileCache/XrdFileCacheIOEntireFile.cc.o
[ 88%] Building CXX object src/CMakeFiles/XrdPss-4.dir/XrdPss/XrdPssCks.cc.o
[ 88%] Building CXX object src/CMakeFiles/XrdPss-4.dir/XrdPss/XrdPssConfig.cc.o
[ 89%] Building CXX object src/CMakeFiles/XrdFileCache-4.dir/XrdFileCache/XrdFileCacheIOFileBlock.cc.o
[ 89%] Building CXX object src/CMakeFiles/XrdPss-4.dir/XrdPss/XrdPssUrlInfo.cc.o
[ 89%] Linking CXX shared module libXrdPss-4.so
[ 89%] Built target XrdPss-4
Scanning dependencies of target xrdfs
[ 89%] Building CXX object src/XrdCl/CMakeFiles/xrdfs.dir/XrdClFS.cc.o
[ 89%] Building CXX object src/XrdCl/CMakeFiles/xrdfs.dir/XrdClFSExecutor.cc.o
[ 89%] Linking CXX shared module libXrdFileCache-4.so
[ 89%] Built target XrdFileCache-4
[ 89%] Linking CXX executable xrdcp
[ 89%] Built target xrdcp
Scanning dependencies of target xrdpfc_print
[ 89%] Building CXX object src/CMakeFiles/xrdpfc_print.dir/XrdFileCache/XrdFileCachePrint.cc.o
[ 89%] Building CXX object src/CMakeFiles/xrdpfc_print.dir/XrdFileCache/XrdFileCacheInfo.cc.o
[ 89%] Linking CXX executable xrdfs
[ 89%] Built target xrdfs
Scanning dependencies of target XrdHttpUtils
[ 89%] Building CXX object src/CMakeFiles/XrdHttpUtils.dir/XrdHttp/XrdHttpProtocol.cc.o
[ 89%] Building CXX object src/CMakeFiles/XrdHttpUtils.dir/XrdHttp/XrdHttpReq.cc.o
[ 89%] Linking CXX executable xrdpfc_print
[ 89%] Built target xrdpfc_print
[ 89%] Building CXX object src/CMakeFiles/XrdHttpUtils.dir/XrdHttp/XrdHttpExtHandler.cc.o
[ 89%] Building CXX object src/CMakeFiles/XrdHttpUtils.dir/XrdHttp/XrdHttpTrace.cc.o
[ 90%] Building CXX object src/CMakeFiles/XrdHttpUtils.dir/XrdHttp/XrdHttpUtils.cc.o
[ 90%] Linking CXX shared library libXrdHttpUtils.so
[ 90%] Built target XrdHttpUtils
Scanning dependencies of target XrdSsiLib
[ 90%] Building CXX object src/CMakeFiles/XrdSsiLib.dir/XrdSsi/XrdSsiAlert.cc.o
Scanning dependencies of target XrdThrottle-4
[ 90%] Building CXX object src/CMakeFiles/XrdThrottle-4.dir/XrdOfs/XrdOfsFS.cc.o
[ 90%] Building CXX object src/CMakeFiles/XrdThrottle-4.dir/XrdThrottle/XrdThrottleFileSystem.cc.o
[ 90%] Building CXX object src/CMakeFiles/XrdSsiLib.dir/XrdSsi/XrdSsiClient.cc.o
[ 90%] Building CXX object src/CMakeFiles/XrdThrottle-4.dir/XrdThrottle/XrdThrottleFileSystemConfig.cc.o
[ 90%] Building CXX object src/CMakeFiles/XrdSsiLib.dir/XrdSsi/XrdSsiCms.cc.o
[ 91%] Building CXX object src/CMakeFiles/XrdSsiLib.dir/XrdSsi/XrdSsiEvent.cc.o
[ 92%] Building CXX object src/CMakeFiles/XrdThrottle-4.dir/XrdThrottle/XrdThrottleFile.cc.o
[ 92%] Building CXX object src/CMakeFiles/XrdSsiLib.dir/XrdSsi/XrdSsiFileResource.cc.o
[ 92%] Building CXX object src/CMakeFiles/XrdSsiLib.dir/XrdSsi/XrdSsiLogger.cc.o
[ 92%] Building CXX object src/CMakeFiles/XrdThrottle-4.dir/XrdThrottle/XrdThrottleManager.cc.o
[ 92%] Building CXX object src/CMakeFiles/XrdSsiLib.dir/XrdSsi/XrdSsiPacer.cc.o
[ 92%] Linking CXX shared module libXrdThrottle-4.so
[ 92%] Building CXX object src/CMakeFiles/XrdSsiLib.dir/XrdSsi/XrdSsiRequest.cc.o
[ 92%] Built target XrdThrottle-4
[ 93%] Building CXX object src/CMakeFiles/XrdSsiLib.dir/XrdSsi/XrdSsiResponder.cc.o
[ 93%] Building CXX object src/CMakeFiles/XrdSsiLib.dir/XrdSsi/XrdSsiServReal.cc.o
[ 93%] Building CXX object src/CMakeFiles/XrdSsiLib.dir/XrdSsi/XrdSsiService.cc.o
[ 93%] Building CXX object src/CMakeFiles/XrdSsiLib.dir/XrdSsi/XrdSsiSessReal.cc.o
[ 93%] Building CXX object src/CMakeFiles/XrdSsiLib.dir/XrdSsi/XrdSsiStats.cc.o
[ 94%] Building CXX object src/CMakeFiles/XrdSsiLib.dir/XrdSsi/XrdSsiTaskReal.cc.o
[ 94%] Building CXX object src/CMakeFiles/XrdSsiLib.dir/XrdSsi/XrdSsiUtils.cc.o
[ 94%] Linking CXX shared library libXrdSsiLib.so
[ 94%] Built target XrdSsiLib
Scanning dependencies of target XrdXrootd-4
[ 94%] Building CXX object src/CMakeFiles/XrdXrootd-4.dir/XrdXrootd/XrdXrootdPlugin.cc.o
Scanning dependencies of target frm_xfrd
[ 94%] Building CXX object src/CMakeFiles/frm_xfrd.dir/XrdFrm/XrdFrmXfrMain.cc.o
Scanning dependencies of target XrdClProxyPlugin-4
[ 94%] Building CXX object src/CMakeFiles/XrdClProxyPlugin-4.dir/XrdApps/XrdClProxyPlugin/ProxyPrefixPlugin.cc.o
[ 94%] Linking CXX shared module libXrdXrootd-4.so
[ 94%] Linking CXX executable frm_xfrd
[ 94%] Built target XrdXrootd-4
[ 94%] Built target frm_xfrd
Scanning dependencies of target XrdHttp-4
[ 94%] Building CXX object src/CMakeFiles/XrdHttp-4.dir/XrdHttp/XrdHttpModule.cc.o
[ 94%] Building CXX object src/CMakeFiles/XrdClProxyPlugin-4.dir/XrdApps/XrdClProxyPlugin/ProxyPrefixFile.cc.o
[ 94%] Linking CXX shared module libXrdHttp-4.so
[ 94%] Built target XrdHttp-4
Scanning dependencies of target xrdmapc
[ 94%] Building CXX object src/CMakeFiles/xrdmapc.dir/XrdApps/XrdMapCluster.cc.o
Scanning dependencies of target xrdadler32
[ 94%] Building CXX object src/CMakeFiles/xrdadler32.dir/XrdApps/Xrdadler32.cc.o
[ 95%] Linking CXX executable xrdadler32
[ 95%] Linking CXX shared module libXrdClProxyPlugin-4.so
[ 95%] Built target XrdClProxyPlugin-4
[ 95%] Built target xrdadler32
Scanning dependencies of target XrdHttpTPC-4
[ 95%] Building CXX object src/CMakeFiles/XrdHttpTPC-4.dir/XrdTpc/XrdTpcConfigure.cc.o
Scanning dependencies of target XrdSsiLog-4
[ 95%] Building CXX object src/CMakeFiles/XrdSsiLog-4.dir/XrdSsi/XrdSsiLogging.cc.o
[ 96%] Building CXX object src/CMakeFiles/XrdHttpTPC-4.dir/XrdTpc/XrdTpcMultistream.cc.o
[ 96%] Building CXX object src/CMakeFiles/XrdHttpTPC-4.dir/XrdTpc/XrdTpcCurlMulti.cc.o
[ 97%] Linking CXX executable xrdmapc
[ 97%] Building CXX object src/CMakeFiles/XrdHttpTPC-4.dir/XrdTpc/XrdTpcState.cc.o
[ 97%] Linking CXX shared module libXrdSsiLog-4.so
[ 97%] Built target xrdmapc
Scanning dependencies of target XrdSsi-4
[ 98%] Building CXX object src/CMakeFiles/XrdSsi-4.dir/XrdSsi/XrdSsiDir.cc.o
[ 98%] Built target XrdSsiLog-4
[ 98%] Building CXX object src/CMakeFiles/XrdSsi-4.dir/XrdSsi/XrdSsiFile.cc.o
[ 98%] Building CXX object src/CMakeFiles/XrdSsi-4.dir/XrdSsi/XrdSsiFileReq.cc.o
[ 98%] Building CXX object src/CMakeFiles/XrdHttpTPC-4.dir/XrdTpc/XrdTpcStream.cc.o
[ 98%] Building CXX object src/CMakeFiles/XrdSsi-4.dir/XrdSsi/XrdSsiFileSess.cc.o
[ 98%] Building CXX object src/CMakeFiles/XrdSsi-4.dir/XrdSsi/XrdSsiSfs.cc.o
[ 98%] Building CXX object src/CMakeFiles/XrdHttpTPC-4.dir/XrdTpc/XrdTpcTPC.cc.o
[ 99%] Building CXX object src/CMakeFiles/XrdSsi-4.dir/XrdSsi/XrdSsiSfsConfig.cc.o
[ 99%] Building CXX object src/CMakeFiles/XrdSsi-4.dir/XrdSsi/XrdSsiStat.cc.o
[ 99%] Linking CXX shared module libXrdSsi-4.so
[ 99%] Built target XrdSsi-4
[100%] Linking CXX shared module libXrdHttpTPC-4.so
[100%] Built target XrdHttpTPC-4
