Determining if the function strlcpy exists failed with the following output:
Change Dir: /content/root_src_37/root_build/XROOTD-prefix/src/XROOTD-build/CMakeFiles/CMakeTmp

Run Build Command:"/usr/bin/make" "cmTC_9f8aa/fast"
make[3]: Entering directory '/content/root_src_37/root_build/XROOTD-prefix/src/XROOTD-build/CMakeFiles/CMakeTmp'
/usr/bin/make -f CMakeFiles/cmTC_9f8aa.dir/build.make CMakeFiles/cmTC_9f8aa.dir/build
make[4]: Entering directory '/content/root_src_37/root_build/XROOTD-prefix/src/XROOTD-build/CMakeFiles/CMakeTmp'
Building C object CMakeFiles/cmTC_9f8aa.dir/CheckFunctionExists.c.o
/usr/bin/cc   -Wno-implicit-fallthrough -pipe -Wall -W -pthread -DCHECK_FUNCTION_EXISTS=strlcpy   -o CMakeFiles/cmTC_9f8aa.dir/CheckFunctionExists.c.o   -c /usr/local/lib/python2.7/dist-packages/cmake/data/share/cmake-3.12/Modules/CheckFunctionExists.c
Linking C executable cmTC_9f8aa
/usr/local/lib/python2.7/dist-packages/cmake/data/bin/cmake -E cmake_link_script CMakeFiles/cmTC_9f8aa.dir/link.txt --verbose=1
/usr/bin/cc  -Wno-implicit-fallthrough -pipe -Wall -W -pthread -DCHECK_FUNCTION_EXISTS=strlcpy    -rdynamic CMakeFiles/cmTC_9f8aa.dir/CheckFunctionExists.c.o  -o cmTC_9f8aa 
CMakeFiles/cmTC_9f8aa.dir/CheckFunctionExists.c.o: In function `main':
CheckFunctionExists.c:(.text+0x10): undefined reference to `strlcpy'
collect2: error: ld returned 1 exit status
CMakeFiles/cmTC_9f8aa.dir/build.make:86: recipe for target 'cmTC_9f8aa' failed
make[4]: *** [cmTC_9f8aa] Error 1
make[4]: Leaving directory '/content/root_src_37/root_build/XROOTD-prefix/src/XROOTD-build/CMakeFiles/CMakeTmp'
Makefile:121: recipe for target 'cmTC_9f8aa/fast' failed
make[3]: *** [cmTC_9f8aa/fast] Error 2
make[3]: Leaving directory '/content/root_src_37/root_build/XROOTD-prefix/src/XROOTD-build/CMakeFiles/CMakeTmp'


Determining if the function crypt exists failed with the following output:
Change Dir: /content/root_src_37/root_build/XROOTD-prefix/src/XROOTD-build/CMakeFiles/CMakeTmp

Run Build Command:"/usr/bin/make" "cmTC_64a39/fast"
make[3]: Entering directory '/content/root_src_37/root_build/XROOTD-prefix/src/XROOTD-build/CMakeFiles/CMakeTmp'
/usr/bin/make -f CMakeFiles/cmTC_64a39.dir/build.make CMakeFiles/cmTC_64a39.dir/build
make[4]: Entering directory '/content/root_src_37/root_build/XROOTD-prefix/src/XROOTD-build/CMakeFiles/CMakeTmp'
Building C object CMakeFiles/cmTC_64a39.dir/CheckFunctionExists.c.o
/usr/bin/cc   -Wno-implicit-fallthrough -pipe -Wall -W -pthread -DCHECK_FUNCTION_EXISTS=crypt   -o CMakeFiles/cmTC_64a39.dir/CheckFunctionExists.c.o   -c /usr/local/lib/python2.7/dist-packages/cmake/data/share/cmake-3.12/Modules/CheckFunctionExists.c
Linking C executable cmTC_64a39
/usr/local/lib/python2.7/dist-packages/cmake/data/bin/cmake -E cmake_link_script CMakeFiles/cmTC_64a39.dir/link.txt --verbose=1
/usr/bin/cc  -Wno-implicit-fallthrough -pipe -Wall -W -pthread -DCHECK_FUNCTION_EXISTS=crypt    -rdynamic CMakeFiles/cmTC_64a39.dir/CheckFunctionExists.c.o  -o cmTC_64a39 
CMakeFiles/cmTC_64a39.dir/CheckFunctionExists.c.o: In function `main':
CheckFunctionExists.c:(.text+0x10): undefined reference to `crypt'
collect2: error: ld returned 1 exit status
CMakeFiles/cmTC_64a39.dir/build.make:86: recipe for target 'cmTC_64a39' failed
make[4]: *** [cmTC_64a39] Error 1
make[4]: Leaving directory '/content/root_src_37/root_build/XROOTD-prefix/src/XROOTD-build/CMakeFiles/CMakeTmp'
Makefile:121: recipe for target 'cmTC_64a39/fast' failed
make[3]: *** [cmTC_64a39/fast] Error 2
make[3]: Leaving directory '/content/root_src_37/root_build/XROOTD-prefix/src/XROOTD-build/CMakeFiles/CMakeTmp'


Determining if the include file et/com_err.h exists failed with the following output:
Change Dir: /content/root_src_37/root_build/XROOTD-prefix/src/XROOTD-build/CMakeFiles/CMakeTmp

Run Build Command:"/usr/bin/make" "cmTC_afa38/fast"
make[3]: Entering directory '/content/root_src_37/root_build/XROOTD-prefix/src/XROOTD-build/CMakeFiles/CMakeTmp'
/usr/bin/make -f CMakeFiles/cmTC_afa38.dir/build.make CMakeFiles/cmTC_afa38.dir/build
make[4]: Entering directory '/content/root_src_37/root_build/XROOTD-prefix/src/XROOTD-build/CMakeFiles/CMakeTmp'
Building C object CMakeFiles/cmTC_afa38.dir/CheckIncludeFile.c.o
/usr/bin/cc   -Wno-implicit-fallthrough -pipe -Wall -W -pthread    -o CMakeFiles/cmTC_afa38.dir/CheckIncludeFile.c.o   -c /content/root_src_37/root_build/XROOTD-prefix/src/XROOTD-build/CMakeFiles/CMakeTmp/CheckIncludeFile.c
/content/root_src_37/root_build/XROOTD-prefix/src/XROOTD-build/CMakeFiles/CMakeTmp/CheckIncludeFile.c:1:10: fatal error: et/com_err.h: No such file or directory
 #include <et/com_err.h>
          ^~~~~~~~~~~~~~
compilation terminated.
CMakeFiles/cmTC_afa38.dir/build.make:65: recipe for target 'CMakeFiles/cmTC_afa38.dir/CheckIncludeFile.c.o' failed
make[4]: *** [CMakeFiles/cmTC_afa38.dir/CheckIncludeFile.c.o] Error 1
make[4]: Leaving directory '/content/root_src_37/root_build/XROOTD-prefix/src/XROOTD-build/CMakeFiles/CMakeTmp'
Makefile:121: recipe for target 'cmTC_afa38/fast' failed
make[3]: *** [cmTC_afa38/fast] Error 2
make[3]: Leaving directory '/content/root_src_37/root_build/XROOTD-prefix/src/XROOTD-build/CMakeFiles/CMakeTmp'


