The system is: Linux - 4.19.112+ - x86_64
Compiling the C compiler identification source file "CMakeCCompilerId.c" succeeded.
Compiler: /usr/bin/cc 
Build flags: ;-Wno-implicit-fallthrough;-pipe;-Wall;-W;-pthread
Id flags:  

The output was:
0


Compilation of the C compiler identification source "CMakeCCompilerId.c" produced "a.out"

The C compiler identification is GNU, found in "/content/root_src_37/root_build/XROOTD-prefix/src/XROOTD-build/CMakeFiles/3.12.0/CompilerIdC/a.out"

Compiling the CXX compiler identification source file "CMakeCXXCompilerId.cpp" succeeded.
Compiler: /usr/bin/c++ 
Build flags: ;-std=c++11;-Wno-implicit-fallthrough;-Wno-noexcept-type;-pipe;;;;-fsigned-char;-pthread;-w
Id flags:  

The output was:
0


Compilation of the CXX compiler identification source "CMakeCXXCompilerId.cpp" produced "a.out"

The CXX compiler identification is GNU, found in "/content/root_src_37/root_build/XROOTD-prefix/src/XROOTD-build/CMakeFiles/3.12.0/CompilerIdCXX/a.out"

Determining if the C compiler works passed with the following output:
Change Dir: /content/root_src_37/root_build/XROOTD-prefix/src/XROOTD-build/CMakeFiles/CMakeTmp

Run Build Command:"/usr/bin/make" "cmTC_7e332/fast"
make[3]: Entering directory '/content/root_src_37/root_build/XROOTD-prefix/src/XROOTD-build/CMakeFiles/CMakeTmp'
/usr/bin/make -f CMakeFiles/cmTC_7e332.dir/build.make CMakeFiles/cmTC_7e332.dir/build
make[4]: Entering directory '/content/root_src_37/root_build/XROOTD-prefix/src/XROOTD-build/CMakeFiles/CMakeTmp'
Building C object CMakeFiles/cmTC_7e332.dir/testCCompiler.c.o
/usr/bin/cc   -Wno-implicit-fallthrough -pipe -Wall -W -pthread    -o CMakeFiles/cmTC_7e332.dir/testCCompiler.c.o   -c /content/root_src_37/root_build/XROOTD-prefix/src/XROOTD-build/CMakeFiles/CMakeTmp/testCCompiler.c
Linking C executable cmTC_7e332
/usr/local/lib/python2.7/dist-packages/cmake/data/bin/cmake -E cmake_link_script CMakeFiles/cmTC_7e332.dir/link.txt --verbose=1
/usr/bin/cc  -Wno-implicit-fallthrough -pipe -Wall -W -pthread     -rdynamic CMakeFiles/cmTC_7e332.dir/testCCompiler.c.o  -o cmTC_7e332 
make[4]: Leaving directory '/content/root_src_37/root_build/XROOTD-prefix/src/XROOTD-build/CMakeFiles/CMakeTmp'
make[3]: Leaving directory '/content/root_src_37/root_build/XROOTD-prefix/src/XROOTD-build/CMakeFiles/CMakeTmp'


Detecting C compiler ABI info compiled with the following output:
Change Dir: /content/root_src_37/root_build/XROOTD-prefix/src/XROOTD-build/CMakeFiles/CMakeTmp

Run Build Command:"/usr/bin/make" "cmTC_e34c5/fast"
make[3]: Entering directory '/content/root_src_37/root_build/XROOTD-prefix/src/XROOTD-build/CMakeFiles/CMakeTmp'
/usr/bin/make -f CMakeFiles/cmTC_e34c5.dir/build.make CMakeFiles/cmTC_e34c5.dir/build
make[4]: Entering directory '/content/root_src_37/root_build/XROOTD-prefix/src/XROOTD-build/CMakeFiles/CMakeTmp'
Building C object CMakeFiles/cmTC_e34c5.dir/CMakeCCompilerABI.c.o
/usr/bin/cc   -Wno-implicit-fallthrough -pipe -Wall -W -pthread    -o CMakeFiles/cmTC_e34c5.dir/CMakeCCompilerABI.c.o   -c /usr/local/lib/python2.7/dist-packages/cmake/data/share/cmake-3.12/Modules/CMakeCCompilerABI.c
Linking C executable cmTC_e34c5
/usr/local/lib/python2.7/dist-packages/cmake/data/bin/cmake -E cmake_link_script CMakeFiles/cmTC_e34c5.dir/link.txt --verbose=1
/usr/bin/cc  -Wno-implicit-fallthrough -pipe -Wall -W -pthread    -v -rdynamic CMakeFiles/cmTC_e34c5.dir/CMakeCCompilerABI.c.o  -o cmTC_e34c5 
Using built-in specs.
COLLECT_GCC=/usr/bin/cc
COLLECT_LTO_WRAPPER=/usr/lib/gcc/x86_64-linux-gnu/7/lto-wrapper
OFFLOAD_TARGET_NAMES=nvptx-none
OFFLOAD_TARGET_DEFAULT=1
Target: x86_64-linux-gnu
Configured with: ../src/configure -v --with-pkgversion='Ubuntu 7.5.0-3ubuntu1~18.04' --with-bugurl=file:///usr/share/doc/gcc-7/README.Bugs --enable-languages=c,ada,c++,go,brig,d,fortran,objc,obj-c++ --prefix=/usr --with-gcc-major-version-only --program-suffix=-7 --program-prefix=x86_64-linux-gnu- --enable-shared --enable-linker-build-id --libexecdir=/usr/lib --without-included-gettext --enable-threads=posix --libdir=/usr/lib --enable-nls --enable-bootstrap --enable-clocale=gnu --enable-libstdcxx-debug --enable-libstdcxx-time=yes --with-default-libstdcxx-abi=new --enable-gnu-unique-object --disable-vtable-verify --enable-libmpx --enable-plugin --enable-default-pie --with-system-zlib --with-target-system-zlib --enable-objc-gc=auto --enable-multiarch --disable-werror --with-arch-32=i686 --with-abi=m64 --with-multilib-list=m32,m64,mx32 --enable-multilib --with-tune=generic --enable-offload-targets=nvptx-none --without-cuda-driver --enable-checking=release --build=x86_64-linux-gnu --host=x86_64-linux-gnu --target=x86_64-linux-gnu
Thread model: posix
gcc version 7.5.0 (Ubuntu 7.5.0-3ubuntu1~18.04) 
COMPILER_PATH=/usr/lib/gcc/x86_64-linux-gnu/7/:/usr/lib/gcc/x86_64-linux-gnu/7/:/usr/lib/gcc/x86_64-linux-gnu/:/usr/lib/gcc/x86_64-linux-gnu/7/:/usr/lib/gcc/x86_64-linux-gnu/
LIBRARY_PATH=/usr/lib/gcc/x86_64-linux-gnu/7/:/usr/lib/gcc/x86_64-linux-gnu/7/../../../x86_64-linux-gnu/:/usr/lib/gcc/x86_64-linux-gnu/7/../../../../lib/:/lib/x86_64-linux-gnu/:/lib/../lib/:/usr/lib/x86_64-linux-gnu/:/usr/lib/../lib/:/usr/local/cuda/lib64/stubs/:/usr/lib/gcc/x86_64-linux-gnu/7/../../../:/lib/:/usr/lib/
COLLECT_GCC_OPTIONS='-Wimplicit-fallthrough=0' '-pipe' '-Wall' '-Wextra' '-pthread' '-v' '-rdynamic' '-o' 'cmTC_e34c5' '-mtune=generic' '-march=x86-64'
 /usr/lib/gcc/x86_64-linux-gnu/7/collect2 -plugin /usr/lib/gcc/x86_64-linux-gnu/7/liblto_plugin.so -plugin-opt=/usr/lib/gcc/x86_64-linux-gnu/7/lto-wrapper -plugin-opt=-fresolution=/tmp/cctpESnQ.res -plugin-opt=-pass-through=-lgcc -plugin-opt=-pass-through=-lgcc_s -plugin-opt=-pass-through=-lpthread -plugin-opt=-pass-through=-lc -plugin-opt=-pass-through=-lgcc -plugin-opt=-pass-through=-lgcc_s --build-id --eh-frame-hdr -m elf_x86_64 --hash-style=gnu --as-needed -export-dynamic -dynamic-linker /lib64/ld-linux-x86-64.so.2 -pie -z now -z relro -o cmTC_e34c5 /usr/lib/gcc/x86_64-linux-gnu/7/../../../x86_64-linux-gnu/Scrt1.o /usr/lib/gcc/x86_64-linux-gnu/7/../../../x86_64-linux-gnu/crti.o /usr/lib/gcc/x86_64-linux-gnu/7/crtbeginS.o -L/usr/lib/gcc/x86_64-linux-gnu/7 -L/usr/lib/gcc/x86_64-linux-gnu/7/../../../x86_64-linux-gnu -L/usr/lib/gcc/x86_64-linux-gnu/7/../../../../lib -L/lib/x86_64-linux-gnu -L/lib/../lib -L/usr/lib/x86_64-linux-gnu -L/usr/lib/../lib -L/usr/local/cuda/lib64/stubs -L/usr/lib/gcc/x86_64-linux-gnu/7/../../.. CMakeFiles/cmTC_e34c5.dir/CMakeCCompilerABI.c.o -lgcc --push-state --as-needed -lgcc_s --pop-state -lpthread -lc -lgcc --push-state --as-needed -lgcc_s --pop-state /usr/lib/gcc/x86_64-linux-gnu/7/crtendS.o /usr/lib/gcc/x86_64-linux-gnu/7/../../../x86_64-linux-gnu/crtn.o
COLLECT_GCC_OPTIONS='-Wimplicit-fallthrough=0' '-pipe' '-Wall' '-Wextra' '-pthread' '-v' '-rdynamic' '-o' 'cmTC_e34c5' '-mtune=generic' '-march=x86-64'
make[4]: Leaving directory '/content/root_src_37/root_build/XROOTD-prefix/src/XROOTD-build/CMakeFiles/CMakeTmp'
make[3]: Leaving directory '/content/root_src_37/root_build/XROOTD-prefix/src/XROOTD-build/CMakeFiles/CMakeTmp'


Parsed C implicit link information from above output:
  link line regex: [^( *|.*[/\])(ld|CMAKE_LINK_STARTFILE-NOTFOUND|([^/\]+-)?ld|collect2)[^/\]*( |$)]
  ignore line: [Change Dir: /content/root_src_37/root_build/XROOTD-prefix/src/XROOTD-build/CMakeFiles/CMakeTmp]
  ignore line: []
  ignore line: [Run Build Command:"/usr/bin/make" "cmTC_e34c5/fast"]
  ignore line: [make[3]: Entering directory '/content/root_src_37/root_build/XROOTD-prefix/src/XROOTD-build/CMakeFiles/CMakeTmp']
  ignore line: [/usr/bin/make -f CMakeFiles/cmTC_e34c5.dir/build.make CMakeFiles/cmTC_e34c5.dir/build]
  ignore line: [make[4]: Entering directory '/content/root_src_37/root_build/XROOTD-prefix/src/XROOTD-build/CMakeFiles/CMakeTmp']
  ignore line: [Building C object CMakeFiles/cmTC_e34c5.dir/CMakeCCompilerABI.c.o]
  ignore line: [/usr/bin/cc   -Wno-implicit-fallthrough -pipe -Wall -W -pthread    -o CMakeFiles/cmTC_e34c5.dir/CMakeCCompilerABI.c.o   -c /usr/local/lib/python2.7/dist-packages/cmake/data/share/cmake-3.12/Modules/CMakeCCompilerABI.c]
  ignore line: [Linking C executable cmTC_e34c5]
  ignore line: [/usr/local/lib/python2.7/dist-packages/cmake/data/bin/cmake -E cmake_link_script CMakeFiles/cmTC_e34c5.dir/link.txt --verbose=1]
  ignore line: [/usr/bin/cc  -Wno-implicit-fallthrough -pipe -Wall -W -pthread    -v -rdynamic CMakeFiles/cmTC_e34c5.dir/CMakeCCompilerABI.c.o  -o cmTC_e34c5 ]
  ignore line: [Using built-in specs.]
  ignore line: [COLLECT_GCC=/usr/bin/cc]
  ignore line: [COLLECT_LTO_WRAPPER=/usr/lib/gcc/x86_64-linux-gnu/7/lto-wrapper]
  ignore line: [OFFLOAD_TARGET_NAMES=nvptx-none]
  ignore line: [OFFLOAD_TARGET_DEFAULT=1]
  ignore line: [Target: x86_64-linux-gnu]
  ignore line: [Configured with: ../src/configure -v --with-pkgversion='Ubuntu 7.5.0-3ubuntu1~18.04' --with-bugurl=file:///usr/share/doc/gcc-7/README.Bugs --enable-languages=c,ada,c++,go,brig,d,fortran,objc,obj-c++ --prefix=/usr --with-gcc-major-version-only --program-suffix=-7 --program-prefix=x86_64-linux-gnu- --enable-shared --enable-linker-build-id --libexecdir=/usr/lib --without-included-gettext --enable-threads=posix --libdir=/usr/lib --enable-nls --enable-bootstrap --enable-clocale=gnu --enable-libstdcxx-debug --enable-libstdcxx-time=yes --with-default-libstdcxx-abi=new --enable-gnu-unique-object --disable-vtable-verify --enable-libmpx --enable-plugin --enable-default-pie --with-system-zlib --with-target-system-zlib --enable-objc-gc=auto --enable-multiarch --disable-werror --with-arch-32=i686 --with-abi=m64 --with-multilib-list=m32,m64,mx32 --enable-multilib --with-tune=generic --enable-offload-targets=nvptx-none --without-cuda-driver --enable-checking=release --build=x86_64-linux-gnu --host=x86_64-linux-gnu --target=x86_64-linux-gnu]
  ignore line: [Thread model: posix]
  ignore line: [gcc version 7.5.0 (Ubuntu 7.5.0-3ubuntu1~18.04) ]
  ignore line: [COMPILER_PATH=/usr/lib/gcc/x86_64-linux-gnu/7/:/usr/lib/gcc/x86_64-linux-gnu/7/:/usr/lib/gcc/x86_64-linux-gnu/:/usr/lib/gcc/x86_64-linux-gnu/7/:/usr/lib/gcc/x86_64-linux-gnu/]
  ignore line: [LIBRARY_PATH=/usr/lib/gcc/x86_64-linux-gnu/7/:/usr/lib/gcc/x86_64-linux-gnu/7/../../../x86_64-linux-gnu/:/usr/lib/gcc/x86_64-linux-gnu/7/../../../../lib/:/lib/x86_64-linux-gnu/:/lib/../lib/:/usr/lib/x86_64-linux-gnu/:/usr/lib/../lib/:/usr/local/cuda/lib64/stubs/:/usr/lib/gcc/x86_64-linux-gnu/7/../../../:/lib/:/usr/lib/]
  ignore line: [COLLECT_GCC_OPTIONS='-Wimplicit-fallthrough=0' '-pipe' '-Wall' '-Wextra' '-pthread' '-v' '-rdynamic' '-o' 'cmTC_e34c5' '-mtune=generic' '-march=x86-64']
  link line: [ /usr/lib/gcc/x86_64-linux-gnu/7/collect2 -plugin /usr/lib/gcc/x86_64-linux-gnu/7/liblto_plugin.so -plugin-opt=/usr/lib/gcc/x86_64-linux-gnu/7/lto-wrapper -plugin-opt=-fresolution=/tmp/cctpESnQ.res -plugin-opt=-pass-through=-lgcc -plugin-opt=-pass-through=-lgcc_s -plugin-opt=-pass-through=-lpthread -plugin-opt=-pass-through=-lc -plugin-opt=-pass-through=-lgcc -plugin-opt=-pass-through=-lgcc_s --build-id --eh-frame-hdr -m elf_x86_64 --hash-style=gnu --as-needed -export-dynamic -dynamic-linker /lib64/ld-linux-x86-64.so.2 -pie -z now -z relro -o cmTC_e34c5 /usr/lib/gcc/x86_64-linux-gnu/7/../../../x86_64-linux-gnu/Scrt1.o /usr/lib/gcc/x86_64-linux-gnu/7/../../../x86_64-linux-gnu/crti.o /usr/lib/gcc/x86_64-linux-gnu/7/crtbeginS.o -L/usr/lib/gcc/x86_64-linux-gnu/7 -L/usr/lib/gcc/x86_64-linux-gnu/7/../../../x86_64-linux-gnu -L/usr/lib/gcc/x86_64-linux-gnu/7/../../../../lib -L/lib/x86_64-linux-gnu -L/lib/../lib -L/usr/lib/x86_64-linux-gnu -L/usr/lib/../lib -L/usr/local/cuda/lib64/stubs -L/usr/lib/gcc/x86_64-linux-gnu/7/../../.. CMakeFiles/cmTC_e34c5.dir/CMakeCCompilerABI.c.o -lgcc --push-state --as-needed -lgcc_s --pop-state -lpthread -lc -lgcc --push-state --as-needed -lgcc_s --pop-state /usr/lib/gcc/x86_64-linux-gnu/7/crtendS.o /usr/lib/gcc/x86_64-linux-gnu/7/../../../x86_64-linux-gnu/crtn.o]
    arg [/usr/lib/gcc/x86_64-linux-gnu/7/collect2] ==> ignore
    arg [-plugin] ==> ignore
    arg [/usr/lib/gcc/x86_64-linux-gnu/7/liblto_plugin.so] ==> ignore
    arg [-plugin-opt=/usr/lib/gcc/x86_64-linux-gnu/7/lto-wrapper] ==> ignore
    arg [-plugin-opt=-fresolution=/tmp/cctpESnQ.res] ==> ignore
    arg [-plugin-opt=-pass-through=-lgcc] ==> ignore
    arg [-plugin-opt=-pass-through=-lgcc_s] ==> ignore
    arg [-plugin-opt=-pass-through=-lpthread] ==> ignore
    arg [-plugin-opt=-pass-through=-lc] ==> ignore
    arg [-plugin-opt=-pass-through=-lgcc] ==> ignore
    arg [-plugin-opt=-pass-through=-lgcc_s] ==> ignore
    arg [--build-id] ==> ignore
    arg [--eh-frame-hdr] ==> ignore
    arg [-m] ==> ignore
    arg [elf_x86_64] ==> ignore
    arg [--hash-style=gnu] ==> ignore
    arg [--as-needed] ==> ignore
    arg [-export-dynamic] ==> ignore
    arg [-dynamic-linker] ==> ignore
    arg [/lib64/ld-linux-x86-64.so.2] ==> ignore
    arg [-pie] ==> ignore
    arg [-znow] ==> ignore
    arg [-zrelro] ==> ignore
    arg [-o] ==> ignore
    arg [cmTC_e34c5] ==> ignore
    arg [/usr/lib/gcc/x86_64-linux-gnu/7/../../../x86_64-linux-gnu/Scrt1.o] ==> ignore
    arg [/usr/lib/gcc/x86_64-linux-gnu/7/../../../x86_64-linux-gnu/crti.o] ==> ignore
    arg [/usr/lib/gcc/x86_64-linux-gnu/7/crtbeginS.o] ==> ignore
    arg [-L/usr/lib/gcc/x86_64-linux-gnu/7] ==> dir [/usr/lib/gcc/x86_64-linux-gnu/7]
    arg [-L/usr/lib/gcc/x86_64-linux-gnu/7/../../../x86_64-linux-gnu] ==> dir [/usr/lib/gcc/x86_64-linux-gnu/7/../../../x86_64-linux-gnu]
    arg [-L/usr/lib/gcc/x86_64-linux-gnu/7/../../../../lib] ==> dir [/usr/lib/gcc/x86_64-linux-gnu/7/../../../../lib]
    arg [-L/lib/x86_64-linux-gnu] ==> dir [/lib/x86_64-linux-gnu]
    arg [-L/lib/../lib] ==> dir [/lib/../lib]
    arg [-L/usr/lib/x86_64-linux-gnu] ==> dir [/usr/lib/x86_64-linux-gnu]
    arg [-L/usr/lib/../lib] ==> dir [/usr/lib/../lib]
    arg [-L/usr/local/cuda/lib64/stubs] ==> dir [/usr/local/cuda/lib64/stubs]
    arg [-L/usr/lib/gcc/x86_64-linux-gnu/7/../../..] ==> dir [/usr/lib/gcc/x86_64-linux-gnu/7/../../..]
    arg [CMakeFiles/cmTC_e34c5.dir/CMakeCCompilerABI.c.o] ==> ignore
    arg [-lgcc] ==> lib [gcc]
    arg [--push-state] ==> ignore
    arg [--as-needed] ==> ignore
    arg [-lgcc_s] ==> lib [gcc_s]
    arg [--pop-state] ==> ignore
    arg [-lpthread] ==> lib [pthread]
    arg [-lc] ==> lib [c]
    arg [-lgcc] ==> lib [gcc]
    arg [--push-state] ==> ignore
    arg [--as-needed] ==> ignore
    arg [-lgcc_s] ==> lib [gcc_s]
    arg [--pop-state] ==> ignore
    arg [/usr/lib/gcc/x86_64-linux-gnu/7/crtendS.o] ==> ignore
    arg [/usr/lib/gcc/x86_64-linux-gnu/7/../../../x86_64-linux-gnu/crtn.o] ==> ignore
  collapse library dir [/usr/lib/gcc/x86_64-linux-gnu/7] ==> [/usr/lib/gcc/x86_64-linux-gnu/7]
  collapse library dir [/usr/lib/gcc/x86_64-linux-gnu/7/../../../x86_64-linux-gnu] ==> [/usr/lib/x86_64-linux-gnu]
  collapse library dir [/usr/lib/gcc/x86_64-linux-gnu/7/../../../../lib] ==> [/usr/lib]
  collapse library dir [/lib/x86_64-linux-gnu] ==> [/lib/x86_64-linux-gnu]
  collapse library dir [/lib/../lib] ==> [/lib]
  collapse library dir [/usr/lib/x86_64-linux-gnu] ==> [/usr/lib/x86_64-linux-gnu]
  collapse library dir [/usr/lib/../lib] ==> [/usr/lib]
  collapse library dir [/usr/local/cuda/lib64/stubs] ==> [/usr/local/cuda/lib64/stubs]
  collapse library dir [/usr/lib/gcc/x86_64-linux-gnu/7/../../..] ==> [/usr/lib]
  implicit libs: [gcc;gcc_s;pthread;c;gcc;gcc_s]
  implicit dirs: [/usr/lib/gcc/x86_64-linux-gnu/7;/usr/lib/x86_64-linux-gnu;/usr/lib;/lib/x86_64-linux-gnu;/lib;/usr/local/cuda/lib64/stubs]
  implicit fwks: []




Detecting C [-std=c11] compiler features compiled with the following output:
Change Dir: /content/root_src_37/root_build/XROOTD-prefix/src/XROOTD-build/CMakeFiles/CMakeTmp

Run Build Command:"/usr/bin/make" "cmTC_b34cb/fast"
make[3]: Entering directory '/content/root_src_37/root_build/XROOTD-prefix/src/XROOTD-build/CMakeFiles/CMakeTmp'
/usr/bin/make -f CMakeFiles/cmTC_b34cb.dir/build.make CMakeFiles/cmTC_b34cb.dir/build
make[4]: Entering directory '/content/root_src_37/root_build/XROOTD-prefix/src/XROOTD-build/CMakeFiles/CMakeTmp'
Building C object CMakeFiles/cmTC_b34cb.dir/feature_tests.c.o
/usr/bin/cc   -Wno-implicit-fallthrough -pipe -Wall -W -pthread    -std=c11 -o CMakeFiles/cmTC_b34cb.dir/feature_tests.c.o   -c /content/root_src_37/root_build/XROOTD-prefix/src/XROOTD-build/CMakeFiles/feature_tests.c
Linking C executable cmTC_b34cb
/usr/local/lib/python2.7/dist-packages/cmake/data/bin/cmake -E cmake_link_script CMakeFiles/cmTC_b34cb.dir/link.txt --verbose=1
/usr/bin/cc  -Wno-implicit-fallthrough -pipe -Wall -W -pthread     -rdynamic CMakeFiles/cmTC_b34cb.dir/feature_tests.c.o  -o cmTC_b34cb 
make[4]: Leaving directory '/content/root_src_37/root_build/XROOTD-prefix/src/XROOTD-build/CMakeFiles/CMakeTmp'
make[3]: Leaving directory '/content/root_src_37/root_build/XROOTD-prefix/src/XROOTD-build/CMakeFiles/CMakeTmp'


    Feature record: C_FEATURE:1c_function_prototypes
    Feature record: C_FEATURE:1c_restrict
    Feature record: C_FEATURE:1c_static_assert
    Feature record: C_FEATURE:1c_variadic_macros


Detecting C [-std=c99] compiler features compiled with the following output:
Change Dir: /content/root_src_37/root_build/XROOTD-prefix/src/XROOTD-build/CMakeFiles/CMakeTmp

Run Build Command:"/usr/bin/make" "cmTC_d484e/fast"
make[3]: Entering directory '/content/root_src_37/root_build/XROOTD-prefix/src/XROOTD-build/CMakeFiles/CMakeTmp'
/usr/bin/make -f CMakeFiles/cmTC_d484e.dir/build.make CMakeFiles/cmTC_d484e.dir/build
make[4]: Entering directory '/content/root_src_37/root_build/XROOTD-prefix/src/XROOTD-build/CMakeFiles/CMakeTmp'
Building C object CMakeFiles/cmTC_d484e.dir/feature_tests.c.o
/usr/bin/cc   -Wno-implicit-fallthrough -pipe -Wall -W -pthread    -std=c99 -o CMakeFiles/cmTC_d484e.dir/feature_tests.c.o   -c /content/root_src_37/root_build/XROOTD-prefix/src/XROOTD-build/CMakeFiles/feature_tests.c
Linking C executable cmTC_d484e
/usr/local/lib/python2.7/dist-packages/cmake/data/bin/cmake -E cmake_link_script CMakeFiles/cmTC_d484e.dir/link.txt --verbose=1
/usr/bin/cc  -Wno-implicit-fallthrough -pipe -Wall -W -pthread     -rdynamic CMakeFiles/cmTC_d484e.dir/feature_tests.c.o  -o cmTC_d484e 
make[4]: Leaving directory '/content/root_src_37/root_build/XROOTD-prefix/src/XROOTD-build/CMakeFiles/CMakeTmp'
make[3]: Leaving directory '/content/root_src_37/root_build/XROOTD-prefix/src/XROOTD-build/CMakeFiles/CMakeTmp'


    Feature record: C_FEATURE:1c_function_prototypes
    Feature record: C_FEATURE:1c_restrict
    Feature record: C_FEATURE:0c_static_assert
    Feature record: C_FEATURE:1c_variadic_macros


Detecting C [-std=c90] compiler features compiled with the following output:
Change Dir: /content/root_src_37/root_build/XROOTD-prefix/src/XROOTD-build/CMakeFiles/CMakeTmp

Run Build Command:"/usr/bin/make" "cmTC_877c7/fast"
make[3]: Entering directory '/content/root_src_37/root_build/XROOTD-prefix/src/XROOTD-build/CMakeFiles/CMakeTmp'
/usr/bin/make -f CMakeFiles/cmTC_877c7.dir/build.make CMakeFiles/cmTC_877c7.dir/build
make[4]: Entering directory '/content/root_src_37/root_build/XROOTD-prefix/src/XROOTD-build/CMakeFiles/CMakeTmp'
Building C object CMakeFiles/cmTC_877c7.dir/feature_tests.c.o
/usr/bin/cc   -Wno-implicit-fallthrough -pipe -Wall -W -pthread    -std=c90 -o CMakeFiles/cmTC_877c7.dir/feature_tests.c.o   -c /content/root_src_37/root_build/XROOTD-prefix/src/XROOTD-build/CMakeFiles/feature_tests.c
Linking C executable cmTC_877c7
/usr/local/lib/python2.7/dist-packages/cmake/data/bin/cmake -E cmake_link_script CMakeFiles/cmTC_877c7.dir/link.txt --verbose=1
/usr/bin/cc  -Wno-implicit-fallthrough -pipe -Wall -W -pthread     -rdynamic CMakeFiles/cmTC_877c7.dir/feature_tests.c.o  -o cmTC_877c7 
make[4]: Leaving directory '/content/root_src_37/root_build/XROOTD-prefix/src/XROOTD-build/CMakeFiles/CMakeTmp'
make[3]: Leaving directory '/content/root_src_37/root_build/XROOTD-prefix/src/XROOTD-build/CMakeFiles/CMakeTmp'


    Feature record: C_FEATURE:1c_function_prototypes
    Feature record: C_FEATURE:0c_restrict
    Feature record: C_FEATURE:0c_static_assert
    Feature record: C_FEATURE:0c_variadic_macros
Determining if the CXX compiler works passed with the following output:
Change Dir: /content/root_src_37/root_build/XROOTD-prefix/src/XROOTD-build/CMakeFiles/CMakeTmp

Run Build Command:"/usr/bin/make" "cmTC_4fbbf/fast"
make[3]: Entering directory '/content/root_src_37/root_build/XROOTD-prefix/src/XROOTD-build/CMakeFiles/CMakeTmp'
/usr/bin/make -f CMakeFiles/cmTC_4fbbf.dir/build.make CMakeFiles/cmTC_4fbbf.dir/build
make[4]: Entering directory '/content/root_src_37/root_build/XROOTD-prefix/src/XROOTD-build/CMakeFiles/CMakeTmp'
Building CXX object CMakeFiles/cmTC_4fbbf.dir/testCXXCompiler.cxx.o
/usr/bin/c++    -std=c++11 -Wno-implicit-fallthrough -Wno-noexcept-type -pipe    -fsigned-char -pthread -w    -o CMakeFiles/cmTC_4fbbf.dir/testCXXCompiler.cxx.o -c /content/root_src_37/root_build/XROOTD-prefix/src/XROOTD-build/CMakeFiles/CMakeTmp/testCXXCompiler.cxx
Linking CXX executable cmTC_4fbbf
/usr/local/lib/python2.7/dist-packages/cmake/data/bin/cmake -E cmake_link_script CMakeFiles/cmTC_4fbbf.dir/link.txt --verbose=1
/usr/bin/c++   -std=c++11 -Wno-implicit-fallthrough -Wno-noexcept-type -pipe    -fsigned-char -pthread -w     -rdynamic CMakeFiles/cmTC_4fbbf.dir/testCXXCompiler.cxx.o  -o cmTC_4fbbf 
make[4]: Leaving directory '/content/root_src_37/root_build/XROOTD-prefix/src/XROOTD-build/CMakeFiles/CMakeTmp'
make[3]: Leaving directory '/content/root_src_37/root_build/XROOTD-prefix/src/XROOTD-build/CMakeFiles/CMakeTmp'


Detecting CXX compiler ABI info compiled with the following output:
Change Dir: /content/root_src_37/root_build/XROOTD-prefix/src/XROOTD-build/CMakeFiles/CMakeTmp

Run Build Command:"/usr/bin/make" "cmTC_f72be/fast"
make[3]: Entering directory '/content/root_src_37/root_build/XROOTD-prefix/src/XROOTD-build/CMakeFiles/CMakeTmp'
/usr/bin/make -f CMakeFiles/cmTC_f72be.dir/build.make CMakeFiles/cmTC_f72be.dir/build
make[4]: Entering directory '/content/root_src_37/root_build/XROOTD-prefix/src/XROOTD-build/CMakeFiles/CMakeTmp'
Building CXX object CMakeFiles/cmTC_f72be.dir/CMakeCXXCompilerABI.cpp.o
/usr/bin/c++    -std=c++11 -Wno-implicit-fallthrough -Wno-noexcept-type -pipe    -fsigned-char -pthread -w    -o CMakeFiles/cmTC_f72be.dir/CMakeCXXCompilerABI.cpp.o -c /usr/local/lib/python2.7/dist-packages/cmake/data/share/cmake-3.12/Modules/CMakeCXXCompilerABI.cpp
Linking CXX executable cmTC_f72be
/usr/local/lib/python2.7/dist-packages/cmake/data/bin/cmake -E cmake_link_script CMakeFiles/cmTC_f72be.dir/link.txt --verbose=1
/usr/bin/c++   -std=c++11 -Wno-implicit-fallthrough -Wno-noexcept-type -pipe    -fsigned-char -pthread -w    -v -rdynamic CMakeFiles/cmTC_f72be.dir/CMakeCXXCompilerABI.cpp.o  -o cmTC_f72be 
Using built-in specs.
COLLECT_GCC=/usr/bin/c++
COLLECT_LTO_WRAPPER=/usr/lib/gcc/x86_64-linux-gnu/7/lto-wrapper
OFFLOAD_TARGET_NAMES=nvptx-none
OFFLOAD_TARGET_DEFAULT=1
Target: x86_64-linux-gnu
Configured with: ../src/configure -v --with-pkgversion='Ubuntu 7.5.0-3ubuntu1~18.04' --with-bugurl=file:///usr/share/doc/gcc-7/README.Bugs --enable-languages=c,ada,c++,go,brig,d,fortran,objc,obj-c++ --prefix=/usr --with-gcc-major-version-only --program-suffix=-7 --program-prefix=x86_64-linux-gnu- --enable-shared --enable-linker-build-id --libexecdir=/usr/lib --without-included-gettext --enable-threads=posix --libdir=/usr/lib --enable-nls --enable-bootstrap --enable-clocale=gnu --enable-libstdcxx-debug --enable-libstdcxx-time=yes --with-default-libstdcxx-abi=new --enable-gnu-unique-object --disable-vtable-verify --enable-libmpx --enable-plugin --enable-default-pie --with-system-zlib --with-target-system-zlib --enable-objc-gc=auto --enable-multiarch --disable-werror --with-arch-32=i686 --with-abi=m64 --with-multilib-list=m32,m64,mx32 --enable-multilib --with-tune=generic --enable-offload-targets=nvptx-none --without-cuda-driver --enable-checking=release --build=x86_64-linux-gnu --host=x86_64-linux-gnu --target=x86_64-linux-gnu
Thread model: posix
gcc version 7.5.0 (Ubuntu 7.5.0-3ubuntu1~18.04) 
COMPILER_PATH=/usr/lib/gcc/x86_64-linux-gnu/7/:/usr/lib/gcc/x86_64-linux-gnu/7/:/usr/lib/gcc/x86_64-linux-gnu/:/usr/lib/gcc/x86_64-linux-gnu/7/:/usr/lib/gcc/x86_64-linux-gnu/
LIBRARY_PATH=/usr/lib/gcc/x86_64-linux-gnu/7/:/usr/lib/gcc/x86_64-linux-gnu/7/../../../x86_64-linux-gnu/:/usr/lib/gcc/x86_64-linux-gnu/7/../../../../lib/:/lib/x86_64-linux-gnu/:/lib/../lib/:/usr/lib/x86_64-linux-gnu/:/usr/lib/../lib/:/usr/local/cuda/lib64/stubs/:/usr/lib/gcc/x86_64-linux-gnu/7/../../../:/lib/:/usr/lib/
COLLECT_GCC_OPTIONS='-std=c++11' '-Wimplicit-fallthrough=0' '-Wno-noexcept-type' '-pipe' '-fsigned-char' '-pthread' '-w' '-v' '-rdynamic' '-o' 'cmTC_f72be' '-shared-libgcc' '-mtune=generic' '-march=x86-64'
 /usr/lib/gcc/x86_64-linux-gnu/7/collect2 -plugin /usr/lib/gcc/x86_64-linux-gnu/7/liblto_plugin.so -plugin-opt=/usr/lib/gcc/x86_64-linux-gnu/7/lto-wrapper -plugin-opt=-fresolution=/tmp/cckHzWww.res -plugin-opt=-pass-through=-lgcc_s -plugin-opt=-pass-through=-lgcc -plugin-opt=-pass-through=-lpthread -plugin-opt=-pass-through=-lc -plugin-opt=-pass-through=-lgcc_s -plugin-opt=-pass-through=-lgcc --build-id --eh-frame-hdr -m elf_x86_64 --hash-style=gnu --as-needed -export-dynamic -dynamic-linker /lib64/ld-linux-x86-64.so.2 -pie -z now -z relro -o cmTC_f72be /usr/lib/gcc/x86_64-linux-gnu/7/../../../x86_64-linux-gnu/Scrt1.o /usr/lib/gcc/x86_64-linux-gnu/7/../../../x86_64-linux-gnu/crti.o /usr/lib/gcc/x86_64-linux-gnu/7/crtbeginS.o -L/usr/lib/gcc/x86_64-linux-gnu/7 -L/usr/lib/gcc/x86_64-linux-gnu/7/../../../x86_64-linux-gnu -L/usr/lib/gcc/x86_64-linux-gnu/7/../../../../lib -L/lib/x86_64-linux-gnu -L/lib/../lib -L/usr/lib/x86_64-linux-gnu -L/usr/lib/../lib -L/usr/local/cuda/lib64/stubs -L/usr/lib/gcc/x86_64-linux-gnu/7/../../.. CMakeFiles/cmTC_f72be.dir/CMakeCXXCompilerABI.cpp.o -lstdc++ -lm -lgcc_s -lgcc -lpthread -lc -lgcc_s -lgcc /usr/lib/gcc/x86_64-linux-gnu/7/crtendS.o /usr/lib/gcc/x86_64-linux-gnu/7/../../../x86_64-linux-gnu/crtn.o
COLLECT_GCC_OPTIONS='-std=c++11' '-Wimplicit-fallthrough=0' '-Wno-noexcept-type' '-pipe' '-fsigned-char' '-pthread' '-w' '-v' '-rdynamic' '-o' 'cmTC_f72be' '-shared-libgcc' '-mtune=generic' '-march=x86-64'
make[4]: Leaving directory '/content/root_src_37/root_build/XROOTD-prefix/src/XROOTD-build/CMakeFiles/CMakeTmp'
make[3]: Leaving directory '/content/root_src_37/root_build/XROOTD-prefix/src/XROOTD-build/CMakeFiles/CMakeTmp'


Parsed CXX implicit link information from above output:
  link line regex: [^( *|.*[/\])(ld|CMAKE_LINK_STARTFILE-NOTFOUND|([^/\]+-)?ld|collect2)[^/\]*( |$)]
  ignore line: [Change Dir: /content/root_src_37/root_build/XROOTD-prefix/src/XROOTD-build/CMakeFiles/CMakeTmp]
  ignore line: []
  ignore line: [Run Build Command:"/usr/bin/make" "cmTC_f72be/fast"]
  ignore line: [make[3]: Entering directory '/content/root_src_37/root_build/XROOTD-prefix/src/XROOTD-build/CMakeFiles/CMakeTmp']
  ignore line: [/usr/bin/make -f CMakeFiles/cmTC_f72be.dir/build.make CMakeFiles/cmTC_f72be.dir/build]
  ignore line: [make[4]: Entering directory '/content/root_src_37/root_build/XROOTD-prefix/src/XROOTD-build/CMakeFiles/CMakeTmp']
  ignore line: [Building CXX object CMakeFiles/cmTC_f72be.dir/CMakeCXXCompilerABI.cpp.o]
  ignore line: [/usr/bin/c++    -std=c++11 -Wno-implicit-fallthrough -Wno-noexcept-type -pipe    -fsigned-char -pthread -w    -o CMakeFiles/cmTC_f72be.dir/CMakeCXXCompilerABI.cpp.o -c /usr/local/lib/python2.7/dist-packages/cmake/data/share/cmake-3.12/Modules/CMakeCXXCompilerABI.cpp]
  ignore line: [Linking CXX executable cmTC_f72be]
  ignore line: [/usr/local/lib/python2.7/dist-packages/cmake/data/bin/cmake -E cmake_link_script CMakeFiles/cmTC_f72be.dir/link.txt --verbose=1]
  ignore line: [/usr/bin/c++   -std=c++11 -Wno-implicit-fallthrough -Wno-noexcept-type -pipe    -fsigned-char -pthread -w    -v -rdynamic CMakeFiles/cmTC_f72be.dir/CMakeCXXCompilerABI.cpp.o  -o cmTC_f72be ]
  ignore line: [Using built-in specs.]
  ignore line: [COLLECT_GCC=/usr/bin/c++]
  ignore line: [COLLECT_LTO_WRAPPER=/usr/lib/gcc/x86_64-linux-gnu/7/lto-wrapper]
  ignore line: [OFFLOAD_TARGET_NAMES=nvptx-none]
  ignore line: [OFFLOAD_TARGET_DEFAULT=1]
  ignore line: [Target: x86_64-linux-gnu]
  ignore line: [Configured with: ../src/configure -v --with-pkgversion='Ubuntu 7.5.0-3ubuntu1~18.04' --with-bugurl=file:///usr/share/doc/gcc-7/README.Bugs --enable-languages=c,ada,c++,go,brig,d,fortran,objc,obj-c++ --prefix=/usr --with-gcc-major-version-only --program-suffix=-7 --program-prefix=x86_64-linux-gnu- --enable-shared --enable-linker-build-id --libexecdir=/usr/lib --without-included-gettext --enable-threads=posix --libdir=/usr/lib --enable-nls --enable-bootstrap --enable-clocale=gnu --enable-libstdcxx-debug --enable-libstdcxx-time=yes --with-default-libstdcxx-abi=new --enable-gnu-unique-object --disable-vtable-verify --enable-libmpx --enable-plugin --enable-default-pie --with-system-zlib --with-target-system-zlib --enable-objc-gc=auto --enable-multiarch --disable-werror --with-arch-32=i686 --with-abi=m64 --with-multilib-list=m32,m64,mx32 --enable-multilib --with-tune=generic --enable-offload-targets=nvptx-none --without-cuda-driver --enable-checking=release --build=x86_64-linux-gnu --host=x86_64-linux-gnu --target=x86_64-linux-gnu]
  ignore line: [Thread model: posix]
  ignore line: [gcc version 7.5.0 (Ubuntu 7.5.0-3ubuntu1~18.04) ]
  ignore line: [COMPILER_PATH=/usr/lib/gcc/x86_64-linux-gnu/7/:/usr/lib/gcc/x86_64-linux-gnu/7/:/usr/lib/gcc/x86_64-linux-gnu/:/usr/lib/gcc/x86_64-linux-gnu/7/:/usr/lib/gcc/x86_64-linux-gnu/]
  ignore line: [LIBRARY_PATH=/usr/lib/gcc/x86_64-linux-gnu/7/:/usr/lib/gcc/x86_64-linux-gnu/7/../../../x86_64-linux-gnu/:/usr/lib/gcc/x86_64-linux-gnu/7/../../../../lib/:/lib/x86_64-linux-gnu/:/lib/../lib/:/usr/lib/x86_64-linux-gnu/:/usr/lib/../lib/:/usr/local/cuda/lib64/stubs/:/usr/lib/gcc/x86_64-linux-gnu/7/../../../:/lib/:/usr/lib/]
  ignore line: [COLLECT_GCC_OPTIONS='-std=c++11' '-Wimplicit-fallthrough=0' '-Wno-noexcept-type' '-pipe' '-fsigned-char' '-pthread' '-w' '-v' '-rdynamic' '-o' 'cmTC_f72be' '-shared-libgcc' '-mtune=generic' '-march=x86-64']
  link line: [ /usr/lib/gcc/x86_64-linux-gnu/7/collect2 -plugin /usr/lib/gcc/x86_64-linux-gnu/7/liblto_plugin.so -plugin-opt=/usr/lib/gcc/x86_64-linux-gnu/7/lto-wrapper -plugin-opt=-fresolution=/tmp/cckHzWww.res -plugin-opt=-pass-through=-lgcc_s -plugin-opt=-pass-through=-lgcc -plugin-opt=-pass-through=-lpthread -plugin-opt=-pass-through=-lc -plugin-opt=-pass-through=-lgcc_s -plugin-opt=-pass-through=-lgcc --build-id --eh-frame-hdr -m elf_x86_64 --hash-style=gnu --as-needed -export-dynamic -dynamic-linker /lib64/ld-linux-x86-64.so.2 -pie -z now -z relro -o cmTC_f72be /usr/lib/gcc/x86_64-linux-gnu/7/../../../x86_64-linux-gnu/Scrt1.o /usr/lib/gcc/x86_64-linux-gnu/7/../../../x86_64-linux-gnu/crti.o /usr/lib/gcc/x86_64-linux-gnu/7/crtbeginS.o -L/usr/lib/gcc/x86_64-linux-gnu/7 -L/usr/lib/gcc/x86_64-linux-gnu/7/../../../x86_64-linux-gnu -L/usr/lib/gcc/x86_64-linux-gnu/7/../../../../lib -L/lib/x86_64-linux-gnu -L/lib/../lib -L/usr/lib/x86_64-linux-gnu -L/usr/lib/../lib -L/usr/local/cuda/lib64/stubs -L/usr/lib/gcc/x86_64-linux-gnu/7/../../.. CMakeFiles/cmTC_f72be.dir/CMakeCXXCompilerABI.cpp.o -lstdc++ -lm -lgcc_s -lgcc -lpthread -lc -lgcc_s -lgcc /usr/lib/gcc/x86_64-linux-gnu/7/crtendS.o /usr/lib/gcc/x86_64-linux-gnu/7/../../../x86_64-linux-gnu/crtn.o]
    arg [/usr/lib/gcc/x86_64-linux-gnu/7/collect2] ==> ignore
    arg [-plugin] ==> ignore
    arg [/usr/lib/gcc/x86_64-linux-gnu/7/liblto_plugin.so] ==> ignore
    arg [-plugin-opt=/usr/lib/gcc/x86_64-linux-gnu/7/lto-wrapper] ==> ignore
    arg [-plugin-opt=-fresolution=/tmp/cckHzWww.res] ==> ignore
    arg [-plugin-opt=-pass-through=-lgcc_s] ==> ignore
    arg [-plugin-opt=-pass-through=-lgcc] ==> ignore
    arg [-plugin-opt=-pass-through=-lpthread] ==> ignore
    arg [-plugin-opt=-pass-through=-lc] ==> ignore
    arg [-plugin-opt=-pass-through=-lgcc_s] ==> ignore
    arg [-plugin-opt=-pass-through=-lgcc] ==> ignore
    arg [--build-id] ==> ignore
    arg [--eh-frame-hdr] ==> ignore
    arg [-m] ==> ignore
    arg [elf_x86_64] ==> ignore
    arg [--hash-style=gnu] ==> ignore
    arg [--as-needed] ==> ignore
    arg [-export-dynamic] ==> ignore
    arg [-dynamic-linker] ==> ignore
    arg [/lib64/ld-linux-x86-64.so.2] ==> ignore
    arg [-pie] ==> ignore
    arg [-znow] ==> ignore
    arg [-zrelro] ==> ignore
    arg [-o] ==> ignore
    arg [cmTC_f72be] ==> ignore
    arg [/usr/lib/gcc/x86_64-linux-gnu/7/../../../x86_64-linux-gnu/Scrt1.o] ==> ignore
    arg [/usr/lib/gcc/x86_64-linux-gnu/7/../../../x86_64-linux-gnu/crti.o] ==> ignore
    arg [/usr/lib/gcc/x86_64-linux-gnu/7/crtbeginS.o] ==> ignore
    arg [-L/usr/lib/gcc/x86_64-linux-gnu/7] ==> dir [/usr/lib/gcc/x86_64-linux-gnu/7]
    arg [-L/usr/lib/gcc/x86_64-linux-gnu/7/../../../x86_64-linux-gnu] ==> dir [/usr/lib/gcc/x86_64-linux-gnu/7/../../../x86_64-linux-gnu]
    arg [-L/usr/lib/gcc/x86_64-linux-gnu/7/../../../../lib] ==> dir [/usr/lib/gcc/x86_64-linux-gnu/7/../../../../lib]
    arg [-L/lib/x86_64-linux-gnu] ==> dir [/lib/x86_64-linux-gnu]
    arg [-L/lib/../lib] ==> dir [/lib/../lib]
    arg [-L/usr/lib/x86_64-linux-gnu] ==> dir [/usr/lib/x86_64-linux-gnu]
    arg [-L/usr/lib/../lib] ==> dir [/usr/lib/../lib]
    arg [-L/usr/local/cuda/lib64/stubs] ==> dir [/usr/local/cuda/lib64/stubs]
    arg [-L/usr/lib/gcc/x86_64-linux-gnu/7/../../..] ==> dir [/usr/lib/gcc/x86_64-linux-gnu/7/../../..]
    arg [CMakeFiles/cmTC_f72be.dir/CMakeCXXCompilerABI.cpp.o] ==> ignore
    arg [-lstdc++] ==> lib [stdc++]
    arg [-lm] ==> lib [m]
    arg [-lgcc_s] ==> lib [gcc_s]
    arg [-lgcc] ==> lib [gcc]
    arg [-lpthread] ==> lib [pthread]
    arg [-lc] ==> lib [c]
    arg [-lgcc_s] ==> lib [gcc_s]
    arg [-lgcc] ==> lib [gcc]
    arg [/usr/lib/gcc/x86_64-linux-gnu/7/crtendS.o] ==> ignore
    arg [/usr/lib/gcc/x86_64-linux-gnu/7/../../../x86_64-linux-gnu/crtn.o] ==> ignore
  collapse library dir [/usr/lib/gcc/x86_64-linux-gnu/7] ==> [/usr/lib/gcc/x86_64-linux-gnu/7]
  collapse library dir [/usr/lib/gcc/x86_64-linux-gnu/7/../../../x86_64-linux-gnu] ==> [/usr/lib/x86_64-linux-gnu]
  collapse library dir [/usr/lib/gcc/x86_64-linux-gnu/7/../../../../lib] ==> [/usr/lib]
  collapse library dir [/lib/x86_64-linux-gnu] ==> [/lib/x86_64-linux-gnu]
  collapse library dir [/lib/../lib] ==> [/lib]
  collapse library dir [/usr/lib/x86_64-linux-gnu] ==> [/usr/lib/x86_64-linux-gnu]
  collapse library dir [/usr/lib/../lib] ==> [/usr/lib]
  collapse library dir [/usr/local/cuda/lib64/stubs] ==> [/usr/local/cuda/lib64/stubs]
  collapse library dir [/usr/lib/gcc/x86_64-linux-gnu/7/../../..] ==> [/usr/lib]
  implicit libs: [stdc++;m;gcc_s;gcc;pthread;c;gcc_s;gcc]
  implicit dirs: [/usr/lib/gcc/x86_64-linux-gnu/7;/usr/lib/x86_64-linux-gnu;/usr/lib;/lib/x86_64-linux-gnu;/lib;/usr/local/cuda/lib64/stubs]
  implicit fwks: []




Detecting CXX [-std=c++1z] compiler features compiled with the following output:
Change Dir: /content/root_src_37/root_build/XROOTD-prefix/src/XROOTD-build/CMakeFiles/CMakeTmp

Run Build Command:"/usr/bin/make" "cmTC_e3c5b/fast"
make[3]: Entering directory '/content/root_src_37/root_build/XROOTD-prefix/src/XROOTD-build/CMakeFiles/CMakeTmp'
/usr/bin/make -f CMakeFiles/cmTC_e3c5b.dir/build.make CMakeFiles/cmTC_e3c5b.dir/build
make[4]: Entering directory '/content/root_src_37/root_build/XROOTD-prefix/src/XROOTD-build/CMakeFiles/CMakeTmp'
Building CXX object CMakeFiles/cmTC_e3c5b.dir/feature_tests.cxx.o
/usr/bin/c++    -std=c++11 -Wno-implicit-fallthrough -Wno-noexcept-type -pipe    -fsigned-char -pthread -w    -std=c++1z -o CMakeFiles/cmTC_e3c5b.dir/feature_tests.cxx.o -c /content/root_src_37/root_build/XROOTD-prefix/src/XROOTD-build/CMakeFiles/feature_tests.cxx
Linking CXX executable cmTC_e3c5b
/usr/local/lib/python2.7/dist-packages/cmake/data/bin/cmake -E cmake_link_script CMakeFiles/cmTC_e3c5b.dir/link.txt --verbose=1
/usr/bin/c++   -std=c++11 -Wno-implicit-fallthrough -Wno-noexcept-type -pipe    -fsigned-char -pthread -w     -rdynamic CMakeFiles/cmTC_e3c5b.dir/feature_tests.cxx.o  -o cmTC_e3c5b 
make[4]: Leaving directory '/content/root_src_37/root_build/XROOTD-prefix/src/XROOTD-build/CMakeFiles/CMakeTmp'
make[3]: Leaving directory '/content/root_src_37/root_build/XROOTD-prefix/src/XROOTD-build/CMakeFiles/CMakeTmp'


    Feature record: CXX_FEATURE:1cxx_aggregate_default_initializers
    Feature record: CXX_FEATURE:1cxx_alias_templates
    Feature record: CXX_FEATURE:1cxx_alignas
    Feature record: CXX_FEATURE:1cxx_alignof
    Feature record: CXX_FEATURE:1cxx_attributes
    Feature record: CXX_FEATURE:1cxx_attribute_deprecated
    Feature record: CXX_FEATURE:1cxx_auto_type
    Feature record: CXX_FEATURE:1cxx_binary_literals
    Feature record: CXX_FEATURE:1cxx_constexpr
    Feature record: CXX_FEATURE:1cxx_contextual_conversions
    Feature record: CXX_FEATURE:1cxx_decltype
    Feature record: CXX_FEATURE:1cxx_decltype_auto
    Feature record: CXX_FEATURE:1cxx_decltype_incomplete_return_types
    Feature record: CXX_FEATURE:1cxx_default_function_template_args
    Feature record: CXX_FEATURE:1cxx_defaulted_functions
    Feature record: CXX_FEATURE:1cxx_defaulted_move_initializers
    Feature record: CXX_FEATURE:1cxx_delegating_constructors
    Feature record: CXX_FEATURE:1cxx_deleted_functions
    Feature record: CXX_FEATURE:1cxx_digit_separators
    Feature record: CXX_FEATURE:1cxx_enum_forward_declarations
    Feature record: CXX_FEATURE:1cxx_explicit_conversions
    Feature record: CXX_FEATURE:1cxx_extended_friend_declarations
    Feature record: CXX_FEATURE:1cxx_extern_templates
    Feature record: CXX_FEATURE:1cxx_final
    Feature record: CXX_FEATURE:1cxx_func_identifier
    Feature record: CXX_FEATURE:1cxx_generalized_initializers
    Feature record: CXX_FEATURE:1cxx_generic_lambdas
    Feature record: CXX_FEATURE:1cxx_inheriting_constructors
    Feature record: CXX_FEATURE:1cxx_inline_namespaces
    Feature record: CXX_FEATURE:1cxx_lambdas
    Feature record: CXX_FEATURE:1cxx_lambda_init_captures
    Feature record: CXX_FEATURE:1cxx_local_type_template_args
    Feature record: CXX_FEATURE:1cxx_long_long_type
    Feature record: CXX_FEATURE:1cxx_noexcept
    Feature record: CXX_FEATURE:1cxx_nonstatic_member_init
    Feature record: CXX_FEATURE:1cxx_nullptr
    Feature record: CXX_FEATURE:1cxx_override
    Feature record: CXX_FEATURE:1cxx_range_for
    Feature record: CXX_FEATURE:1cxx_raw_string_literals
    Feature record: CXX_FEATURE:1cxx_reference_qualified_functions
    Feature record: CXX_FEATURE:1cxx_relaxed_constexpr
    Feature record: CXX_FEATURE:1cxx_return_type_deduction
    Feature record: CXX_FEATURE:1cxx_right_angle_brackets
    Feature record: CXX_FEATURE:1cxx_rvalue_references
    Feature record: CXX_FEATURE:1cxx_sizeof_member
    Feature record: CXX_FEATURE:1cxx_static_assert
    Feature record: CXX_FEATURE:1cxx_strong_enums
    Feature record: CXX_FEATURE:1cxx_template_template_parameters
    Feature record: CXX_FEATURE:1cxx_thread_local
    Feature record: CXX_FEATURE:1cxx_trailing_return_types
    Feature record: CXX_FEATURE:1cxx_unicode_literals
    Feature record: CXX_FEATURE:1cxx_uniform_initialization
    Feature record: CXX_FEATURE:1cxx_unrestricted_unions
    Feature record: CXX_FEATURE:1cxx_user_literals
    Feature record: CXX_FEATURE:1cxx_variable_templates
    Feature record: CXX_FEATURE:1cxx_variadic_macros
    Feature record: CXX_FEATURE:1cxx_variadic_templates


Detecting CXX [-std=c++14] compiler features compiled with the following output:
Change Dir: /content/root_src_37/root_build/XROOTD-prefix/src/XROOTD-build/CMakeFiles/CMakeTmp

Run Build Command:"/usr/bin/make" "cmTC_73595/fast"
make[3]: Entering directory '/content/root_src_37/root_build/XROOTD-prefix/src/XROOTD-build/CMakeFiles/CMakeTmp'
/usr/bin/make -f CMakeFiles/cmTC_73595.dir/build.make CMakeFiles/cmTC_73595.dir/build
make[4]: Entering directory '/content/root_src_37/root_build/XROOTD-prefix/src/XROOTD-build/CMakeFiles/CMakeTmp'
Building CXX object CMakeFiles/cmTC_73595.dir/feature_tests.cxx.o
/usr/bin/c++    -std=c++11 -Wno-implicit-fallthrough -Wno-noexcept-type -pipe    -fsigned-char -pthread -w    -std=c++14 -o CMakeFiles/cmTC_73595.dir/feature_tests.cxx.o -c /content/root_src_37/root_build/XROOTD-prefix/src/XROOTD-build/CMakeFiles/feature_tests.cxx
Linking CXX executable cmTC_73595
/usr/local/lib/python2.7/dist-packages/cmake/data/bin/cmake -E cmake_link_script CMakeFiles/cmTC_73595.dir/link.txt --verbose=1
/usr/bin/c++   -std=c++11 -Wno-implicit-fallthrough -Wno-noexcept-type -pipe    -fsigned-char -pthread -w     -rdynamic CMakeFiles/cmTC_73595.dir/feature_tests.cxx.o  -o cmTC_73595 
make[4]: Leaving directory '/content/root_src_37/root_build/XROOTD-prefix/src/XROOTD-build/CMakeFiles/CMakeTmp'
make[3]: Leaving directory '/content/root_src_37/root_build/XROOTD-prefix/src/XROOTD-build/CMakeFiles/CMakeTmp'


    Feature record: CXX_FEATURE:1cxx_aggregate_default_initializers
    Feature record: CXX_FEATURE:1cxx_alias_templates
    Feature record: CXX_FEATURE:1cxx_alignas
    Feature record: CXX_FEATURE:1cxx_alignof
    Feature record: CXX_FEATURE:1cxx_attributes
    Feature record: CXX_FEATURE:1cxx_attribute_deprecated
    Feature record: CXX_FEATURE:1cxx_auto_type
    Feature record: CXX_FEATURE:1cxx_binary_literals
    Feature record: CXX_FEATURE:1cxx_constexpr
    Feature record: CXX_FEATURE:1cxx_contextual_conversions
    Feature record: CXX_FEATURE:1cxx_decltype
    Feature record: CXX_FEATURE:1cxx_decltype_auto
    Feature record: CXX_FEATURE:1cxx_decltype_incomplete_return_types
    Feature record: CXX_FEATURE:1cxx_default_function_template_args
    Feature record: CXX_FEATURE:1cxx_defaulted_functions
    Feature record: CXX_FEATURE:1cxx_defaulted_move_initializers
    Feature record: CXX_FEATURE:1cxx_delegating_constructors
    Feature record: CXX_FEATURE:1cxx_deleted_functions
    Feature record: CXX_FEATURE:1cxx_digit_separators
    Feature record: CXX_FEATURE:1cxx_enum_forward_declarations
    Feature record: CXX_FEATURE:1cxx_explicit_conversions
    Feature record: CXX_FEATURE:1cxx_extended_friend_declarations
    Feature record: CXX_FEATURE:1cxx_extern_templates
    Feature record: CXX_FEATURE:1cxx_final
    Feature record: CXX_FEATURE:1cxx_func_identifier
    Feature record: CXX_FEATURE:1cxx_generalized_initializers
    Feature record: CXX_FEATURE:1cxx_generic_lambdas
    Feature record: CXX_FEATURE:1cxx_inheriting_constructors
    Feature record: CXX_FEATURE:1cxx_inline_namespaces
    Feature record: CXX_FEATURE:1cxx_lambdas
    Feature record: CXX_FEATURE:1cxx_lambda_init_captures
    Feature record: CXX_FEATURE:1cxx_local_type_template_args
    Feature record: CXX_FEATURE:1cxx_long_long_type
    Feature record: CXX_FEATURE:1cxx_noexcept
    Feature record: CXX_FEATURE:1cxx_nonstatic_member_init
    Feature record: CXX_FEATURE:1cxx_nullptr
    Feature record: CXX_FEATURE:1cxx_override
    Feature record: CXX_FEATURE:1cxx_range_for
    Feature record: CXX_FEATURE:1cxx_raw_string_literals
    Feature record: CXX_FEATURE:1cxx_reference_qualified_functions
    Feature record: CXX_FEATURE:1cxx_relaxed_constexpr
    Feature record: CXX_FEATURE:1cxx_return_type_deduction
    Feature record: CXX_FEATURE:1cxx_right_angle_brackets
    Feature record: CXX_FEATURE:1cxx_rvalue_references
    Feature record: CXX_FEATURE:1cxx_sizeof_member
    Feature record: CXX_FEATURE:1cxx_static_assert
    Feature record: CXX_FEATURE:1cxx_strong_enums
    Feature record: CXX_FEATURE:1cxx_template_template_parameters
    Feature record: CXX_FEATURE:1cxx_thread_local
    Feature record: CXX_FEATURE:1cxx_trailing_return_types
    Feature record: CXX_FEATURE:1cxx_unicode_literals
    Feature record: CXX_FEATURE:1cxx_uniform_initialization
    Feature record: CXX_FEATURE:1cxx_unrestricted_unions
    Feature record: CXX_FEATURE:1cxx_user_literals
    Feature record: CXX_FEATURE:1cxx_variable_templates
    Feature record: CXX_FEATURE:1cxx_variadic_macros
    Feature record: CXX_FEATURE:1cxx_variadic_templates


Detecting CXX [-std=c++11] compiler features compiled with the following output:
Change Dir: /content/root_src_37/root_build/XROOTD-prefix/src/XROOTD-build/CMakeFiles/CMakeTmp

Run Build Command:"/usr/bin/make" "cmTC_456d7/fast"
make[3]: Entering directory '/content/root_src_37/root_build/XROOTD-prefix/src/XROOTD-build/CMakeFiles/CMakeTmp'
/usr/bin/make -f CMakeFiles/cmTC_456d7.dir/build.make CMakeFiles/cmTC_456d7.dir/build
make[4]: Entering directory '/content/root_src_37/root_build/XROOTD-prefix/src/XROOTD-build/CMakeFiles/CMakeTmp'
Building CXX object CMakeFiles/cmTC_456d7.dir/feature_tests.cxx.o
/usr/bin/c++    -std=c++11 -Wno-implicit-fallthrough -Wno-noexcept-type -pipe    -fsigned-char -pthread -w    -std=c++11 -o CMakeFiles/cmTC_456d7.dir/feature_tests.cxx.o -c /content/root_src_37/root_build/XROOTD-prefix/src/XROOTD-build/CMakeFiles/feature_tests.cxx
Linking CXX executable cmTC_456d7
/usr/local/lib/python2.7/dist-packages/cmake/data/bin/cmake -E cmake_link_script CMakeFiles/cmTC_456d7.dir/link.txt --verbose=1
/usr/bin/c++   -std=c++11 -Wno-implicit-fallthrough -Wno-noexcept-type -pipe    -fsigned-char -pthread -w     -rdynamic CMakeFiles/cmTC_456d7.dir/feature_tests.cxx.o  -o cmTC_456d7 
make[4]: Leaving directory '/content/root_src_37/root_build/XROOTD-prefix/src/XROOTD-build/CMakeFiles/CMakeTmp'
make[3]: Leaving directory '/content/root_src_37/root_build/XROOTD-prefix/src/XROOTD-build/CMakeFiles/CMakeTmp'


    Feature record: CXX_FEATURE:0cxx_aggregate_default_initializers
    Feature record: CXX_FEATURE:1cxx_alias_templates
    Feature record: CXX_FEATURE:1cxx_alignas
    Feature record: CXX_FEATURE:1cxx_alignof
    Feature record: CXX_FEATURE:1cxx_attributes
    Feature record: CXX_FEATURE:0cxx_attribute_deprecated
    Feature record: CXX_FEATURE:1cxx_auto_type
    Feature record: CXX_FEATURE:0cxx_binary_literals
    Feature record: CXX_FEATURE:1cxx_constexpr
    Feature record: CXX_FEATURE:0cxx_contextual_conversions
    Feature record: CXX_FEATURE:1cxx_decltype
    Feature record: CXX_FEATURE:0cxx_decltype_auto
    Feature record: CXX_FEATURE:1cxx_decltype_incomplete_return_types
    Feature record: CXX_FEATURE:1cxx_default_function_template_args
    Feature record: CXX_FEATURE:1cxx_defaulted_functions
    Feature record: CXX_FEATURE:1cxx_defaulted_move_initializers
    Feature record: CXX_FEATURE:1cxx_delegating_constructors
    Feature record: CXX_FEATURE:1cxx_deleted_functions
    Feature record: CXX_FEATURE:0cxx_digit_separators
    Feature record: CXX_FEATURE:1cxx_enum_forward_declarations
    Feature record: CXX_FEATURE:1cxx_explicit_conversions
    Feature record: CXX_FEATURE:1cxx_extended_friend_declarations
    Feature record: CXX_FEATURE:1cxx_extern_templates
    Feature record: CXX_FEATURE:1cxx_final
    Feature record: CXX_FEATURE:1cxx_func_identifier
    Feature record: CXX_FEATURE:1cxx_generalized_initializers
    Feature record: CXX_FEATURE:0cxx_generic_lambdas
    Feature record: CXX_FEATURE:1cxx_inheriting_constructors
    Feature record: CXX_FEATURE:1cxx_inline_namespaces
    Feature record: CXX_FEATURE:1cxx_lambdas
    Feature record: CXX_FEATURE:0cxx_lambda_init_captures
    Feature record: CXX_FEATURE:1cxx_local_type_template_args
    Feature record: CXX_FEATURE:1cxx_long_long_type
    Feature record: CXX_FEATURE:1cxx_noexcept
    Feature record: CXX_FEATURE:1cxx_nonstatic_member_init
    Feature record: CXX_FEATURE:1cxx_nullptr
    Feature record: CXX_FEATURE:1cxx_override
    Feature record: CXX_FEATURE:1cxx_range_for
    Feature record: CXX_FEATURE:1cxx_raw_string_literals
    Feature record: CXX_FEATURE:1cxx_reference_qualified_functions
    Feature record: CXX_FEATURE:0cxx_relaxed_constexpr
    Feature record: CXX_FEATURE:0cxx_return_type_deduction
    Feature record: CXX_FEATURE:1cxx_right_angle_brackets
    Feature record: CXX_FEATURE:1cxx_rvalue_references
    Feature record: CXX_FEATURE:1cxx_sizeof_member
    Feature record: CXX_FEATURE:1cxx_static_assert
    Feature record: CXX_FEATURE:1cxx_strong_enums
    Feature record: CXX_FEATURE:1cxx_template_template_parameters
    Feature record: CXX_FEATURE:1cxx_thread_local
    Feature record: CXX_FEATURE:1cxx_trailing_return_types
    Feature record: CXX_FEATURE:1cxx_unicode_literals
    Feature record: CXX_FEATURE:1cxx_uniform_initialization
    Feature record: CXX_FEATURE:1cxx_unrestricted_unions
    Feature record: CXX_FEATURE:1cxx_user_literals
    Feature record: CXX_FEATURE:0cxx_variable_templates
    Feature record: CXX_FEATURE:1cxx_variadic_macros
    Feature record: CXX_FEATURE:1cxx_variadic_templates


Detecting CXX [-std=c++98] compiler features compiled with the following output:
Change Dir: /content/root_src_37/root_build/XROOTD-prefix/src/XROOTD-build/CMakeFiles/CMakeTmp

Run Build Command:"/usr/bin/make" "cmTC_facc5/fast"
make[3]: Entering directory '/content/root_src_37/root_build/XROOTD-prefix/src/XROOTD-build/CMakeFiles/CMakeTmp'
/usr/bin/make -f CMakeFiles/cmTC_facc5.dir/build.make CMakeFiles/cmTC_facc5.dir/build
make[4]: Entering directory '/content/root_src_37/root_build/XROOTD-prefix/src/XROOTD-build/CMakeFiles/CMakeTmp'
Building CXX object CMakeFiles/cmTC_facc5.dir/feature_tests.cxx.o
/usr/bin/c++    -std=c++11 -Wno-implicit-fallthrough -Wno-noexcept-type -pipe    -fsigned-char -pthread -w    -std=c++98 -o CMakeFiles/cmTC_facc5.dir/feature_tests.cxx.o -c /content/root_src_37/root_build/XROOTD-prefix/src/XROOTD-build/CMakeFiles/feature_tests.cxx
Linking CXX executable cmTC_facc5
/usr/local/lib/python2.7/dist-packages/cmake/data/bin/cmake -E cmake_link_script CMakeFiles/cmTC_facc5.dir/link.txt --verbose=1
/usr/bin/c++   -std=c++11 -Wno-implicit-fallthrough -Wno-noexcept-type -pipe    -fsigned-char -pthread -w     -rdynamic CMakeFiles/cmTC_facc5.dir/feature_tests.cxx.o  -o cmTC_facc5 
make[4]: Leaving directory '/content/root_src_37/root_build/XROOTD-prefix/src/XROOTD-build/CMakeFiles/CMakeTmp'
make[3]: Leaving directory '/content/root_src_37/root_build/XROOTD-prefix/src/XROOTD-build/CMakeFiles/CMakeTmp'


    Feature record: CXX_FEATURE:0cxx_aggregate_default_initializers
    Feature record: CXX_FEATURE:0cxx_alias_templates
    Feature record: CXX_FEATURE:0cxx_alignas
    Feature record: CXX_FEATURE:0cxx_alignof
    Feature record: CXX_FEATURE:0cxx_attributes
    Feature record: CXX_FEATURE:0cxx_attribute_deprecated
    Feature record: CXX_FEATURE:0cxx_auto_type
    Feature record: CXX_FEATURE:0cxx_binary_literals
    Feature record: CXX_FEATURE:0cxx_constexpr
    Feature record: CXX_FEATURE:0cxx_contextual_conversions
    Feature record: CXX_FEATURE:0cxx_decltype
    Feature record: CXX_FEATURE:0cxx_decltype_auto
    Feature record: CXX_FEATURE:0cxx_decltype_incomplete_return_types
    Feature record: CXX_FEATURE:0cxx_default_function_template_args
    Feature record: CXX_FEATURE:0cxx_defaulted_functions
    Feature record: CXX_FEATURE:0cxx_defaulted_move_initializers
    Feature record: CXX_FEATURE:0cxx_delegating_constructors
    Feature record: CXX_FEATURE:0cxx_deleted_functions
    Feature record: CXX_FEATURE:0cxx_digit_separators
    Feature record: CXX_FEATURE:0cxx_enum_forward_declarations
    Feature record: CXX_FEATURE:0cxx_explicit_conversions
    Feature record: CXX_FEATURE:0cxx_extended_friend_declarations
    Feature record: CXX_FEATURE:0cxx_extern_templates
    Feature record: CXX_FEATURE:0cxx_final
    Feature record: CXX_FEATURE:0cxx_func_identifier
    Feature record: CXX_FEATURE:0cxx_generalized_initializers
    Feature record: CXX_FEATURE:0cxx_generic_lambdas
    Feature record: CXX_FEATURE:0cxx_inheriting_constructors
    Feature record: CXX_FEATURE:0cxx_inline_namespaces
    Feature record: CXX_FEATURE:0cxx_lambdas
    Feature record: CXX_FEATURE:0cxx_lambda_init_captures
    Feature record: CXX_FEATURE:0cxx_local_type_template_args
    Feature record: CXX_FEATURE:0cxx_long_long_type
    Feature record: CXX_FEATURE:0cxx_noexcept
    Feature record: CXX_FEATURE:0cxx_nonstatic_member_init
    Feature record: CXX_FEATURE:0cxx_nullptr
    Feature record: CXX_FEATURE:0cxx_override
    Feature record: CXX_FEATURE:0cxx_range_for
    Feature record: CXX_FEATURE:0cxx_raw_string_literals
    Feature record: CXX_FEATURE:0cxx_reference_qualified_functions
    Feature record: CXX_FEATURE:0cxx_relaxed_constexpr
    Feature record: CXX_FEATURE:0cxx_return_type_deduction
    Feature record: CXX_FEATURE:0cxx_right_angle_brackets
    Feature record: CXX_FEATURE:0cxx_rvalue_references
    Feature record: CXX_FEATURE:0cxx_sizeof_member
    Feature record: CXX_FEATURE:0cxx_static_assert
    Feature record: CXX_FEATURE:0cxx_strong_enums
    Feature record: CXX_FEATURE:1cxx_template_template_parameters
    Feature record: CXX_FEATURE:0cxx_thread_local
    Feature record: CXX_FEATURE:0cxx_trailing_return_types
    Feature record: CXX_FEATURE:0cxx_unicode_literals
    Feature record: CXX_FEATURE:0cxx_uniform_initialization
    Feature record: CXX_FEATURE:0cxx_unrestricted_unions
    Feature record: CXX_FEATURE:0cxx_user_literals
    Feature record: CXX_FEATURE:0cxx_variable_templates
    Feature record: CXX_FEATURE:0cxx_variadic_macros
    Feature record: CXX_FEATURE:0cxx_variadic_templates
Determining if the function setresuid exists passed with the following output:
Change Dir: /content/root_src_37/root_build/XROOTD-prefix/src/XROOTD-build/CMakeFiles/CMakeTmp

Run Build Command:"/usr/bin/make" "cmTC_22fd4/fast"
make[3]: Entering directory '/content/root_src_37/root_build/XROOTD-prefix/src/XROOTD-build/CMakeFiles/CMakeTmp'
/usr/bin/make -f CMakeFiles/cmTC_22fd4.dir/build.make CMakeFiles/cmTC_22fd4.dir/build
make[4]: Entering directory '/content/root_src_37/root_build/XROOTD-prefix/src/XROOTD-build/CMakeFiles/CMakeTmp'
Building C object CMakeFiles/cmTC_22fd4.dir/CheckFunctionExists.c.o
/usr/bin/cc   -Wno-implicit-fallthrough -pipe -Wall -W -pthread -DCHECK_FUNCTION_EXISTS=setresuid   -o CMakeFiles/cmTC_22fd4.dir/CheckFunctionExists.c.o   -c /usr/local/lib/python2.7/dist-packages/cmake/data/share/cmake-3.12/Modules/CheckFunctionExists.c
Linking C executable cmTC_22fd4
/usr/local/lib/python2.7/dist-packages/cmake/data/bin/cmake -E cmake_link_script CMakeFiles/cmTC_22fd4.dir/link.txt --verbose=1
/usr/bin/cc  -Wno-implicit-fallthrough -pipe -Wall -W -pthread -DCHECK_FUNCTION_EXISTS=setresuid    -rdynamic CMakeFiles/cmTC_22fd4.dir/CheckFunctionExists.c.o  -o cmTC_22fd4 
make[4]: Leaving directory '/content/root_src_37/root_build/XROOTD-prefix/src/XROOTD-build/CMakeFiles/CMakeTmp'
make[3]: Leaving directory '/content/root_src_37/root_build/XROOTD-prefix/src/XROOTD-build/CMakeFiles/CMakeTmp'


Determining if the function fstatat exists passed with the following output:
Change Dir: /content/root_src_37/root_build/XROOTD-prefix/src/XROOTD-build/CMakeFiles/CMakeTmp

Run Build Command:"/usr/bin/make" "cmTC_88871/fast"
make[3]: Entering directory '/content/root_src_37/root_build/XROOTD-prefix/src/XROOTD-build/CMakeFiles/CMakeTmp'
/usr/bin/make -f CMakeFiles/cmTC_88871.dir/build.make CMakeFiles/cmTC_88871.dir/build
make[4]: Entering directory '/content/root_src_37/root_build/XROOTD-prefix/src/XROOTD-build/CMakeFiles/CMakeTmp'
Building C object CMakeFiles/cmTC_88871.dir/CheckFunctionExists.c.o
/usr/bin/cc   -Wno-implicit-fallthrough -pipe -Wall -W -pthread -DCHECK_FUNCTION_EXISTS=fstatat   -o CMakeFiles/cmTC_88871.dir/CheckFunctionExists.c.o   -c /usr/local/lib/python2.7/dist-packages/cmake/data/share/cmake-3.12/Modules/CheckFunctionExists.c
Linking C executable cmTC_88871
/usr/local/lib/python2.7/dist-packages/cmake/data/bin/cmake -E cmake_link_script CMakeFiles/cmTC_88871.dir/link.txt --verbose=1
/usr/bin/cc  -Wno-implicit-fallthrough -pipe -Wall -W -pthread -DCHECK_FUNCTION_EXISTS=fstatat    -rdynamic CMakeFiles/cmTC_88871.dir/CheckFunctionExists.c.o  -o cmTC_88871 
make[4]: Leaving directory '/content/root_src_37/root_build/XROOTD-prefix/src/XROOTD-build/CMakeFiles/CMakeTmp'
make[3]: Leaving directory '/content/root_src_37/root_build/XROOTD-prefix/src/XROOTD-build/CMakeFiles/CMakeTmp'


Determining if the function sigwaitinfo exists passed with the following output:
Change Dir: /content/root_src_37/root_build/XROOTD-prefix/src/XROOTD-build/CMakeFiles/CMakeTmp

Run Build Command:"/usr/bin/make" "cmTC_c4b11/fast"
make[3]: Entering directory '/content/root_src_37/root_build/XROOTD-prefix/src/XROOTD-build/CMakeFiles/CMakeTmp'
/usr/bin/make -f CMakeFiles/cmTC_c4b11.dir/build.make CMakeFiles/cmTC_c4b11.dir/build
make[4]: Entering directory '/content/root_src_37/root_build/XROOTD-prefix/src/XROOTD-build/CMakeFiles/CMakeTmp'
Building C object CMakeFiles/cmTC_c4b11.dir/CheckFunctionExists.c.o
/usr/bin/cc   -Wno-implicit-fallthrough -pipe -Wall -W -pthread -DCHECK_FUNCTION_EXISTS=sigwaitinfo   -o CMakeFiles/cmTC_c4b11.dir/CheckFunctionExists.c.o   -c /usr/local/lib/python2.7/dist-packages/cmake/data/share/cmake-3.12/Modules/CheckFunctionExists.c
Linking C executable cmTC_c4b11
/usr/local/lib/python2.7/dist-packages/cmake/data/bin/cmake -E cmake_link_script CMakeFiles/cmTC_c4b11.dir/link.txt --verbose=1
/usr/bin/cc  -Wno-implicit-fallthrough -pipe -Wall -W -pthread -DCHECK_FUNCTION_EXISTS=sigwaitinfo    -rdynamic CMakeFiles/cmTC_c4b11.dir/CheckFunctionExists.c.o  -o cmTC_c4b11 
make[4]: Leaving directory '/content/root_src_37/root_build/XROOTD-prefix/src/XROOTD-build/CMakeFiles/CMakeTmp'
make[3]: Leaving directory '/content/root_src_37/root_build/XROOTD-prefix/src/XROOTD-build/CMakeFiles/CMakeTmp'


Determining if the include file shadow.h exists passed with the following output:
Change Dir: /content/root_src_37/root_build/XROOTD-prefix/src/XROOTD-build/CMakeFiles/CMakeTmp

Run Build Command:"/usr/bin/make" "cmTC_d773c/fast"
make[3]: Entering directory '/content/root_src_37/root_build/XROOTD-prefix/src/XROOTD-build/CMakeFiles/CMakeTmp'
/usr/bin/make -f CMakeFiles/cmTC_d773c.dir/build.make CMakeFiles/cmTC_d773c.dir/build
make[4]: Entering directory '/content/root_src_37/root_build/XROOTD-prefix/src/XROOTD-build/CMakeFiles/CMakeTmp'
Building C object CMakeFiles/cmTC_d773c.dir/CheckIncludeFile.c.o
/usr/bin/cc   -Wno-implicit-fallthrough -pipe -Wall -W -pthread    -o CMakeFiles/cmTC_d773c.dir/CheckIncludeFile.c.o   -c /content/root_src_37/root_build/XROOTD-prefix/src/XROOTD-build/CMakeFiles/CMakeTmp/CheckIncludeFile.c
Linking C executable cmTC_d773c
/usr/local/lib/python2.7/dist-packages/cmake/data/bin/cmake -E cmake_link_script CMakeFiles/cmTC_d773c.dir/link.txt --verbose=1
/usr/bin/cc  -Wno-implicit-fallthrough -pipe -Wall -W -pthread     -rdynamic CMakeFiles/cmTC_d773c.dir/CheckIncludeFile.c.o  -o cmTC_d773c 
make[4]: Leaving directory '/content/root_src_37/root_build/XROOTD-prefix/src/XROOTD-build/CMakeFiles/CMakeTmp'
make[3]: Leaving directory '/content/root_src_37/root_build/XROOTD-prefix/src/XROOTD-build/CMakeFiles/CMakeTmp'


Determining if the function getifaddrs exists passed with the following output:
Change Dir: /content/root_src_37/root_build/XROOTD-prefix/src/XROOTD-build/CMakeFiles/CMakeTmp

Run Build Command:"/usr/bin/make" "cmTC_449c9/fast"
make[3]: Entering directory '/content/root_src_37/root_build/XROOTD-prefix/src/XROOTD-build/CMakeFiles/CMakeTmp'
/usr/bin/make -f CMakeFiles/cmTC_449c9.dir/build.make CMakeFiles/cmTC_449c9.dir/build
make[4]: Entering directory '/content/root_src_37/root_build/XROOTD-prefix/src/XROOTD-build/CMakeFiles/CMakeTmp'
Building C object CMakeFiles/cmTC_449c9.dir/CheckFunctionExists.c.o
/usr/bin/cc   -Wno-implicit-fallthrough -pipe -Wall -W -pthread -DCHECK_FUNCTION_EXISTS=getifaddrs   -o CMakeFiles/cmTC_449c9.dir/CheckFunctionExists.c.o   -c /usr/local/lib/python2.7/dist-packages/cmake/data/share/cmake-3.12/Modules/CheckFunctionExists.c
Linking C executable cmTC_449c9
/usr/local/lib/python2.7/dist-packages/cmake/data/bin/cmake -E cmake_link_script CMakeFiles/cmTC_449c9.dir/link.txt --verbose=1
/usr/bin/cc  -Wno-implicit-fallthrough -pipe -Wall -W -pthread -DCHECK_FUNCTION_EXISTS=getifaddrs    -rdynamic CMakeFiles/cmTC_449c9.dir/CheckFunctionExists.c.o  -o cmTC_449c9 
make[4]: Leaving directory '/content/root_src_37/root_build/XROOTD-prefix/src/XROOTD-build/CMakeFiles/CMakeTmp'
make[3]: Leaving directory '/content/root_src_37/root_build/XROOTD-prefix/src/XROOTD-build/CMakeFiles/CMakeTmp'


Determining if the function getnameinfo exists passed with the following output:
Change Dir: /content/root_src_37/root_build/XROOTD-prefix/src/XROOTD-build/CMakeFiles/CMakeTmp

Run Build Command:"/usr/bin/make" "cmTC_61c56/fast"
make[3]: Entering directory '/content/root_src_37/root_build/XROOTD-prefix/src/XROOTD-build/CMakeFiles/CMakeTmp'
/usr/bin/make -f CMakeFiles/cmTC_61c56.dir/build.make CMakeFiles/cmTC_61c56.dir/build
make[4]: Entering directory '/content/root_src_37/root_build/XROOTD-prefix/src/XROOTD-build/CMakeFiles/CMakeTmp'
Building C object CMakeFiles/cmTC_61c56.dir/CheckFunctionExists.c.o
/usr/bin/cc   -Wno-implicit-fallthrough -pipe -Wall -W -pthread -DCHECK_FUNCTION_EXISTS=getnameinfo   -o CMakeFiles/cmTC_61c56.dir/CheckFunctionExists.c.o   -c /usr/local/lib/python2.7/dist-packages/cmake/data/share/cmake-3.12/Modules/CheckFunctionExists.c
Linking C executable cmTC_61c56
/usr/local/lib/python2.7/dist-packages/cmake/data/bin/cmake -E cmake_link_script CMakeFiles/cmTC_61c56.dir/link.txt --verbose=1
/usr/bin/cc  -Wno-implicit-fallthrough -pipe -Wall -W -pthread -DCHECK_FUNCTION_EXISTS=getnameinfo    -rdynamic CMakeFiles/cmTC_61c56.dir/CheckFunctionExists.c.o  -o cmTC_61c56 
make[4]: Leaving directory '/content/root_src_37/root_build/XROOTD-prefix/src/XROOTD-build/CMakeFiles/CMakeTmp'
make[3]: Leaving directory '/content/root_src_37/root_build/XROOTD-prefix/src/XROOTD-build/CMakeFiles/CMakeTmp'


Determining if the function getprotobyname_r exists passed with the following output:
Change Dir: /content/root_src_37/root_build/XROOTD-prefix/src/XROOTD-build/CMakeFiles/CMakeTmp

Run Build Command:"/usr/bin/make" "cmTC_48172/fast"
make[3]: Entering directory '/content/root_src_37/root_build/XROOTD-prefix/src/XROOTD-build/CMakeFiles/CMakeTmp'
/usr/bin/make -f CMakeFiles/cmTC_48172.dir/build.make CMakeFiles/cmTC_48172.dir/build
make[4]: Entering directory '/content/root_src_37/root_build/XROOTD-prefix/src/XROOTD-build/CMakeFiles/CMakeTmp'
Building C object CMakeFiles/cmTC_48172.dir/CheckFunctionExists.c.o
/usr/bin/cc   -Wno-implicit-fallthrough -pipe -Wall -W -pthread -DCHECK_FUNCTION_EXISTS=getprotobyname_r   -o CMakeFiles/cmTC_48172.dir/CheckFunctionExists.c.o   -c /usr/local/lib/python2.7/dist-packages/cmake/data/share/cmake-3.12/Modules/CheckFunctionExists.c
Linking C executable cmTC_48172
/usr/local/lib/python2.7/dist-packages/cmake/data/bin/cmake -E cmake_link_script CMakeFiles/cmTC_48172.dir/link.txt --verbose=1
/usr/bin/cc  -Wno-implicit-fallthrough -pipe -Wall -W -pthread -DCHECK_FUNCTION_EXISTS=getprotobyname_r    -rdynamic CMakeFiles/cmTC_48172.dir/CheckFunctionExists.c.o  -o cmTC_48172 
make[4]: Leaving directory '/content/root_src_37/root_build/XROOTD-prefix/src/XROOTD-build/CMakeFiles/CMakeTmp'
make[3]: Leaving directory '/content/root_src_37/root_build/XROOTD-prefix/src/XROOTD-build/CMakeFiles/CMakeTmp'


Determining if the function gethostbyaddr_r exists passed with the following output:
Change Dir: /content/root_src_37/root_build/XROOTD-prefix/src/XROOTD-build/CMakeFiles/CMakeTmp

Run Build Command:"/usr/bin/make" "cmTC_1b3e4/fast"
make[3]: Entering directory '/content/root_src_37/root_build/XROOTD-prefix/src/XROOTD-build/CMakeFiles/CMakeTmp'
/usr/bin/make -f CMakeFiles/cmTC_1b3e4.dir/build.make CMakeFiles/cmTC_1b3e4.dir/build
make[4]: Entering directory '/content/root_src_37/root_build/XROOTD-prefix/src/XROOTD-build/CMakeFiles/CMakeTmp'
Building C object CMakeFiles/cmTC_1b3e4.dir/CheckFunctionExists.c.o
/usr/bin/cc   -Wno-implicit-fallthrough -pipe -Wall -W -pthread -DCHECK_FUNCTION_EXISTS=gethostbyaddr_r   -o CMakeFiles/cmTC_1b3e4.dir/CheckFunctionExists.c.o   -c /usr/local/lib/python2.7/dist-packages/cmake/data/share/cmake-3.12/Modules/CheckFunctionExists.c
Linking C executable cmTC_1b3e4
/usr/local/lib/python2.7/dist-packages/cmake/data/bin/cmake -E cmake_link_script CMakeFiles/cmTC_1b3e4.dir/link.txt --verbose=1
/usr/bin/cc  -Wno-implicit-fallthrough -pipe -Wall -W -pthread -DCHECK_FUNCTION_EXISTS=gethostbyaddr_r    -rdynamic CMakeFiles/cmTC_1b3e4.dir/CheckFunctionExists.c.o  -o cmTC_1b3e4 
make[4]: Leaving directory '/content/root_src_37/root_build/XROOTD-prefix/src/XROOTD-build/CMakeFiles/CMakeTmp'
make[3]: Leaving directory '/content/root_src_37/root_build/XROOTD-prefix/src/XROOTD-build/CMakeFiles/CMakeTmp'


Determining if the function sendfile exists passed with the following output:
Change Dir: /content/root_src_37/root_build/XROOTD-prefix/src/XROOTD-build/CMakeFiles/CMakeTmp

Run Build Command:"/usr/bin/make" "cmTC_5cf29/fast"
make[3]: Entering directory '/content/root_src_37/root_build/XROOTD-prefix/src/XROOTD-build/CMakeFiles/CMakeTmp'
/usr/bin/make -f CMakeFiles/cmTC_5cf29.dir/build.make CMakeFiles/cmTC_5cf29.dir/build
make[4]: Entering directory '/content/root_src_37/root_build/XROOTD-prefix/src/XROOTD-build/CMakeFiles/CMakeTmp'
Building C object CMakeFiles/cmTC_5cf29.dir/CheckFunctionExists.c.o
/usr/bin/cc   -Wno-implicit-fallthrough -pipe -Wall -W -pthread -DCHECK_FUNCTION_EXISTS=sendfile   -o CMakeFiles/cmTC_5cf29.dir/CheckFunctionExists.c.o   -c /usr/local/lib/python2.7/dist-packages/cmake/data/share/cmake-3.12/Modules/CheckFunctionExists.c
Linking C executable cmTC_5cf29
/usr/local/lib/python2.7/dist-packages/cmake/data/bin/cmake -E cmake_link_script CMakeFiles/cmTC_5cf29.dir/link.txt --verbose=1
/usr/bin/cc  -Wno-implicit-fallthrough -pipe -Wall -W -pthread -DCHECK_FUNCTION_EXISTS=sendfile    -rdynamic CMakeFiles/cmTC_5cf29.dir/CheckFunctionExists.c.o  -o cmTC_5cf29 
make[4]: Leaving directory '/content/root_src_37/root_build/XROOTD-prefix/src/XROOTD-build/CMakeFiles/CMakeTmp'
make[3]: Leaving directory '/content/root_src_37/root_build/XROOTD-prefix/src/XROOTD-build/CMakeFiles/CMakeTmp'


Determining if the function crypt exists in the crypt passed with the following output:
Change Dir: /content/root_src_37/root_build/XROOTD-prefix/src/XROOTD-build/CMakeFiles/CMakeTmp

Run Build Command:"/usr/bin/make" "cmTC_fac64/fast"
make[3]: Entering directory '/content/root_src_37/root_build/XROOTD-prefix/src/XROOTD-build/CMakeFiles/CMakeTmp'
/usr/bin/make -f CMakeFiles/cmTC_fac64.dir/build.make CMakeFiles/cmTC_fac64.dir/build
make[4]: Entering directory '/content/root_src_37/root_build/XROOTD-prefix/src/XROOTD-build/CMakeFiles/CMakeTmp'
Building C object CMakeFiles/cmTC_fac64.dir/CheckFunctionExists.c.o
/usr/bin/cc   -Wno-implicit-fallthrough -pipe -Wall -W -pthread -DCHECK_FUNCTION_EXISTS=crypt   -o CMakeFiles/cmTC_fac64.dir/CheckFunctionExists.c.o   -c /usr/local/lib/python2.7/dist-packages/cmake/data/share/cmake-3.12/Modules/CheckFunctionExists.c
Linking C executable cmTC_fac64
/usr/local/lib/python2.7/dist-packages/cmake/data/bin/cmake -E cmake_link_script CMakeFiles/cmTC_fac64.dir/link.txt --verbose=1
/usr/bin/cc  -Wno-implicit-fallthrough -pipe -Wall -W -pthread -DCHECK_FUNCTION_EXISTS=crypt    -rdynamic CMakeFiles/cmTC_fac64.dir/CheckFunctionExists.c.o  -o cmTC_fac64 -lcrypt 
make[4]: Leaving directory '/content/root_src_37/root_build/XROOTD-prefix/src/XROOTD-build/CMakeFiles/CMakeTmp'
make[3]: Leaving directory '/content/root_src_37/root_build/XROOTD-prefix/src/XROOTD-build/CMakeFiles/CMakeTmp'


Performing C++ SOURCE FILE Test HAVE_ATOMICS succeeded with the following output:
Change Dir: /content/root_src_37/root_build/XROOTD-prefix/src/XROOTD-build/CMakeFiles/CMakeTmp

Run Build Command:"/usr/bin/make" "cmTC_340f7/fast"
make[3]: Entering directory '/content/root_src_37/root_build/XROOTD-prefix/src/XROOTD-build/CMakeFiles/CMakeTmp'
/usr/bin/make -f CMakeFiles/cmTC_340f7.dir/build.make CMakeFiles/cmTC_340f7.dir/build
make[4]: Entering directory '/content/root_src_37/root_build/XROOTD-prefix/src/XROOTD-build/CMakeFiles/CMakeTmp'
Building CXX object CMakeFiles/cmTC_340f7.dir/src.cxx.o
/usr/bin/c++    -std=c++11 -Wno-implicit-fallthrough -Wno-noexcept-type -pipe    -fsigned-char -pthread -w -std=c++0x -DOPENSSL_NO_FILENAMES -std=c++0x -Wall -Wextra -Werror -Wno-unused-parameter -fno-omit-frame-pointer -Wno-error=misleading-indentation -DHAVE_ATOMICS   -o CMakeFiles/cmTC_340f7.dir/src.cxx.o -c /content/root_src_37/root_build/XROOTD-prefix/src/XROOTD-build/CMakeFiles/CMakeTmp/src.cxx
Linking CXX executable cmTC_340f7
/usr/local/lib/python2.7/dist-packages/cmake/data/bin/cmake -E cmake_link_script CMakeFiles/cmTC_340f7.dir/link.txt --verbose=1
/usr/bin/c++   -std=c++11 -Wno-implicit-fallthrough -Wno-noexcept-type -pipe    -fsigned-char -pthread -w -std=c++0x -DOPENSSL_NO_FILENAMES -std=c++0x -Wall -Wextra -Werror -Wno-unused-parameter -fno-omit-frame-pointer -Wno-error=misleading-indentation -DHAVE_ATOMICS    -rdynamic CMakeFiles/cmTC_340f7.dir/src.cxx.o  -o cmTC_340f7 
make[4]: Leaving directory '/content/root_src_37/root_build/XROOTD-prefix/src/XROOTD-build/CMakeFiles/CMakeTmp'
make[3]: Leaving directory '/content/root_src_37/root_build/XROOTD-prefix/src/XROOTD-build/CMakeFiles/CMakeTmp'

Return value: 1
Source file was:

  int main()
  {
    unsigned long long val = 111, *mem = &val;

    if (__sync_fetch_and_add(&val, 111) != 111 || val != 222) return 1;
    if (__sync_add_and_fetch(&val, 111) != 333)               return 1;
    if (__sync_sub_and_fetch(&val, 111) != 222)               return 1;
    if (__sync_fetch_and_sub(&val, 111) != 222 || val != 111) return 1;

    if (__sync_fetch_and_or (&val, 0)   != 111 || val != 111) return 1;
    if (__sync_fetch_and_and(&val, 0)   != 111 || val != 0  ) return 1;

    if (__sync_bool_compare_and_swap(mem, 0, 444) == 0 || val != 444)
      return 1;

    return 0;
  }

Performing C++ SOURCE FILE Test READLINE_OK succeeded with the following output:
Change Dir: /content/root_src_37/root_build/XROOTD-prefix/src/XROOTD-build/CMakeFiles/CMakeTmp

Run Build Command:"/usr/bin/make" "cmTC_e8940/fast"
make[3]: Entering directory '/content/root_src_37/root_build/XROOTD-prefix/src/XROOTD-build/CMakeFiles/CMakeTmp'
/usr/bin/make -f CMakeFiles/cmTC_e8940.dir/build.make CMakeFiles/cmTC_e8940.dir/build
make[4]: Entering directory '/content/root_src_37/root_build/XROOTD-prefix/src/XROOTD-build/CMakeFiles/CMakeTmp'
Building CXX object CMakeFiles/cmTC_e8940.dir/src.cxx.o
/usr/bin/c++    -std=c++11 -Wno-implicit-fallthrough -Wno-noexcept-type -pipe    -fsigned-char -pthread -w -std=c++0x -DOPENSSL_NO_FILENAMES -std=c++0x -Wall -Wextra -Werror -Wno-unused-parameter -fno-omit-frame-pointer -Wno-error=misleading-indentation -DREADLINE_OK   -o CMakeFiles/cmTC_e8940.dir/src.cxx.o -c /content/root_src_37/root_build/XROOTD-prefix/src/XROOTD-build/CMakeFiles/CMakeTmp/src.cxx
Linking CXX executable cmTC_e8940
/usr/local/lib/python2.7/dist-packages/cmake/data/bin/cmake -E cmake_link_script CMakeFiles/cmTC_e8940.dir/link.txt --verbose=1
/usr/bin/c++   -std=c++11 -Wno-implicit-fallthrough -Wno-noexcept-type -pipe    -fsigned-char -pthread -w -std=c++0x -DOPENSSL_NO_FILENAMES -std=c++0x -Wall -Wextra -Werror -Wno-unused-parameter -fno-omit-frame-pointer -Wno-error=misleading-indentation -DREADLINE_OK    -rdynamic CMakeFiles/cmTC_e8940.dir/src.cxx.o  -o cmTC_e8940 /usr/lib/x86_64-linux-gnu/libreadline.so 
make[4]: Leaving directory '/content/root_src_37/root_build/XROOTD-prefix/src/XROOTD-build/CMakeFiles/CMakeTmp'
make[3]: Leaving directory '/content/root_src_37/root_build/XROOTD-prefix/src/XROOTD-build/CMakeFiles/CMakeTmp'

Source file was:

      #include <stdio.h>
      #include <readline/readline.h>
      int main()
      {
        char shell_prompt[100];
        readline(shell_prompt);
        return 0;
      }
      
Determining if the function TLS_method exists passed with the following output:
Change Dir: /content/root_src_37/root_build/XROOTD-prefix/src/XROOTD-build/CMakeFiles/CMakeTmp

Run Build Command:"/usr/bin/make" "cmTC_4c286/fast"
make[3]: Entering directory '/content/root_src_37/root_build/XROOTD-prefix/src/XROOTD-build/CMakeFiles/CMakeTmp'
/usr/bin/make -f CMakeFiles/cmTC_4c286.dir/build.make CMakeFiles/cmTC_4c286.dir/build
make[4]: Entering directory '/content/root_src_37/root_build/XROOTD-prefix/src/XROOTD-build/CMakeFiles/CMakeTmp'
Building C object CMakeFiles/cmTC_4c286.dir/CheckFunctionExists.c.o
/usr/bin/cc   -Wno-implicit-fallthrough -pipe -Wall -W -pthread -DCHECK_FUNCTION_EXISTS=TLS_method   -o CMakeFiles/cmTC_4c286.dir/CheckFunctionExists.c.o   -c /usr/local/lib/python2.7/dist-packages/cmake/data/share/cmake-3.12/Modules/CheckFunctionExists.c
Linking C executable cmTC_4c286
/usr/local/lib/python2.7/dist-packages/cmake/data/bin/cmake -E cmake_link_script CMakeFiles/cmTC_4c286.dir/link.txt --verbose=1
/usr/bin/cc  -Wno-implicit-fallthrough -pipe -Wall -W -pthread -DCHECK_FUNCTION_EXISTS=TLS_method    -rdynamic CMakeFiles/cmTC_4c286.dir/CheckFunctionExists.c.o  -o cmTC_4c286 /usr/lib/x86_64-linux-gnu/libssl.so /usr/lib/x86_64-linux-gnu/libcrypto.so 
make[4]: Leaving directory '/content/root_src_37/root_build/XROOTD-prefix/src/XROOTD-build/CMakeFiles/CMakeTmp'
make[3]: Leaving directory '/content/root_src_37/root_build/XROOTD-prefix/src/XROOTD-build/CMakeFiles/CMakeTmp'


Determining if the TLS_method exist passed with the following output:
Change Dir: /content/root_src_37/root_build/XROOTD-prefix/src/XROOTD-build/CMakeFiles/CMakeTmp

Run Build Command:"/usr/bin/make" "cmTC_cd65e/fast"
make[3]: Entering directory '/content/root_src_37/root_build/XROOTD-prefix/src/XROOTD-build/CMakeFiles/CMakeTmp'
/usr/bin/make -f CMakeFiles/cmTC_cd65e.dir/build.make CMakeFiles/cmTC_cd65e.dir/build
make[4]: Entering directory '/content/root_src_37/root_build/XROOTD-prefix/src/XROOTD-build/CMakeFiles/CMakeTmp'
Building C object CMakeFiles/cmTC_cd65e.dir/CheckSymbolExists.c.o
/usr/bin/cc   -Wno-implicit-fallthrough -pipe -Wall -W -pthread    -o CMakeFiles/cmTC_cd65e.dir/CheckSymbolExists.c.o   -c /content/root_src_37/root_build/XROOTD-prefix/src/XROOTD-build/CMakeFiles/CMakeTmp/CheckSymbolExists.c
Linking C executable cmTC_cd65e
/usr/local/lib/python2.7/dist-packages/cmake/data/bin/cmake -E cmake_link_script CMakeFiles/cmTC_cd65e.dir/link.txt --verbose=1
/usr/bin/cc  -Wno-implicit-fallthrough -pipe -Wall -W -pthread     -rdynamic CMakeFiles/cmTC_cd65e.dir/CheckSymbolExists.c.o  -o cmTC_cd65e /usr/lib/x86_64-linux-gnu/libssl.so /usr/lib/x86_64-linux-gnu/libcrypto.so 
make[4]: Leaving directory '/content/root_src_37/root_build/XROOTD-prefix/src/XROOTD-build/CMakeFiles/CMakeTmp'
make[3]: Leaving directory '/content/root_src_37/root_build/XROOTD-prefix/src/XROOTD-build/CMakeFiles/CMakeTmp'

File /content/root_src_37/root_build/XROOTD-prefix/src/XROOTD-build/CMakeFiles/CMakeTmp/CheckSymbolExists.c:
/* */
#include </usr/include/openssl/ssl.h>

int main(int argc, char** argv)
{
  (void)argv;
#ifndef TLS_method
  return ((int*)(&TLS_method))[argc];
#else
  (void)argc;
  return 0;
#endif
}

Determining if the function TLSv1_2_method exists passed with the following output:
Change Dir: /content/root_src_37/root_build/XROOTD-prefix/src/XROOTD-build/CMakeFiles/CMakeTmp

Run Build Command:"/usr/bin/make" "cmTC_ce3fa/fast"
make[3]: Entering directory '/content/root_src_37/root_build/XROOTD-prefix/src/XROOTD-build/CMakeFiles/CMakeTmp'
/usr/bin/make -f CMakeFiles/cmTC_ce3fa.dir/build.make CMakeFiles/cmTC_ce3fa.dir/build
make[4]: Entering directory '/content/root_src_37/root_build/XROOTD-prefix/src/XROOTD-build/CMakeFiles/CMakeTmp'
Building C object CMakeFiles/cmTC_ce3fa.dir/CheckFunctionExists.c.o
/usr/bin/cc   -Wno-implicit-fallthrough -pipe -Wall -W -pthread -DCHECK_FUNCTION_EXISTS=TLSv1_2_method   -o CMakeFiles/cmTC_ce3fa.dir/CheckFunctionExists.c.o   -c /usr/local/lib/python2.7/dist-packages/cmake/data/share/cmake-3.12/Modules/CheckFunctionExists.c
Linking C executable cmTC_ce3fa
/usr/local/lib/python2.7/dist-packages/cmake/data/bin/cmake -E cmake_link_script CMakeFiles/cmTC_ce3fa.dir/link.txt --verbose=1
/usr/bin/cc  -Wno-implicit-fallthrough -pipe -Wall -W -pthread -DCHECK_FUNCTION_EXISTS=TLSv1_2_method    -rdynamic CMakeFiles/cmTC_ce3fa.dir/CheckFunctionExists.c.o  -o cmTC_ce3fa /usr/lib/x86_64-linux-gnu/libssl.so /usr/lib/x86_64-linux-gnu/libcrypto.so 
make[4]: Leaving directory '/content/root_src_37/root_build/XROOTD-prefix/src/XROOTD-build/CMakeFiles/CMakeTmp'
make[3]: Leaving directory '/content/root_src_37/root_build/XROOTD-prefix/src/XROOTD-build/CMakeFiles/CMakeTmp'


Determining if the TLSv1_2_method exist passed with the following output:
Change Dir: /content/root_src_37/root_build/XROOTD-prefix/src/XROOTD-build/CMakeFiles/CMakeTmp

Run Build Command:"/usr/bin/make" "cmTC_1097c/fast"
make[3]: Entering directory '/content/root_src_37/root_build/XROOTD-prefix/src/XROOTD-build/CMakeFiles/CMakeTmp'
/usr/bin/make -f CMakeFiles/cmTC_1097c.dir/build.make CMakeFiles/cmTC_1097c.dir/build
make[4]: Entering directory '/content/root_src_37/root_build/XROOTD-prefix/src/XROOTD-build/CMakeFiles/CMakeTmp'
Building C object CMakeFiles/cmTC_1097c.dir/CheckSymbolExists.c.o
/usr/bin/cc   -Wno-implicit-fallthrough -pipe -Wall -W -pthread    -o CMakeFiles/cmTC_1097c.dir/CheckSymbolExists.c.o   -c /content/root_src_37/root_build/XROOTD-prefix/src/XROOTD-build/CMakeFiles/CMakeTmp/CheckSymbolExists.c
/content/root_src_37/root_build/XROOTD-prefix/src/XROOTD-build/CMakeFiles/CMakeTmp/CheckSymbolExists.c: In function main:
/content/root_src_37/root_build/XROOTD-prefix/src/XROOTD-build/CMakeFiles/CMakeTmp/CheckSymbolExists.c:8:3: warning: TLSv1_2_method is deprecated [-Wdeprecated-declarations]
   return ((int*)(&TLSv1_2_method))[argc];
   ^~~~~~
In file included from /usr/include/openssl/e_os2.h:13:0,
                 from /usr/include/openssl/ssl.h:15,
                 from /content/root_src_37/root_build/XROOTD-prefix/src/XROOTD-build/CMakeFiles/CMakeTmp/CheckSymbolExists.c:2:
/usr/include/openssl/ssl.h:1864:45: note: declared here
 DEPRECATEDIN_1_1_0(__owur const SSL_METHOD *TLSv1_2_method(void)) /* TLSv1.2 */
                                             ^
Linking C executable cmTC_1097c
/usr/local/lib/python2.7/dist-packages/cmake/data/bin/cmake -E cmake_link_script CMakeFiles/cmTC_1097c.dir/link.txt --verbose=1
/usr/bin/cc  -Wno-implicit-fallthrough -pipe -Wall -W -pthread     -rdynamic CMakeFiles/cmTC_1097c.dir/CheckSymbolExists.c.o  -o cmTC_1097c /usr/lib/x86_64-linux-gnu/libssl.so /usr/lib/x86_64-linux-gnu/libcrypto.so 
make[4]: Leaving directory '/content/root_src_37/root_build/XROOTD-prefix/src/XROOTD-build/CMakeFiles/CMakeTmp'
make[3]: Leaving directory '/content/root_src_37/root_build/XROOTD-prefix/src/XROOTD-build/CMakeFiles/CMakeTmp'

File /content/root_src_37/root_build/XROOTD-prefix/src/XROOTD-build/CMakeFiles/CMakeTmp/CheckSymbolExists.c:
/* */
#include </usr/include/openssl/ssl.h>

int main(int argc, char** argv)
{
  (void)argv;
#ifndef TLSv1_2_method
  return ((int*)(&TLSv1_2_method))[argc];
#else
  (void)argc;
  return 0;
#endif
}

Determining if the function TLSv1_1_method exists passed with the following output:
Change Dir: /content/root_src_37/root_build/XROOTD-prefix/src/XROOTD-build/CMakeFiles/CMakeTmp

Run Build Command:"/usr/bin/make" "cmTC_9cb1a/fast"
make[3]: Entering directory '/content/root_src_37/root_build/XROOTD-prefix/src/XROOTD-build/CMakeFiles/CMakeTmp'
/usr/bin/make -f CMakeFiles/cmTC_9cb1a.dir/build.make CMakeFiles/cmTC_9cb1a.dir/build
make[4]: Entering directory '/content/root_src_37/root_build/XROOTD-prefix/src/XROOTD-build/CMakeFiles/CMakeTmp'
Building C object CMakeFiles/cmTC_9cb1a.dir/CheckFunctionExists.c.o
/usr/bin/cc   -Wno-implicit-fallthrough -pipe -Wall -W -pthread -DCHECK_FUNCTION_EXISTS=TLSv1_1_method   -o CMakeFiles/cmTC_9cb1a.dir/CheckFunctionExists.c.o   -c /usr/local/lib/python2.7/dist-packages/cmake/data/share/cmake-3.12/Modules/CheckFunctionExists.c
Linking C executable cmTC_9cb1a
/usr/local/lib/python2.7/dist-packages/cmake/data/bin/cmake -E cmake_link_script CMakeFiles/cmTC_9cb1a.dir/link.txt --verbose=1
/usr/bin/cc  -Wno-implicit-fallthrough -pipe -Wall -W -pthread -DCHECK_FUNCTION_EXISTS=TLSv1_1_method    -rdynamic CMakeFiles/cmTC_9cb1a.dir/CheckFunctionExists.c.o  -o cmTC_9cb1a /usr/lib/x86_64-linux-gnu/libssl.so /usr/lib/x86_64-linux-gnu/libcrypto.so 
make[4]: Leaving directory '/content/root_src_37/root_build/XROOTD-prefix/src/XROOTD-build/CMakeFiles/CMakeTmp'
make[3]: Leaving directory '/content/root_src_37/root_build/XROOTD-prefix/src/XROOTD-build/CMakeFiles/CMakeTmp'


Determining if the TLSv1_1_method exist passed with the following output:
Change Dir: /content/root_src_37/root_build/XROOTD-prefix/src/XROOTD-build/CMakeFiles/CMakeTmp

Run Build Command:"/usr/bin/make" "cmTC_e3212/fast"
make[3]: Entering directory '/content/root_src_37/root_build/XROOTD-prefix/src/XROOTD-build/CMakeFiles/CMakeTmp'
/usr/bin/make -f CMakeFiles/cmTC_e3212.dir/build.make CMakeFiles/cmTC_e3212.dir/build
make[4]: Entering directory '/content/root_src_37/root_build/XROOTD-prefix/src/XROOTD-build/CMakeFiles/CMakeTmp'
Building C object CMakeFiles/cmTC_e3212.dir/CheckSymbolExists.c.o
/usr/bin/cc   -Wno-implicit-fallthrough -pipe -Wall -W -pthread    -o CMakeFiles/cmTC_e3212.dir/CheckSymbolExists.c.o   -c /content/root_src_37/root_build/XROOTD-prefix/src/XROOTD-build/CMakeFiles/CMakeTmp/CheckSymbolExists.c
/content/root_src_37/root_build/XROOTD-prefix/src/XROOTD-build/CMakeFiles/CMakeTmp/CheckSymbolExists.c: In function main:
/content/root_src_37/root_build/XROOTD-prefix/src/XROOTD-build/CMakeFiles/CMakeTmp/CheckSymbolExists.c:8:3: warning: TLSv1_1_method is deprecated [-Wdeprecated-declarations]
   return ((int*)(&TLSv1_1_method))[argc];
   ^~~~~~
In file included from /usr/include/openssl/e_os2.h:13:0,
                 from /usr/include/openssl/ssl.h:15,
                 from /content/root_src_37/root_build/XROOTD-prefix/src/XROOTD-build/CMakeFiles/CMakeTmp/CheckSymbolExists.c:2:
/usr/include/openssl/ssl.h:1858:45: note: declared here
 DEPRECATEDIN_1_1_0(__owur const SSL_METHOD *TLSv1_1_method(void)) /* TLSv1.1 */
                                             ^
Linking C executable cmTC_e3212
/usr/local/lib/python2.7/dist-packages/cmake/data/bin/cmake -E cmake_link_script CMakeFiles/cmTC_e3212.dir/link.txt --verbose=1
/usr/bin/cc  -Wno-implicit-fallthrough -pipe -Wall -W -pthread     -rdynamic CMakeFiles/cmTC_e3212.dir/CheckSymbolExists.c.o  -o cmTC_e3212 /usr/lib/x86_64-linux-gnu/libssl.so /usr/lib/x86_64-linux-gnu/libcrypto.so 
make[4]: Leaving directory '/content/root_src_37/root_build/XROOTD-prefix/src/XROOTD-build/CMakeFiles/CMakeTmp'
make[3]: Leaving directory '/content/root_src_37/root_build/XROOTD-prefix/src/XROOTD-build/CMakeFiles/CMakeTmp'

File /content/root_src_37/root_build/XROOTD-prefix/src/XROOTD-build/CMakeFiles/CMakeTmp/CheckSymbolExists.c:
/* */
#include </usr/include/openssl/ssl.h>

int main(int argc, char** argv)
{
  (void)argv;
#ifndef TLSv1_1_method
  return ((int*)(&TLSv1_1_method))[argc];
#else
  (void)argc;
  return 0;
#endif
}

Determining if the function TLSv1_method exists passed with the following output:
Change Dir: /content/root_src_37/root_build/XROOTD-prefix/src/XROOTD-build/CMakeFiles/CMakeTmp

Run Build Command:"/usr/bin/make" "cmTC_f5be7/fast"
make[3]: Entering directory '/content/root_src_37/root_build/XROOTD-prefix/src/XROOTD-build/CMakeFiles/CMakeTmp'
/usr/bin/make -f CMakeFiles/cmTC_f5be7.dir/build.make CMakeFiles/cmTC_f5be7.dir/build
make[4]: Entering directory '/content/root_src_37/root_build/XROOTD-prefix/src/XROOTD-build/CMakeFiles/CMakeTmp'
Building C object CMakeFiles/cmTC_f5be7.dir/CheckFunctionExists.c.o
/usr/bin/cc   -Wno-implicit-fallthrough -pipe -Wall -W -pthread -DCHECK_FUNCTION_EXISTS=TLSv1_method   -o CMakeFiles/cmTC_f5be7.dir/CheckFunctionExists.c.o   -c /usr/local/lib/python2.7/dist-packages/cmake/data/share/cmake-3.12/Modules/CheckFunctionExists.c
Linking C executable cmTC_f5be7
/usr/local/lib/python2.7/dist-packages/cmake/data/bin/cmake -E cmake_link_script CMakeFiles/cmTC_f5be7.dir/link.txt --verbose=1
/usr/bin/cc  -Wno-implicit-fallthrough -pipe -Wall -W -pthread -DCHECK_FUNCTION_EXISTS=TLSv1_method    -rdynamic CMakeFiles/cmTC_f5be7.dir/CheckFunctionExists.c.o  -o cmTC_f5be7 /usr/lib/x86_64-linux-gnu/libssl.so /usr/lib/x86_64-linux-gnu/libcrypto.so 
make[4]: Leaving directory '/content/root_src_37/root_build/XROOTD-prefix/src/XROOTD-build/CMakeFiles/CMakeTmp'
make[3]: Leaving directory '/content/root_src_37/root_build/XROOTD-prefix/src/XROOTD-build/CMakeFiles/CMakeTmp'


Determining if the TLSv1_method exist passed with the following output:
Change Dir: /content/root_src_37/root_build/XROOTD-prefix/src/XROOTD-build/CMakeFiles/CMakeTmp

Run Build Command:"/usr/bin/make" "cmTC_15bf4/fast"
make[3]: Entering directory '/content/root_src_37/root_build/XROOTD-prefix/src/XROOTD-build/CMakeFiles/CMakeTmp'
/usr/bin/make -f CMakeFiles/cmTC_15bf4.dir/build.make CMakeFiles/cmTC_15bf4.dir/build
make[4]: Entering directory '/content/root_src_37/root_build/XROOTD-prefix/src/XROOTD-build/CMakeFiles/CMakeTmp'
Building C object CMakeFiles/cmTC_15bf4.dir/CheckSymbolExists.c.o
/usr/bin/cc   -Wno-implicit-fallthrough -pipe -Wall -W -pthread    -o CMakeFiles/cmTC_15bf4.dir/CheckSymbolExists.c.o   -c /content/root_src_37/root_build/XROOTD-prefix/src/XROOTD-build/CMakeFiles/CMakeTmp/CheckSymbolExists.c
/content/root_src_37/root_build/XROOTD-prefix/src/XROOTD-build/CMakeFiles/CMakeTmp/CheckSymbolExists.c: In function main:
/content/root_src_37/root_build/XROOTD-prefix/src/XROOTD-build/CMakeFiles/CMakeTmp/CheckSymbolExists.c:8:3: warning: TLSv1_method is deprecated [-Wdeprecated-declarations]
   return ((int*)(&TLSv1_method))[argc];
   ^~~~~~
In file included from /usr/include/openssl/e_os2.h:13:0,
                 from /usr/include/openssl/ssl.h:15,
                 from /content/root_src_37/root_build/XROOTD-prefix/src/XROOTD-build/CMakeFiles/CMakeTmp/CheckSymbolExists.c:2:
/usr/include/openssl/ssl.h:1852:45: note: declared here
 DEPRECATEDIN_1_1_0(__owur const SSL_METHOD *TLSv1_method(void)) /* TLSv1.0 */
                                             ^
Linking C executable cmTC_15bf4
/usr/local/lib/python2.7/dist-packages/cmake/data/bin/cmake -E cmake_link_script CMakeFiles/cmTC_15bf4.dir/link.txt --verbose=1
/usr/bin/cc  -Wno-implicit-fallthrough -pipe -Wall -W -pthread     -rdynamic CMakeFiles/cmTC_15bf4.dir/CheckSymbolExists.c.o  -o cmTC_15bf4 /usr/lib/x86_64-linux-gnu/libssl.so /usr/lib/x86_64-linux-gnu/libcrypto.so 
make[4]: Leaving directory '/content/root_src_37/root_build/XROOTD-prefix/src/XROOTD-build/CMakeFiles/CMakeTmp'
make[3]: Leaving directory '/content/root_src_37/root_build/XROOTD-prefix/src/XROOTD-build/CMakeFiles/CMakeTmp'

File /content/root_src_37/root_build/XROOTD-prefix/src/XROOTD-build/CMakeFiles/CMakeTmp/CheckSymbolExists.c:
/* */
#include </usr/include/openssl/ssl.h>

int main(int argc, char** argv)
{
  (void)argv;
#ifndef TLSv1_method
  return ((int*)(&TLSv1_method))[argc];
#else
  (void)argc;
  return 0;
#endif
}

Determining if the function DH_compute_key_padded exists passed with the following output:
Change Dir: /content/root_src_37/root_build/XROOTD-prefix/src/XROOTD-build/CMakeFiles/CMakeTmp

Run Build Command:"/usr/bin/make" "cmTC_b8689/fast"
make[3]: Entering directory '/content/root_src_37/root_build/XROOTD-prefix/src/XROOTD-build/CMakeFiles/CMakeTmp'
/usr/bin/make -f CMakeFiles/cmTC_b8689.dir/build.make CMakeFiles/cmTC_b8689.dir/build
make[4]: Entering directory '/content/root_src_37/root_build/XROOTD-prefix/src/XROOTD-build/CMakeFiles/CMakeTmp'
Building C object CMakeFiles/cmTC_b8689.dir/CheckFunctionExists.c.o
/usr/bin/cc   -Wno-implicit-fallthrough -pipe -Wall -W -pthread -DCHECK_FUNCTION_EXISTS=DH_compute_key_padded   -o CMakeFiles/cmTC_b8689.dir/CheckFunctionExists.c.o   -c /usr/local/lib/python2.7/dist-packages/cmake/data/share/cmake-3.12/Modules/CheckFunctionExists.c
Linking C executable cmTC_b8689
/usr/local/lib/python2.7/dist-packages/cmake/data/bin/cmake -E cmake_link_script CMakeFiles/cmTC_b8689.dir/link.txt --verbose=1
/usr/bin/cc  -Wno-implicit-fallthrough -pipe -Wall -W -pthread -DCHECK_FUNCTION_EXISTS=DH_compute_key_padded    -rdynamic CMakeFiles/cmTC_b8689.dir/CheckFunctionExists.c.o  -o cmTC_b8689 /usr/lib/x86_64-linux-gnu/libssl.so /usr/lib/x86_64-linux-gnu/libcrypto.so 
make[4]: Leaving directory '/content/root_src_37/root_build/XROOTD-prefix/src/XROOTD-build/CMakeFiles/CMakeTmp'
make[3]: Leaving directory '/content/root_src_37/root_build/XROOTD-prefix/src/XROOTD-build/CMakeFiles/CMakeTmp'


Determining if the DH_compute_key_padded exist passed with the following output:
Change Dir: /content/root_src_37/root_build/XROOTD-prefix/src/XROOTD-build/CMakeFiles/CMakeTmp

Run Build Command:"/usr/bin/make" "cmTC_a8eee/fast"
make[3]: Entering directory '/content/root_src_37/root_build/XROOTD-prefix/src/XROOTD-build/CMakeFiles/CMakeTmp'
/usr/bin/make -f CMakeFiles/cmTC_a8eee.dir/build.make CMakeFiles/cmTC_a8eee.dir/build
make[4]: Entering directory '/content/root_src_37/root_build/XROOTD-prefix/src/XROOTD-build/CMakeFiles/CMakeTmp'
Building C object CMakeFiles/cmTC_a8eee.dir/CheckSymbolExists.c.o
/usr/bin/cc   -Wno-implicit-fallthrough -pipe -Wall -W -pthread    -o CMakeFiles/cmTC_a8eee.dir/CheckSymbolExists.c.o   -c /content/root_src_37/root_build/XROOTD-prefix/src/XROOTD-build/CMakeFiles/CMakeTmp/CheckSymbolExists.c
Linking C executable cmTC_a8eee
/usr/local/lib/python2.7/dist-packages/cmake/data/bin/cmake -E cmake_link_script CMakeFiles/cmTC_a8eee.dir/link.txt --verbose=1
/usr/bin/cc  -Wno-implicit-fallthrough -pipe -Wall -W -pthread     -rdynamic CMakeFiles/cmTC_a8eee.dir/CheckSymbolExists.c.o  -o cmTC_a8eee /usr/lib/x86_64-linux-gnu/libssl.so /usr/lib/x86_64-linux-gnu/libcrypto.so 
make[4]: Leaving directory '/content/root_src_37/root_build/XROOTD-prefix/src/XROOTD-build/CMakeFiles/CMakeTmp'
make[3]: Leaving directory '/content/root_src_37/root_build/XROOTD-prefix/src/XROOTD-build/CMakeFiles/CMakeTmp'

File /content/root_src_37/root_build/XROOTD-prefix/src/XROOTD-build/CMakeFiles/CMakeTmp/CheckSymbolExists.c:
/* */
#include </usr/include/openssl/dh.h>

int main(int argc, char** argv)
{
  (void)argv;
#ifndef DH_compute_key_padded
  return ((int*)(&DH_compute_key_padded))[argc];
#else
  (void)argc;
  return 0;
#endif
}

Determining if the function curl_multi_wait exists passed with the following output:
Change Dir: /content/root_src_37/root_build/XROOTD-prefix/src/XROOTD-build/CMakeFiles/CMakeTmp

Run Build Command:"/usr/bin/make" "cmTC_e1c0d/fast"
make[3]: Entering directory '/content/root_src_37/root_build/XROOTD-prefix/src/XROOTD-build/CMakeFiles/CMakeTmp'
/usr/bin/make -f CMakeFiles/cmTC_e1c0d.dir/build.make CMakeFiles/cmTC_e1c0d.dir/build
make[4]: Entering directory '/content/root_src_37/root_build/XROOTD-prefix/src/XROOTD-build/CMakeFiles/CMakeTmp'
Building C object CMakeFiles/cmTC_e1c0d.dir/CheckFunctionExists.c.o
/usr/bin/cc   -Wno-implicit-fallthrough -pipe -Wall -W -pthread -DCHECK_FUNCTION_EXISTS=curl_multi_wait   -o CMakeFiles/cmTC_e1c0d.dir/CheckFunctionExists.c.o   -c /usr/local/lib/python2.7/dist-packages/cmake/data/share/cmake-3.12/Modules/CheckFunctionExists.c
Linking C executable cmTC_e1c0d
/usr/local/lib/python2.7/dist-packages/cmake/data/bin/cmake -E cmake_link_script CMakeFiles/cmTC_e1c0d.dir/link.txt --verbose=1
/usr/bin/cc  -Wno-implicit-fallthrough -pipe -Wall -W -pthread -DCHECK_FUNCTION_EXISTS=curl_multi_wait    -rdynamic CMakeFiles/cmTC_e1c0d.dir/CheckFunctionExists.c.o  -o cmTC_e1c0d /usr/lib/x86_64-linux-gnu/libcurl.so 
make[4]: Leaving directory '/content/root_src_37/root_build/XROOTD-prefix/src/XROOTD-build/CMakeFiles/CMakeTmp'
make[3]: Leaving directory '/content/root_src_37/root_build/XROOTD-prefix/src/XROOTD-build/CMakeFiles/CMakeTmp'


Performing C SOURCE FILE Test CURL_PIPELINING succeeded with the following output:
Change Dir: /content/root_src_37/root_build/XROOTD-prefix/src/XROOTD-build/CMakeFiles/CMakeTmp

Run Build Command:"/usr/bin/make" "cmTC_2ebbf/fast"
make[3]: Entering directory '/content/root_src_37/root_build/XROOTD-prefix/src/XROOTD-build/CMakeFiles/CMakeTmp'
/usr/bin/make -f CMakeFiles/cmTC_2ebbf.dir/build.make CMakeFiles/cmTC_2ebbf.dir/build
make[4]: Entering directory '/content/root_src_37/root_build/XROOTD-prefix/src/XROOTD-build/CMakeFiles/CMakeTmp'
Building C object CMakeFiles/cmTC_2ebbf.dir/src.c.o
/usr/bin/cc  -I/usr/include/x86_64-linux-gnu  -Wno-implicit-fallthrough -pipe -Wall -W -pthread -DCURL_PIPELINING   -o CMakeFiles/cmTC_2ebbf.dir/src.c.o   -c /content/root_src_37/root_build/XROOTD-prefix/src/XROOTD-build/CMakeFiles/CMakeTmp/src.c
/content/root_src_37/root_build/XROOTD-prefix/src/XROOTD-build/CMakeFiles/CMakeTmp/src.c: In function main:
/content/root_src_37/root_build/XROOTD-prefix/src/XROOTD-build/CMakeFiles/CMakeTmp/src.c:6:9: warning: unused variable foo [-Wunused-variable]
     int foo = CURLMOPT_MAX_HOST_CONNECTIONS;
         ^~~
/content/root_src_37/root_build/XROOTD-prefix/src/XROOTD-build/CMakeFiles/CMakeTmp/src.c:3:16: warning: unused parameter argc [-Wunused-parameter]
   int main(int argc, char** argv)
                ^~~~
Linking C executable cmTC_2ebbf
/usr/local/lib/python2.7/dist-packages/cmake/data/bin/cmake -E cmake_link_script CMakeFiles/cmTC_2ebbf.dir/link.txt --verbose=1
/usr/bin/cc  -Wno-implicit-fallthrough -pipe -Wall -W -pthread -DCURL_PIPELINING    -rdynamic CMakeFiles/cmTC_2ebbf.dir/src.c.o  -o cmTC_2ebbf /usr/lib/x86_64-linux-gnu/libcurl.so 
make[4]: Leaving directory '/content/root_src_37/root_build/XROOTD-prefix/src/XROOTD-build/CMakeFiles/CMakeTmp'
make[3]: Leaving directory '/content/root_src_37/root_build/XROOTD-prefix/src/XROOTD-build/CMakeFiles/CMakeTmp'

Source file was:
#include <curl/multi.h>

  int main(int argc, char** argv)
  {
    (void)argv;
    int foo = CURLMOPT_MAX_HOST_CONNECTIONS;
    return 0;
  }
  
