-- Downloading...
   dst='/content/root_src_37/root_build/VDT-prefix/src/vdt-0.4.3.tar.gz'
   timeout='none'
-- Using src='http://lcgpackages.web.cern.ch/lcgpackages/tarFiles/sources/vdt-0.4.3.tar.gz'
-- [download 100% complete]
-- [download 23% complete]
-- [download 30% complete]
-- [download 32% complete]
-- [download 35% complete]
-- [download 44% complete]
-- [download 51% complete]
-- [download 77% complete]
-- [download 81% complete]
-- [download 100% complete]
-- verifying file...
       file='/content/root_src_37/root_build/VDT-prefix/src/vdt-0.4.3.tar.gz'
-- Downloading... done
-- extracting...
     src='/content/root_src_37/root_build/VDT-prefix/src/vdt-0.4.3.tar.gz'
     dst='/content/root_src_37/root_build/VDT-prefix/src/VDT'
-- extracting... [tar xfz]
-- extracting... [analysis]
-- extracting... [rename]
-- extracting... [clean up]
-- extracting... done
